v ATLAS
# This file was created by ATLAS version 5.26.1.R on Wed Oct 13 20:07:41 2021.
#SSF 2.0 generic
##############################################################################
#                    Copyright (c) 1984 - 2018                               #
#                    Silvaco Inc. All rights reserved                        #
#                                                                            #
# This file format and the following Key are copyright Silvaco Inc.          #
# You may not use, this format or key without reproducing this message in    #
# full and obtaining express written permission from Silvaco Inc.            #
#                                                                            #
# To obtain such permission please contact: Silvaco Inc.                     #
#                                           support@silvaco.com              #
#                                                                            #
# KEY=SVC86hn7562asdx                       PROD=345                         #
##############################################################################
y 1 15
z 300
f 3 "emitter" "base" "collector" 
p 9 2 601 20 3 602 21 4 603 22 
d 0.000000000e+000 0.000000000e+000 0.000000000e+000 2.000000000e-001 2.000000000e-001 8.295535776e-013 0.000000000e+000 0.000000000e+000 -8.295534572e-013 
d 0.000000000e+000 0.000000000e+000 0.000000000e+000 2.000000000e-001 2.000000000e-001 1.790851278e-013 5.000000000e-002 5.000000000e-002 -1.791355119e-013 
d 0.000000000e+000 0.000000000e+000 0.000000000e+000 2.000000000e-001 2.000000000e-001 4.586940429e-014 1.000000000e-001 1.000000000e-001 -4.586939603e-014 
d 0.000000000e+000 0.000000000e+000 0.000000000e+000 2.000000000e-001 2.000000000e-001 1.254063600e-014 1.500000000e-001 1.500000000e-001 -1.253920887e-014 
d 0.000000000e+000 0.000000000e+000 0.000000000e+000 2.000000000e-001 2.000000000e-001 2.599630383e-018 2.000000000e-001 2.000000000e-001 -7.873249462e-020 
d 0.000000000e+000 0.000000000e+000 0.000000000e+000 2.000000000e-001 2.000000000e-001 -8.992470050e-015 2.500000000e-001 2.500000000e-001 8.995370651e-015 
