v ATLAS
# This file was created by ATLAS version 5.26.1.R on Wed Dec 29 17:07:30 2021.
#SSF 2.0 generic
##############################################################################
#                    Copyright (c) 1984 - 2018                               #
#                    Silvaco Inc. All rights reserved                        #
#                                                                            #
# This file format and the following Key are copyright Silvaco Inc.          #
# You may not use, this format or key without reproducing this message in    #
# full and obtaining express written permission from Silvaco Inc.            #
#                                                                            #
# To obtain such permission please contact: Silvaco Inc.                     #
#                                           support@silvaco.com              #
#                                                                            #
# KEY=SVC86hn7562asdx                       PROD=345                         #
##############################################################################
y 3 700 711 15
z 1 1e+041 300
f 2 "gate" "substrate" 
p 8 2 601 20 3 602 21 2229 1045000 
d -3.000000000e+000 -3.000000000e+000 0.000000000e+000 0.000000000e+000 0.000000000e+000 0.000000000e+000 0.000000000e+000 0.000000000e+000 
d -2.970000000e+000 -2.970000000e+000 0.000000000e+000 0.000000000e+000 0.000000000e+000 0.000000000e+000 1.533329527e-014 1.533329527e-014 
d -2.940000000e+000 -2.940000000e+000 0.000000000e+000 0.000000000e+000 0.000000000e+000 0.000000000e+000 1.531968921e-014 1.531968921e-014 
d -2.910000000e+000 -2.910000000e+000 0.000000000e+000 0.000000000e+000 0.000000000e+000 0.000000000e+000 1.531604372e-014 1.531604372e-014 
d -2.880000000e+000 -2.880000000e+000 0.000000000e+000 0.000000000e+000 0.000000000e+000 0.000000000e+000 1.530885173e-014 1.530885173e-014 
d -2.850000000e+000 -2.850000000e+000 0.000000000e+000 0.000000000e+000 0.000000000e+000 0.000000000e+000 1.530148016e-014 1.530148016e-014 
d -2.820000000e+000 -2.820000000e+000 0.000000000e+000 0.000000000e+000 0.000000000e+000 0.000000000e+000 1.529392054e-014 1.529392054e-014 
d -2.790000000e+000 -2.790000000e+000 0.000000000e+000 0.000000000e+000 0.000000000e+000 0.000000000e+000 1.528616384e-014 1.528616384e-014 
d -2.760000000e+000 -2.760000000e+000 0.000000000e+000 0.000000000e+000 0.000000000e+000 0.000000000e+000 1.527820036e-014 1.527820036e-014 
d -2.730000000e+000 -2.730000000e+000 0.000000000e+000 0.000000000e+000 0.000000000e+000 0.000000000e+000 1.527001973e-014 1.527001973e-014 
d -2.700000000e+000 -2.700000000e+000 0.000000000e+000 0.000000000e+000 0.000000000e+000 0.000000000e+000 1.526161083e-014 1.526161083e-014 
d -2.670000000e+000 -2.670000000e+000 0.000000000e+000 0.000000000e+000 0.000000000e+000 0.000000000e+000 1.525296169e-014 1.525296169e-014 
d -2.640000000e+000 -2.640000000e+000 0.000000000e+000 0.000000000e+000 0.000000000e+000 0.000000000e+000 1.524405945e-014 1.524405945e-014 
d -2.610000000e+000 -2.610000000e+000 0.000000000e+000 0.000000000e+000 0.000000000e+000 0.000000000e+000 1.523489024e-014 1.523489024e-014 
d -2.580000000e+000 -2.580000000e+000 0.000000000e+000 0.000000000e+000 0.000000000e+000 0.000000000e+000 1.522543909e-014 1.522543909e-014 
d -2.550000000e+000 -2.550000000e+000 0.000000000e+000 0.000000000e+000 0.000000000e+000 0.000000000e+000 1.521568982e-014 1.521568982e-014 
d -2.520000000e+000 -2.520000000e+000 0.000000000e+000 0.000000000e+000 0.000000000e+000 0.000000000e+000 1.520562493e-014 1.520562493e-014 
d -2.490000000e+000 -2.490000000e+000 0.000000000e+000 0.000000000e+000 0.000000000e+000 0.000000000e+000 1.519522540e-014 1.519522540e-014 
d -2.460000000e+000 -2.460000000e+000 0.000000000e+000 0.000000000e+000 0.000000000e+000 0.000000000e+000 1.518447061e-014 1.518447061e-014 
d -2.430000000e+000 -2.430000000e+000 0.000000000e+000 0.000000000e+000 0.000000000e+000 0.000000000e+000 1.517333807e-014 1.517333807e-014 
d -2.400000000e+000 -2.400000000e+000 0.000000000e+000 0.000000000e+000 0.000000000e+000 0.000000000e+000 1.516180328e-014 1.516180328e-014 
d -2.370000000e+000 -2.370000000e+000 0.000000000e+000 0.000000000e+000 0.000000000e+000 0.000000000e+000 1.514983947e-014 1.514983947e-014 
d -2.340000000e+000 -2.340000000e+000 0.000000000e+000 0.000000000e+000 0.000000000e+000 0.000000000e+000 1.513741731e-014 1.513741731e-014 
d -2.310000000e+000 -2.310000000e+000 0.000000000e+000 0.000000000e+000 0.000000000e+000 0.000000000e+000 1.512450463e-014 1.512450463e-014 
d -2.280000000e+000 -2.280000000e+000 0.000000000e+000 0.000000000e+000 0.000000000e+000 0.000000000e+000 1.511106603e-014 1.511106603e-014 
d -2.250000000e+000 -2.250000000e+000 0.000000000e+000 0.000000000e+000 0.000000000e+000 0.000000000e+000 1.509706250e-014 1.509706250e-014 
d -2.220000000e+000 -2.220000000e+000 0.000000000e+000 0.000000000e+000 0.000000000e+000 0.000000000e+000 1.508245095e-014 1.508245095e-014 
d -2.190000000e+000 -2.190000000e+000 0.000000000e+000 0.000000000e+000 0.000000000e+000 0.000000000e+000 1.506718362e-014 1.506718362e-014 
d -2.160000000e+000 -2.160000000e+000 0.000000000e+000 0.000000000e+000 0.000000000e+000 0.000000000e+000 1.505120748e-014 1.505120748e-014 
d -2.130000000e+000 -2.130000000e+000 0.000000000e+000 0.000000000e+000 0.000000000e+000 0.000000000e+000 1.503446348e-014 1.503446348e-014 
d -2.100000000e+000 -2.100000000e+000 0.000000000e+000 0.000000000e+000 0.000000000e+000 0.000000000e+000 1.501688565e-014 1.501688565e-014 
d -2.070000000e+000 -2.070000000e+000 0.000000000e+000 0.000000000e+000 0.000000000e+000 0.000000000e+000 1.499840013e-014 1.499840013e-014 
d -2.040000000e+000 -2.040000000e+000 0.000000000e+000 0.000000000e+000 0.000000000e+000 0.000000000e+000 1.497892392e-014 1.497892392e-014 
d -2.010000000e+000 -2.010000000e+000 0.000000000e+000 0.000000000e+000 0.000000000e+000 0.000000000e+000 1.495836345e-014 1.495836345e-014 
d -1.980000000e+000 -1.980000000e+000 0.000000000e+000 0.000000000e+000 0.000000000e+000 0.000000000e+000 1.493661291e-014 1.493661291e-014 
d -1.950000000e+000 -1.950000000e+000 0.000000000e+000 0.000000000e+000 0.000000000e+000 0.000000000e+000 1.491355225e-014 1.491355225e-014 
d -1.920000000e+000 -1.920000000e+000 0.000000000e+000 0.000000000e+000 0.000000000e+000 0.000000000e+000 1.488904466e-014 1.488904466e-014 
d -1.890000000e+000 -1.890000000e+000 0.000000000e+000 0.000000000e+000 0.000000000e+000 0.000000000e+000 1.486293378e-014 1.486293378e-014 
d -1.860000000e+000 -1.860000000e+000 0.000000000e+000 0.000000000e+000 0.000000000e+000 0.000000000e+000 1.483504008e-014 1.483504008e-014 
d -1.830000000e+000 -1.830000000e+000 0.000000000e+000 0.000000000e+000 0.000000000e+000 0.000000000e+000 1.480515662e-014 1.480515662e-014 
d -1.800000000e+000 -1.800000000e+000 0.000000000e+000 0.000000000e+000 0.000000000e+000 0.000000000e+000 1.477304383e-014 1.477304383e-014 
d -1.770000000e+000 -1.770000000e+000 0.000000000e+000 0.000000000e+000 0.000000000e+000 0.000000000e+000 1.473842312e-014 1.473842312e-014 
d -1.740000000e+000 -1.740000000e+000 0.000000000e+000 0.000000000e+000 0.000000000e+000 0.000000000e+000 1.470096904e-014 1.470096904e-014 
d -1.710000000e+000 -1.710000000e+000 0.000000000e+000 0.000000000e+000 0.000000000e+000 0.000000000e+000 1.466029950e-014 1.466029950e-014 
d -1.680000000e+000 -1.680000000e+000 0.000000000e+000 0.000000000e+000 0.000000000e+000 0.000000000e+000 1.461596377e-014 1.461596377e-014 
d -1.650000000e+000 -1.650000000e+000 0.000000000e+000 0.000000000e+000 0.000000000e+000 0.000000000e+000 1.456742742e-014 1.456742742e-014 
d -1.620000000e+000 -1.620000000e+000 0.000000000e+000 0.000000000e+000 0.000000000e+000 0.000000000e+000 1.451405356e-014 1.451405356e-014 
d -1.590000000e+000 -1.590000000e+000 0.000000000e+000 0.000000000e+000 0.000000000e+000 0.000000000e+000 1.445507927e-014 1.445507927e-014 
d -1.560000000e+000 -1.560000000e+000 0.000000000e+000 0.000000000e+000 0.000000000e+000 0.000000000e+000 1.438958609e-014 1.438958609e-014 
d -1.530000000e+000 -1.530000000e+000 0.000000000e+000 0.000000000e+000 0.000000000e+000 0.000000000e+000 1.431646299e-014 1.431646299e-014 
d -1.500000000e+000 -1.500000000e+000 0.000000000e+000 0.000000000e+000 0.000000000e+000 0.000000000e+000 1.423436004e-014 1.423436004e-014 
d -1.470000000e+000 -1.470000000e+000 0.000000000e+000 0.000000000e+000 0.000000000e+000 0.000000000e+000 1.414163096e-014 1.414163096e-014 
d -1.440000000e+000 -1.440000000e+000 0.000000000e+000 0.000000000e+000 0.000000000e+000 0.000000000e+000 1.403626254e-014 1.403626254e-014 
d -1.410000000e+000 -1.410000000e+000 0.000000000e+000 0.000000000e+000 0.000000000e+000 0.000000000e+000 1.391579004e-014 1.391579004e-014 
d -1.380000000e+000 -1.380000000e+000 0.000000000e+000 0.000000000e+000 0.000000000e+000 0.000000000e+000 1.377719910e-014 1.377719910e-014 
d -1.350000000e+000 -1.350000000e+000 0.000000000e+000 0.000000000e+000 0.000000000e+000 0.000000000e+000 1.361681937e-014 1.361681937e-014 
d -1.320000000e+000 -1.320000000e+000 0.000000000e+000 0.000000000e+000 0.000000000e+000 0.000000000e+000 1.343022254e-014 1.343022254e-014 
d -1.290000000e+000 -1.290000000e+000 0.000000000e+000 0.000000000e+000 0.000000000e+000 0.000000000e+000 1.321215205e-014 1.321215205e-014 
d -1.260000000e+000 -1.260000000e+000 0.000000000e+000 0.000000000e+000 0.000000000e+000 0.000000000e+000 1.295653435e-014 1.295653435e-014 
d -1.230000000e+000 -1.230000000e+000 0.000000000e+000 0.000000000e+000 0.000000000e+000 0.000000000e+000 1.265665448e-014 1.265665448e-014 
d -1.200000000e+000 -1.200000000e+000 0.000000000e+000 0.000000000e+000 0.000000000e+000 0.000000000e+000 1.230561712e-014 1.230561712e-014 
d -1.170000000e+000 -1.170000000e+000 0.000000000e+000 0.000000000e+000 0.000000000e+000 0.000000000e+000 1.189724099e-014 1.189724099e-014 
d -1.140000000e+000 -1.140000000e+000 0.000000000e+000 0.000000000e+000 0.000000000e+000 0.000000000e+000 1.142750691e-014 1.142750691e-014 
d -1.110000000e+000 -1.110000000e+000 0.000000000e+000 0.000000000e+000 0.000000000e+000 0.000000000e+000 1.089652911e-014 1.089652911e-014 
d -1.080000000e+000 -1.080000000e+000 0.000000000e+000 0.000000000e+000 0.000000000e+000 0.000000000e+000 1.031067858e-014 1.031067858e-014 
d -1.050000000e+000 -1.050000000e+000 0.000000000e+000 0.000000000e+000 0.000000000e+000 0.000000000e+000 9.684006103e-015 9.684006103e-015 
d -1.020000000e+000 -1.020000000e+000 0.000000000e+000 0.000000000e+000 0.000000000e+000 0.000000000e+000 9.032878432e-015 9.032878432e-015 
d -9.900000000e-001 -9.900000000e-001 0.000000000e+000 0.000000000e+000 0.000000000e+000 0.000000000e+000 8.399987309e-015 8.399987309e-015 
d -9.600000000e-001 -9.600000000e-001 0.000000000e+000 0.000000000e+000 0.000000000e+000 0.000000000e+000 7.789483753e-015 7.789483753e-015 
d -9.300000000e-001 -9.300000000e-001 0.000000000e+000 0.000000000e+000 0.000000000e+000 0.000000000e+000 7.228980190e-015 7.228980190e-015 
d -9.000000000e-001 -9.000000000e-001 0.000000000e+000 0.000000000e+000 0.000000000e+000 0.000000000e+000 6.728926405e-015 6.728926405e-015 
d -8.700000000e-001 -8.700000000e-001 0.000000000e+000 0.000000000e+000 0.000000000e+000 0.000000000e+000 6.291462288e-015 6.291462288e-015 
d -8.400000000e-001 -8.400000000e-001 0.000000000e+000 0.000000000e+000 0.000000000e+000 0.000000000e+000 5.912784607e-015 5.912784607e-015 
d -8.100000000e-001 -8.100000000e-001 0.000000000e+000 0.000000000e+000 0.000000000e+000 0.000000000e+000 5.585971808e-015 5.585971808e-015 
d -7.800000000e-001 -7.800000000e-001 0.000000000e+000 0.000000000e+000 0.000000000e+000 0.000000000e+000 5.303204245e-015 5.303204245e-015 
d -7.500000000e-001 -7.500000000e-001 0.000000000e+000 0.000000000e+000 0.000000000e+000 0.000000000e+000 5.057081596e-015 5.057081596e-015 
d -7.200000000e-001 -7.200000000e-001 0.000000000e+000 0.000000000e+000 0.000000000e+000 0.000000000e+000 4.841200978e-015 4.841200978e-015 
d -6.900000000e-001 -6.900000000e-001 0.000000000e+000 0.000000000e+000 0.000000000e+000 0.000000000e+000 4.650282051e-015 4.650282051e-015 
d -6.600000000e-001 -6.600000000e-001 0.000000000e+000 0.000000000e+000 0.000000000e+000 0.000000000e+000 4.480073458e-015 4.480073458e-015 
d -6.300000000e-001 -6.300000000e-001 0.000000000e+000 0.000000000e+000 0.000000000e+000 0.000000000e+000 4.327183785e-015 4.327183785e-015 
d -6.000000000e-001 -6.000000000e-001 0.000000000e+000 0.000000000e+000 0.000000000e+000 0.000000000e+000 4.188908058e-015 4.188908058e-015 
d -5.700000000e-001 -5.700000000e-001 0.000000000e+000 0.000000000e+000 0.000000000e+000 0.000000000e+000 4.063077617e-015 4.063077617e-015 
d -5.400000000e-001 -5.400000000e-001 0.000000000e+000 0.000000000e+000 0.000000000e+000 0.000000000e+000 3.947939780e-015 3.947939780e-015 
d -5.100000000e-001 -5.100000000e-001 0.000000000e+000 0.000000000e+000 0.000000000e+000 0.000000000e+000 3.842064840e-015 3.842064840e-015 
d -4.800000000e-001 -4.800000000e-001 0.000000000e+000 0.000000000e+000 0.000000000e+000 0.000000000e+000 3.744275333e-015 3.744275333e-015 
d -4.500000000e-001 -4.500000000e-001 0.000000000e+000 0.000000000e+000 0.000000000e+000 0.000000000e+000 3.653592439e-015 3.653592439e-015 
d -4.200000000e-001 -4.200000000e-001 0.000000000e+000 0.000000000e+000 0.000000000e+000 0.000000000e+000 3.569195267e-015 3.569195267e-015 
d -3.900000000e-001 -3.900000000e-001 0.000000000e+000 0.000000000e+000 0.000000000e+000 0.000000000e+000 3.490389698e-015 3.490389698e-015 
d -3.600000000e-001 -3.600000000e-001 0.000000000e+000 0.000000000e+000 0.000000000e+000 0.000000000e+000 3.416584359e-015 3.416584359e-015 
d -3.300000000e-001 -3.300000000e-001 0.000000000e+000 0.000000000e+000 0.000000000e+000 0.000000000e+000 3.347271906e-015 3.347271906e-015 
d -3.000000000e-001 -3.000000000e-001 0.000000000e+000 0.000000000e+000 0.000000000e+000 0.000000000e+000 3.282014344e-015 3.282014344e-015 
d -2.700000000e-001 -2.700000000e-001 0.000000000e+000 0.000000000e+000 0.000000000e+000 0.000000000e+000 3.220431435e-015 3.220431435e-015 
d -2.400000000e-001 -2.400000000e-001 0.000000000e+000 0.000000000e+000 0.000000000e+000 0.000000000e+000 3.162191630e-015 3.162191630e-015 
d -2.100000000e-001 -2.100000000e-001 0.000000000e+000 0.000000000e+000 0.000000000e+000 0.000000000e+000 3.107005257e-015 3.107005257e-015 
d -1.800000000e-001 -1.800000000e-001 0.000000000e+000 0.000000000e+000 0.000000000e+000 0.000000000e+000 3.054620352e-015 3.054620352e-015 
d -1.500000000e-001 -1.500000000e-001 0.000000000e+000 0.000000000e+000 0.000000000e+000 0.000000000e+000 3.004822778e-015 3.004822778e-015 
d -1.200000000e-001 -1.200000000e-001 0.000000000e+000 0.000000000e+000 0.000000000e+000 0.000000000e+000 2.957445573e-015 2.957445573e-015 
d -9.000000000e-002 -9.000000000e-002 0.000000000e+000 0.000000000e+000 0.000000000e+000 0.000000000e+000 2.912400855e-015 2.912400855e-015 
d -6.000000000e-002 -6.000000000e-002 0.000000000e+000 0.000000000e+000 0.000000000e+000 0.000000000e+000 2.869769685e-015 2.869769685e-015 
d -3.000000000e-002 -3.000000000e-002 0.000000000e+000 0.000000000e+000 0.000000000e+000 0.000000000e+000 2.830043338e-015 2.830043338e-015 
d -4.178944058e-015 -4.178944058e-015 0.000000000e+000 0.000000000e+000 0.000000000e+000 0.000000000e+000 2.794761711e-015 2.794761711e-015 
d 3.000000000e-002 3.000000000e-002 0.000000000e+000 0.000000000e+000 0.000000000e+000 0.000000000e+000 2.768189445e-015 2.768189445e-015 
d 6.000000000e-002 6.000000000e-002 0.000000000e+000 0.000000000e+000 0.000000000e+000 0.000000000e+000 2.761655600e-015 2.761655600e-015 
d 9.000000000e-002 9.000000000e-002 0.000000000e+000 0.000000000e+000 0.000000000e+000 0.000000000e+000 2.804372674e-015 2.804372674e-015 
d 1.200000000e-001 1.200000000e-001 0.000000000e+000 0.000000000e+000 0.000000000e+000 0.000000000e+000 2.967665890e-015 2.967665890e-015 
d 1.500000000e-001 1.500000000e-001 0.000000000e+000 0.000000000e+000 0.000000000e+000 0.000000000e+000 3.402641881e-015 3.402641881e-015 
d 1.800000000e-001 1.800000000e-001 0.000000000e+000 0.000000000e+000 0.000000000e+000 0.000000000e+000 4.340418829e-015 4.340418829e-015 
d 2.100000000e-001 2.100000000e-001 0.000000000e+000 0.000000000e+000 0.000000000e+000 0.000000000e+000 5.895075094e-015 5.895075094e-015 
d 2.400000000e-001 2.400000000e-001 0.000000000e+000 0.000000000e+000 0.000000000e+000 0.000000000e+000 7.785956488e-015 7.785956488e-015 
d 2.700000000e-001 2.700000000e-001 0.000000000e+000 0.000000000e+000 0.000000000e+000 0.000000000e+000 9.539525360e-015 9.539525360e-015 
d 3.000000000e-001 3.000000000e-001 0.000000000e+000 0.000000000e+000 0.000000000e+000 0.000000000e+000 1.091581028e-014 1.091581028e-014 
d 3.300000000e-001 3.300000000e-001 0.000000000e+000 0.000000000e+000 0.000000000e+000 0.000000000e+000 1.192520890e-014 1.192520890e-014 
d 3.600000000e-001 3.600000000e-001 0.000000000e+000 0.000000000e+000 0.000000000e+000 0.000000000e+000 1.265829860e-014 1.265829860e-014 
d 3.900000000e-001 3.900000000e-001 0.000000000e+000 0.000000000e+000 0.000000000e+000 0.000000000e+000 1.319886530e-014 1.319886530e-014 
d 4.200000000e-001 4.200000000e-001 0.000000000e+000 0.000000000e+000 0.000000000e+000 0.000000000e+000 1.360685511e-014 1.360685511e-014 
d 4.500000000e-001 4.500000000e-001 0.000000000e+000 0.000000000e+000 0.000000000e+000 0.000000000e+000 1.392233986e-014 1.392233986e-014 
d 4.800000000e-001 4.800000000e-001 0.000000000e+000 0.000000000e+000 0.000000000e+000 0.000000000e+000 1.417187091e-014 1.417187091e-014 
d 5.100000000e-001 5.100000000e-001 0.000000000e+000 0.000000000e+000 0.000000000e+000 0.000000000e+000 1.437326662e-014 1.437326662e-014 
d 5.400000000e-001 5.400000000e-001 0.000000000e+000 0.000000000e+000 0.000000000e+000 0.000000000e+000 1.453863034e-014 1.453863034e-014 
d 5.700000000e-001 5.700000000e-001 0.000000000e+000 0.000000000e+000 0.000000000e+000 0.000000000e+000 1.467684565e-014 1.467684565e-014 
d 6.000000000e-001 6.000000000e-001 0.000000000e+000 0.000000000e+000 0.000000000e+000 0.000000000e+000 1.479364671e-014 1.479364671e-014 
d 6.300000000e-001 6.300000000e-001 0.000000000e+000 0.000000000e+000 0.000000000e+000 0.000000000e+000 1.489365500e-014 1.489365500e-014 
d 6.600000000e-001 6.600000000e-001 0.000000000e+000 0.000000000e+000 0.000000000e+000 0.000000000e+000 1.498019687e-014 1.498019687e-014 
d 6.900000000e-001 6.900000000e-001 0.000000000e+000 0.000000000e+000 0.000000000e+000 0.000000000e+000 1.505579584e-014 1.505579584e-014 
d 7.200000000e-001 7.200000000e-001 0.000000000e+000 0.000000000e+000 0.000000000e+000 0.000000000e+000 1.512240163e-014 1.512240163e-014 
d 7.500000000e-001 7.500000000e-001 0.000000000e+000 0.000000000e+000 0.000000000e+000 0.000000000e+000 1.518152242e-014 1.518152242e-014 
d 7.800000000e-001 7.800000000e-001 0.000000000e+000 0.000000000e+000 0.000000000e+000 0.000000000e+000 1.523435741e-014 1.523435741e-014 
d 8.100000000e-001 8.100000000e-001 0.000000000e+000 0.000000000e+000 0.000000000e+000 0.000000000e+000 1.528186635e-014 1.528186635e-014 
d 8.400000000e-001 8.400000000e-001 0.000000000e+000 0.000000000e+000 0.000000000e+000 0.000000000e+000 1.532482564e-014 1.532482564e-014 
d 8.700000000e-001 8.700000000e-001 0.000000000e+000 0.000000000e+000 0.000000000e+000 0.000000000e+000 1.536386955e-014 1.536386955e-014 
d 9.000000000e-001 9.000000000e-001 0.000000000e+000 0.000000000e+000 0.000000000e+000 0.000000000e+000 1.539952096e-014 1.539952096e-014 
d 9.300000000e-001 9.300000000e-001 0.000000000e+000 0.000000000e+000 0.000000000e+000 0.000000000e+000 1.543221451e-014 1.543221451e-014 
d 9.600000000e-001 9.600000000e-001 0.000000000e+000 0.000000000e+000 0.000000000e+000 0.000000000e+000 1.546231427e-014 1.546231427e-014 
d 9.900000000e-001 9.900000000e-001 0.000000000e+000 0.000000000e+000 0.000000000e+000 0.000000000e+000 1.549012733e-014 1.549012733e-014 
d 1.020000000e+000 1.020000000e+000 0.000000000e+000 0.000000000e+000 0.000000000e+000 0.000000000e+000 1.551591448e-014 1.551591448e-014 
d 1.050000000e+000 1.050000000e+000 0.000000000e+000 0.000000000e+000 0.000000000e+000 0.000000000e+000 1.553989848e-014 1.553989848e-014 
d 1.080000000e+000 1.080000000e+000 0.000000000e+000 0.000000000e+000 0.000000000e+000 0.000000000e+000 1.556227076e-014 1.556227076e-014 
d 1.110000000e+000 1.110000000e+000 0.000000000e+000 0.000000000e+000 0.000000000e+000 0.000000000e+000 1.558319662e-014 1.558319662e-014 
d 1.140000000e+000 1.140000000e+000 0.000000000e+000 0.000000000e+000 0.000000000e+000 0.000000000e+000 1.560281958e-014 1.560281958e-014 
d 1.170000000e+000 1.170000000e+000 0.000000000e+000 0.000000000e+000 0.000000000e+000 0.000000000e+000 1.562126479e-014 1.562126479e-014 
d 1.200000000e+000 1.200000000e+000 0.000000000e+000 0.000000000e+000 0.000000000e+000 0.000000000e+000 1.563864186e-014 1.563864186e-014 
d 1.230000000e+000 1.230000000e+000 0.000000000e+000 0.000000000e+000 0.000000000e+000 0.000000000e+000 1.565504719e-014 1.565504719e-014 
d 1.260000000e+000 1.260000000e+000 0.000000000e+000 0.000000000e+000 0.000000000e+000 0.000000000e+000 1.567056590e-014 1.567056590e-014 
d 1.290000000e+000 1.290000000e+000 0.000000000e+000 0.000000000e+000 0.000000000e+000 0.000000000e+000 1.568527341e-014 1.568527341e-014 
d 1.320000000e+000 1.320000000e+000 0.000000000e+000 0.000000000e+000 0.000000000e+000 0.000000000e+000 1.569923677e-014 1.569923677e-014 
d 1.350000000e+000 1.350000000e+000 0.000000000e+000 0.000000000e+000 0.000000000e+000 0.000000000e+000 1.571251581e-014 1.571251581e-014 
d 1.380000000e+000 1.380000000e+000 0.000000000e+000 0.000000000e+000 0.000000000e+000 0.000000000e+000 1.572516407e-014 1.572516407e-014 
d 1.410000000e+000 1.410000000e+000 0.000000000e+000 0.000000000e+000 0.000000000e+000 0.000000000e+000 1.573722960e-014 1.573722960e-014 
d 1.440000000e+000 1.440000000e+000 0.000000000e+000 0.000000000e+000 0.000000000e+000 0.000000000e+000 1.574875562e-014 1.574875562e-014 
d 1.470000000e+000 1.470000000e+000 0.000000000e+000 0.000000000e+000 0.000000000e+000 0.000000000e+000 1.575978118e-014 1.575978118e-014 
d 1.500000000e+000 1.500000000e+000 0.000000000e+000 0.000000000e+000 0.000000000e+000 0.000000000e+000 1.577034156e-014 1.577034156e-014 
d 1.530000000e+000 1.530000000e+000 0.000000000e+000 0.000000000e+000 0.000000000e+000 0.000000000e+000 1.578046879e-014 1.578046879e-014 
d 1.560000000e+000 1.560000000e+000 0.000000000e+000 0.000000000e+000 0.000000000e+000 0.000000000e+000 1.579019195e-014 1.579019195e-014 
d 1.590000000e+000 1.590000000e+000 0.000000000e+000 0.000000000e+000 0.000000000e+000 0.000000000e+000 1.579953758e-014 1.579953758e-014 
d 1.620000000e+000 1.620000000e+000 0.000000000e+000 0.000000000e+000 0.000000000e+000 0.000000000e+000 1.580852986e-014 1.580852986e-014 
d 1.650000000e+000 1.650000000e+000 0.000000000e+000 0.000000000e+000 0.000000000e+000 0.000000000e+000 1.581719093e-014 1.581719093e-014 
d 1.680000000e+000 1.680000000e+000 0.000000000e+000 0.000000000e+000 0.000000000e+000 0.000000000e+000 1.582554109e-014 1.582554109e-014 
d 1.710000000e+000 1.710000000e+000 0.000000000e+000 0.000000000e+000 0.000000000e+000 0.000000000e+000 1.583359897e-014 1.583359897e-014 
d 1.740000000e+000 1.740000000e+000 0.000000000e+000 0.000000000e+000 0.000000000e+000 0.000000000e+000 1.584138171e-014 1.584138171e-014 
d 1.770000000e+000 1.770000000e+000 0.000000000e+000 0.000000000e+000 0.000000000e+000 0.000000000e+000 1.584890511e-014 1.584890511e-014 
d 1.800000000e+000 1.800000000e+000 0.000000000e+000 0.000000000e+000 0.000000000e+000 0.000000000e+000 1.585618373e-014 1.585618373e-014 
d 1.830000000e+000 1.830000000e+000 0.000000000e+000 0.000000000e+000 0.000000000e+000 0.000000000e+000 1.586323107e-014 1.586323107e-014 
d 1.860000000e+000 1.860000000e+000 0.000000000e+000 0.000000000e+000 0.000000000e+000 0.000000000e+000 1.587005961e-014 1.587005961e-014 
d 1.890000000e+000 1.890000000e+000 0.000000000e+000 0.000000000e+000 0.000000000e+000 0.000000000e+000 1.587668090e-014 1.587668090e-014 
d 1.920000000e+000 1.920000000e+000 0.000000000e+000 0.000000000e+000 0.000000000e+000 0.000000000e+000 1.588310570e-014 1.588310570e-014 
d 1.950000000e+000 1.950000000e+000 0.000000000e+000 0.000000000e+000 0.000000000e+000 0.000000000e+000 1.588934401e-014 1.588934401e-014 
d 1.980000000e+000 1.980000000e+000 0.000000000e+000 0.000000000e+000 0.000000000e+000 0.000000000e+000 1.589540512e-014 1.589540512e-014 
d 2.010000000e+000 2.010000000e+000 0.000000000e+000 0.000000000e+000 0.000000000e+000 0.000000000e+000 1.590129771e-014 1.590129771e-014 
d 2.040000000e+000 2.040000000e+000 0.000000000e+000 0.000000000e+000 0.000000000e+000 0.000000000e+000 1.590702988e-014 1.590702988e-014 
d 2.070000000e+000 2.070000000e+000 0.000000000e+000 0.000000000e+000 0.000000000e+000 0.000000000e+000 1.591260920e-014 1.591260920e-014 
d 2.100000000e+000 2.100000000e+000 0.000000000e+000 0.000000000e+000 0.000000000e+000 0.000000000e+000 1.591804275e-014 1.591804275e-014 
d 2.130000000e+000 2.130000000e+000 0.000000000e+000 0.000000000e+000 0.000000000e+000 0.000000000e+000 1.592333716e-014 1.592333716e-014 
d 2.160000000e+000 2.160000000e+000 0.000000000e+000 0.000000000e+000 0.000000000e+000 0.000000000e+000 1.592849866e-014 1.592849866e-014 
d 2.190000000e+000 2.190000000e+000 0.000000000e+000 0.000000000e+000 0.000000000e+000 0.000000000e+000 1.593353308e-014 1.593353308e-014 
d 2.220000000e+000 2.220000000e+000 0.000000000e+000 0.000000000e+000 0.000000000e+000 0.000000000e+000 1.593844591e-014 1.593844591e-014 
d 2.250000000e+000 2.250000000e+000 0.000000000e+000 0.000000000e+000 0.000000000e+000 0.000000000e+000 1.594324233e-014 1.594324233e-014 
d 2.280000000e+000 2.280000000e+000 0.000000000e+000 0.000000000e+000 0.000000000e+000 0.000000000e+000 1.594792718e-014 1.594792718e-014 
d 2.310000000e+000 2.310000000e+000 0.000000000e+000 0.000000000e+000 0.000000000e+000 0.000000000e+000 1.595250506e-014 1.595250506e-014 
d 2.340000000e+000 2.340000000e+000 0.000000000e+000 0.000000000e+000 0.000000000e+000 0.000000000e+000 1.595698029e-014 1.595698029e-014 
d 2.370000000e+000 2.370000000e+000 0.000000000e+000 0.000000000e+000 0.000000000e+000 0.000000000e+000 1.596135694e-014 1.596135694e-014 
d 2.400000000e+000 2.400000000e+000 0.000000000e+000 0.000000000e+000 0.000000000e+000 0.000000000e+000 1.596563888e-014 1.596563888e-014 
d 2.430000000e+000 2.430000000e+000 0.000000000e+000 0.000000000e+000 0.000000000e+000 0.000000000e+000 1.596982976e-014 1.596982976e-014 
d 2.460000000e+000 2.460000000e+000 0.000000000e+000 0.000000000e+000 0.000000000e+000 0.000000000e+000 1.597393303e-014 1.597393303e-014 
d 2.490000000e+000 2.490000000e+000 0.000000000e+000 0.000000000e+000 0.000000000e+000 0.000000000e+000 1.597795196e-014 1.597795196e-014 
d 2.520000000e+000 2.520000000e+000 0.000000000e+000 0.000000000e+000 0.000000000e+000 0.000000000e+000 1.598188965e-014 1.598188965e-014 
d 2.550000000e+000 2.550000000e+000 0.000000000e+000 0.000000000e+000 0.000000000e+000 0.000000000e+000 1.598574906e-014 1.598574906e-014 
d 2.580000000e+000 2.580000000e+000 0.000000000e+000 0.000000000e+000 0.000000000e+000 0.000000000e+000 1.598953296e-014 1.598953296e-014 
d 2.610000000e+000 2.610000000e+000 0.000000000e+000 0.000000000e+000 0.000000000e+000 0.000000000e+000 1.599324403e-014 1.599324403e-014 
d 2.640000000e+000 2.640000000e+000 0.000000000e+000 0.000000000e+000 0.000000000e+000 0.000000000e+000 1.599688479e-014 1.599688479e-014 
d 2.670000000e+000 2.670000000e+000 0.000000000e+000 0.000000000e+000 0.000000000e+000 0.000000000e+000 1.600045763e-014 1.600045763e-014 
d 2.700000000e+000 2.700000000e+000 0.000000000e+000 0.000000000e+000 0.000000000e+000 0.000000000e+000 1.600396485e-014 1.600396485e-014 
d 2.730000000e+000 2.730000000e+000 0.000000000e+000 0.000000000e+000 0.000000000e+000 0.000000000e+000 1.600740863e-014 1.600740863e-014 
d 2.760000000e+000 2.760000000e+000 0.000000000e+000 0.000000000e+000 0.000000000e+000 0.000000000e+000 1.601079105e-014 1.601079105e-014 
d 2.790000000e+000 2.790000000e+000 0.000000000e+000 0.000000000e+000 0.000000000e+000 0.000000000e+000 1.601411409e-014 1.601411409e-014 
d 2.820000000e+000 2.820000000e+000 0.000000000e+000 0.000000000e+000 0.000000000e+000 0.000000000e+000 1.601737964e-014 1.601737964e-014 
d 2.850000000e+000 2.850000000e+000 0.000000000e+000 0.000000000e+000 0.000000000e+000 0.000000000e+000 1.602058951e-014 1.602058951e-014 
d 2.880000000e+000 2.880000000e+000 0.000000000e+000 0.000000000e+000 0.000000000e+000 0.000000000e+000 1.602374544e-014 1.602374544e-014 
d 2.910000000e+000 2.910000000e+000 0.000000000e+000 0.000000000e+000 0.000000000e+000 0.000000000e+000 1.602684907e-014 1.602684907e-014 
d 2.940000000e+000 2.940000000e+000 0.000000000e+000 0.000000000e+000 0.000000000e+000 0.000000000e+000 1.602990198e-014 1.602990198e-014 
d 2.970000000e+000 2.970000000e+000 0.000000000e+000 0.000000000e+000 0.000000000e+000 0.000000000e+000 1.603290569e-014 1.603290569e-014 
d 3.000000000e+000 3.000000000e+000 0.000000000e+000 0.000000000e+000 0.000000000e+000 0.000000000e+000 1.603586165e-014 1.603586165e-014 
