v ATLAS
# This file was created by ATLAS version 5.26.1.R on Tue Dec 28 11:57:10 2021.
#SSF 2.0 generic
##############################################################################
#                    Copyright (c) 1984 - 2018                               #
#                    Silvaco Inc. All rights reserved                        #
#                                                                            #
# This file format and the following Key are copyright Silvaco Inc.          #
# You may not use, this format or key without reproducing this message in    #
# full and obtaining express written permission from Silvaco Inc.            #
#                                                                            #
# To obtain such permission please contact: Silvaco Inc.                     #
#                                           support@silvaco.com              #
#                                                                            #
# KEY=SVC86hn7562asdx                       PROD=345                         #
##############################################################################
y 3 700 711 15
z 1 1e+041 300
f 2 "gate" "substrate" 
p 13 40 2 20 3 21 3000000 2000000 3001000 2001000 3000001 2000001 3001001 2001001 
Q 3000000 3 "Mhos/um" 
Q 2000000 3 "F/um" 
Q 3001000 3 "Mhos/um" 
Q 2001000 3 "F/um" 
Q 3000001 3 "Mhos/um" 
Q 2000001 3 "F/um" 
Q 3001001 3 "Mhos/um" 
Q 2001001 3 "F/um" 
d 1.000000000e+006 0.000000000e+000 0.000000000e+000 0.000000000e+000 1.305409237e-020 -7.373521260e-013 -6.697976828e-015 7.364963084e-013 6.697976828e-015 7.373521260e-013 6.697976828e-015 -7.307882610e-013 -6.697976828e-015 
d 1.000000000e+006 1.000000000e-001 0.000000000e+000 0.000000000e+000 -9.275490505e-035 -9.588080669e-013 -7.629118966e-015 9.599999491e-013 7.629118966e-015 9.588080669e-013 7.629118966e-015 -9.603077180e-013 -7.629118966e-015 
d 1.000000000e+006 2.000000000e-001 0.000000000e+000 0.000000000e+000 3.916227711e-020 -1.106596372e-012 -8.192831223e-015 1.105284486e-012 8.192831223e-015 1.106596372e-012 8.192831223e-015 -1.103586260e-012 -8.192831223e-015 
d 1.000000000e+006 3.000000000e-001 0.000000000e+000 0.000000000e+000 -3.916227711e-020 -1.205590498e-012 -8.550358045e-015 1.207126884e-012 8.550358045e-015 1.205590498e-012 8.550358045e-015 -1.202184394e-012 -8.550358045e-015 
d 1.000000000e+006 4.000000000e-001 0.000000000e+000 0.000000000e+000 -5.221636948e-020 -1.274499967e-012 -8.791050267e-015 1.273317674e-012 8.791050267e-015 1.274499967e-012 8.791050267e-015 -1.285254191e-012 -8.791050267e-015 
d 1.000000000e+006 5.000000000e-001 0.000000000e+000 0.000000000e+000 -2.610818474e-020 -1.324487877e-012 -8.961838508e-015 1.324164389e-012 8.961838508e-015 1.324487877e-012 8.961838508e-015 -1.324282013e-012 -8.961838508e-015 
d 1.000000000e+006 6.000000000e-001 0.000000000e+000 0.000000000e+000 -1.305409237e-020 -1.362096495e-012 -9.088356352e-015 1.361356347e-012 9.088356352e-015 1.362096495e-012 9.088356352e-015 -1.360621802e-012 -9.088356352e-015 
d 1.000000000e+006 7.000000000e-001 0.000000000e+000 0.000000000e+000 -3.916227711e-020 -1.391274102e-012 -9.185399978e-015 1.394032446e-012 9.185399978e-015 1.391274102e-012 9.185399978e-015 -1.371548757e-012 -9.185399978e-015 
d 1.000000000e+006 8.000000000e-001 0.000000000e+000 0.000000000e+000 3.916227711e-020 -1.414498318e-012 -9.261974543e-015 1.413076352e-012 9.261974543e-015 1.414498318e-012 9.261974543e-015 -1.426716505e-012 -9.261974543e-015 
d 1.000000000e+006 9.000000000e-001 0.000000000e+000 0.000000000e+000 -5.221636948e-020 -1.433384602e-012 -9.323822402e-015 1.434218833e-012 9.323822402e-015 1.433384602e-012 9.323822402e-015 -1.434093897e-012 -9.323822402e-015 
d 1.000000000e+006 1.000000000e+000 0.000000000e+000 0.000000000e+000 -5.221636948e-020 -1.449023505e-012 -9.374755207e-015 1.449715508e-012 9.374755207e-015 1.449023505e-012 9.374755207e-015 -1.467989103e-012 -9.374755207e-015 
d 1.000000000e+006 1.100000000e+000 0.000000000e+000 0.000000000e+000 -1.305409237e-020 -1.462174194e-012 -9.417391525e-015 1.461851087e-012 9.417391525e-015 1.462174194e-012 9.417391525e-015 -1.479714645e-012 -9.417391525e-015 
d 1.000000000e+006 1.200000000e+000 0.000000000e+000 0.000000000e+000 -1.305409237e-020 -1.473379574e-012 -9.453584221e-015 1.474330120e-012 9.453584221e-015 1.473379574e-012 9.453584221e-015 -1.477691030e-012 -9.453584221e-015 
d 1.000000000e+006 1.300000000e+000 0.000000000e+000 0.000000000e+000 1.855098101e-034 -1.483037186e-012 -9.484678282e-015 1.484543919e-012 9.484678282e-015 1.483037186e-012 9.484678282e-015 -1.460570927e-012 -9.484678282e-015 
d 1.000000000e+006 1.400000000e+000 0.000000000e+000 0.000000000e+000 2.610818474e-020 -1.491444240e-012 -9.511671983e-015 1.490274384e-012 9.511671982e-015 1.491444240e-012 9.511671982e-015 -1.527009952e-012 -9.511671982e-015 
d 1.000000000e+006 1.500000000e+000 0.000000000e+000 0.000000000e+000 -1.305409237e-020 -1.498827066e-012 -9.535320859e-015 1.497574360e-012 9.535320859e-015 1.498827066e-012 9.535320859e-015 -1.564829317e-012 -9.535320859e-015 
d 1.000000000e+006 1.600000000e+000 0.000000000e+000 0.000000000e+000 -1.305409237e-020 -1.505360854e-012 -9.556206667e-015 1.504430559e-012 9.556206667e-015 1.505360854e-012 9.556206667e-015 -1.562942578e-012 -9.556206666e-015 
d 1.000000000e+006 1.700000000e+000 0.000000000e+000 0.000000000e+000 -2.610818474e-020 -1.511183205e-012 -9.574784263e-015 1.509912891e-012 9.574784263e-015 1.511183205e-012 9.574784263e-015 -1.493835083e-012 -9.574784263e-015 
d 1.000000000e+006 1.800000000e+000 0.000000000e+000 0.000000000e+000 6.527046185e-020 -1.516403627e-012 -9.591414190e-015 1.513552992e-012 9.591414190e-015 1.516403627e-012 9.591414190e-015 -1.531228626e-012 -9.591414190e-015 
d 1.000000000e+006 1.900000000e+000 0.000000000e+000 0.000000000e+000 3.916227711e-020 -1.521110303e-012 -9.606385775e-015 1.521779662e-012 9.606385775e-015 1.521110303e-012 9.606385775e-015 -1.466658296e-012 -9.606385775e-015 
d 1.000000000e+006 2.000000000e+000 0.000000000e+000 0.000000000e+000 -5.221636948e-020 -1.525375018e-012 -9.619933794e-015 1.525514949e-012 9.619933794e-015 1.525375018e-012 9.619933794e-015 -1.428649142e-012 -9.619933794e-015 
d 1.000000000e+006 2.100000000e+000 0.000000000e+000 0.000000000e+000 -3.916227711e-020 -1.529256777e-012 -9.632250696e-015 1.529122402e-012 9.632250696e-015 1.529256777e-012 9.632250696e-015 -1.549482022e-012 -9.632250696e-015 
d 1.000000000e+006 2.200000000e+000 0.000000000e+000 0.000000000e+000 2.610818474e-020 -1.532804520e-012 -9.643495701e-015 1.534614477e-012 9.643495701e-015 1.532804520e-012 9.643495701e-015 -1.451836512e-012 -9.643495702e-015 
d 1.000000000e+006 2.300000000e+000 0.000000000e+000 0.000000000e+000 1.855098101e-034 -1.536059173e-012 -9.653801650e-015 1.538675094e-012 9.653801651e-015 1.536059173e-012 9.653801651e-015 -1.457437210e-012 -9.653801651e-015 
d 1.000000000e+006 2.400000000e+000 0.000000000e+000 0.000000000e+000 -1.855098101e-034 -1.539055219e-012 -9.663280248e-015 1.537739271e-012 9.663280248e-015 1.539055219e-012 9.663280248e-015 -1.560252645e-012 -9.663280248e-015 
d 1.000000000e+006 2.500000000e+000 0.000000000e+000 0.000000000e+000 7.832455422e-020 -1.541821921e-012 -9.672026098e-015 1.540884072e-012 9.672026098e-015 1.541821921e-012 9.672026098e-015 -1.531773837e-012 -9.672026098e-015 
d 1.000000000e+006 2.600000000e+000 0.000000000e+000 0.000000000e+000 -1.305409237e-020 -1.544384269e-012 -9.680119858e-015 1.542454250e-012 9.680119858e-015 1.544384269e-012 9.680119858e-015 -1.592478509e-012 -9.680119858e-015 
d 1.000000000e+006 2.700000000e+000 0.000000000e+000 0.000000000e+000 -1.305409237e-020 -1.546763737e-012 -9.687630721e-015 1.546729100e-012 9.687630721e-015 1.546763737e-012 9.687630721e-015 -1.603064782e-012 -9.687630720e-015 
d 1.000000000e+006 2.800000000e+000 0.000000000e+000 0.000000000e+000 3.916227711e-020 -1.548978877e-012 -9.694618383e-015 1.546810303e-012 9.694618383e-015 1.548978877e-012 9.694618383e-015 -1.579797012e-012 -9.694618383e-015 
d 1.000000000e+006 2.900000000e+000 0.000000000e+000 0.000000000e+000 2.610818474e-020 -1.551045807e-012 -9.701134628e-015 1.549768966e-012 9.701134628e-015 1.551045807e-012 9.701134628e-015 -1.544008683e-012 -9.701134628e-015 
d 1.000000000e+006 3.000000000e+000 0.000000000e+000 0.000000000e+000 -1.305409237e-020 -1.552978593e-012 -9.707224597e-015 1.551192954e-012 9.707224597e-015 1.552978593e-012 9.707224597e-015 -1.569422280e-012 -9.707224597e-015 
d 1.000000000e+006 3.100000000e+000 0.000000000e+000 0.000000000e+000 2.610818474e-020 -1.554789572e-012 -9.712927828e-015 1.553523337e-012 9.712927827e-015 1.554789572e-012 9.712927827e-015 -1.569191265e-012 -9.712927827e-015 
d 1.000000000e+006 3.200000000e+000 0.000000000e+000 0.000000000e+000 1.305409237e-020 -1.556489607e-012 -9.718279100e-015 1.557036391e-012 9.718279100e-015 1.556489607e-012 9.718279100e-015 -1.495503951e-012 -9.718279100e-015 
d 1.000000000e+006 3.300000000e+000 0.000000000e+000 0.000000000e+000 6.527046185e-020 -1.558088305e-012 -9.723309136e-015 1.555784991e-012 9.723309135e-015 1.558088305e-012 9.723309135e-015 -1.682115850e-012 -9.723309135e-015 
d 1.000000000e+006 3.400000000e+000 0.000000000e+000 0.000000000e+000 -1.305409237e-020 -1.559594193e-012 -9.728045178e-015 1.558395877e-012 9.728045178e-015 1.559594193e-012 9.728045178e-015 -1.595055115e-012 -9.728045178e-015 
d 1.000000000e+006 3.500000000e+000 0.000000000e+000 0.000000000e+000 3.916227711e-020 -1.561014867e-012 -9.732511473e-015 1.562002264e-012 9.732511473e-015 1.561014867e-012 9.732511473e-015 -1.482125313e-012 -9.732511473e-015 
d 1.000000000e+006 3.600000000e+000 0.000000000e+000 0.000000000e+000 5.221636948e-020 -1.562357116e-012 -9.736729672e-015 1.560737193e-012 9.736729672e-015 1.562357116e-012 9.736729672e-015 -1.540087284e-012 -9.736729672e-015 
d 1.000000000e+006 3.700000000e+000 0.000000000e+000 0.000000000e+000 -1.305409237e-020 -1.563627029e-012 -9.740719173e-015 1.563245310e-012 9.740719173e-015 1.563627029e-012 9.740719173e-015 -1.568255268e-012 -9.740719173e-015 
d 1.000000000e+006 3.800000000e+000 0.000000000e+000 0.000000000e+000 -1.305409237e-020 -1.564830080e-012 -9.744497410e-015 1.564058997e-012 9.744497410e-015 1.564830080e-012 9.744497410e-015 -1.554647256e-012 -9.744497410e-015 
d 1.000000000e+006 3.900000000e+000 0.000000000e+000 0.000000000e+000 1.855098101e-034 -1.565971210e-012 -9.748080095e-015 1.568487787e-012 9.748080095e-015 1.565971210e-012 9.748080095e-015 -1.494591774e-012 -9.748080096e-015 
d 1.000000000e+006 4.000000000e+000 0.000000000e+000 0.000000000e+000 7.832455422e-020 -1.567054885e-012 -9.751481428e-015 1.567279197e-012 9.751481428e-015 1.567054885e-012 9.751481428e-015 -1.554087916e-012 -9.751481428e-015 
d 1.000000000e+006 4.100000000e+000 0.000000000e+000 0.000000000e+000 9.275490505e-035 -1.568085154e-012 -9.754714274e-015 1.567969510e-012 9.754714274e-015 1.568085154e-012 9.754714274e-015 -1.636743122e-012 -9.754714273e-015 
d 1.000000000e+006 4.200000000e+000 0.000000000e+000 0.000000000e+000 -6.527046185e-020 -1.569065699e-012 -9.757790320e-015 1.569662083e-012 9.757790321e-015 1.569065699e-012 9.757790321e-015 -1.460934426e-012 -9.757790321e-015 
d 1.000000000e+006 4.300000000e+000 0.000000000e+000 0.000000000e+000 -2.610818474e-020 -1.569999873e-012 -9.760720207e-015 1.569229916e-012 9.760720207e-015 1.569999873e-012 9.760720207e-015 -1.498406147e-012 -9.760720207e-015 
d 1.000000000e+006 4.400000000e+000 0.000000000e+000 0.000000000e+000 -5.221636948e-020 -1.570890739e-012 -9.763513641e-015 1.571238134e-012 9.763513641e-015 1.570890739e-012 9.763513641e-015 -1.546955774e-012 -9.763513641e-015 
d 1.000000000e+006 4.500000000e+000 0.000000000e+000 0.000000000e+000 -3.916227711e-020 -1.571741097e-012 -9.766179501e-015 1.571631982e-012 9.766179502e-015 1.571741097e-012 9.766179502e-015 -1.439067994e-012 -9.766179502e-015 
d 1.000000000e+006 4.600000000e+000 0.000000000e+000 0.000000000e+000 5.221636948e-020 -1.572553515e-012 -9.768725919e-015 1.572425662e-012 9.768725919e-015 1.572553515e-012 9.768725919e-015 -1.625000670e-012 -9.768725919e-015 
d 1.000000000e+006 4.700000000e+000 0.000000000e+000 0.000000000e+000 -6.527046185e-020 -1.573330352e-012 -9.771160362e-015 1.573642468e-012 9.771160362e-015 1.573330352e-012 9.771160362e-015 -1.503622591e-012 -9.771160362e-015 
d 1.000000000e+006 4.800000000e+000 0.000000000e+000 0.000000000e+000 -1.305409237e-020 -1.574073779e-012 -9.773489695e-015 1.573912395e-012 9.773489695e-015 1.574073779e-012 9.773489695e-015 -1.546551204e-012 -9.773489695e-015 
d 1.000000000e+006 4.900000000e+000 0.000000000e+000 0.000000000e+000 -5.221636948e-020 -1.574785794e-012 -9.775720243e-015 1.575346283e-012 9.775720243e-015 1.574785794e-012 9.775720243e-015 -1.535097897e-012 -9.775720243e-015 
d 1.000000000e+006 5.000000000e+000 0.000000000e+000 0.000000000e+000 2.610818474e-020 -1.575468245e-012 -9.777857842e-015 1.575121178e-012 9.777857842e-015 1.575468245e-012 9.777857842e-015 -1.733194468e-012 -9.777857841e-015 
