v ATLAS
# This file was created by ATLAS version 5.26.1.R on Tue Dec 28 11:57:14 2021.
#SSF 2.0 generic
##############################################################################
#                    Copyright (c) 1984 - 2018                               #
#                    Silvaco Inc. All rights reserved                        #
#                                                                            #
# This file format and the following Key are copyright Silvaco Inc.          #
# You may not use, this format or key without reproducing this message in    #
# full and obtaining express written permission from Silvaco Inc.            #
#                                                                            #
# To obtain such permission please contact: Silvaco Inc.                     #
#                                           support@silvaco.com              #
#                                                                            #
# KEY=SVC86hn7562asdx                       PROD=345                         #
##############################################################################
y 3 700 711 15
z 1 1e+041 300
f 2 "gate" "substrate" 
p 13 40 2 20 3 21 3000000 2000000 3001000 2001000 3000001 2000001 3001001 2001001 
Q 3000000 3 "Mhos/um" 
Q 2000000 3 "F/um" 
Q 3001000 3 "Mhos/um" 
Q 2001000 3 "F/um" 
Q 3000001 3 "Mhos/um" 
Q 2000001 3 "F/um" 
Q 3001001 3 "Mhos/um" 
Q 2001001 3 "F/um" 
d 1.000000000e+006 0.000000000e+000 0.000000000e+000 0.000000000e+000 -3.916227711e-020 -7.373521260e-013 -6.697976828e-015 7.370829201e-013 6.697976828e-015 7.373521260e-013 6.697976828e-015 -7.322816502e-013 -6.697976828e-015 
d 1.000000000e+006 -2.000000000e-001 0.000000000e+000 0.000000000e+000 2.610818474e-020 -2.051438714e-013 -3.554039202e-015 2.047540347e-013 3.554039202e-015 2.051438714e-013 3.554039202e-015 -2.048473056e-013 -3.554039202e-015 
d 1.000000000e+006 -4.000000000e-001 0.000000000e+000 0.000000000e+000 3.916227711e-020 -5.549946890e-014 -1.881755283e-015 5.550020742e-014 1.881755283e-015 5.549946890e-014 1.881755283e-015 -5.552634041e-014 -1.881755283e-015 
d 1.000000000e+006 -6.000000000e-001 0.000000000e+000 0.000000000e+000 2.610818474e-020 -2.897392824e-014 -1.386660879e-015 2.897448124e-014 1.386660879e-015 2.897392824e-014 1.386660879e-015 -2.892511911e-014 -1.386660879e-015 
d 1.000000000e+006 -8.000000000e-001 0.000000000e+000 0.000000000e+000 -1.305389527e-020 -2.076780315e-014 -1.147679207e-015 2.076981150e-014 1.147679207e-015 2.076780388e-014 1.147679207e-015 -2.076100254e-014 -1.147679207e-015 
d 1.000000000e+006 -1.000000000e+000 0.000000000e+000 0.000000000e+000 5.221638686e-020 -1.580086119e-014 -9.992350468e-016 1.579904641e-014 9.992350468e-016 1.579991412e-014 9.992350468e-016 -1.580272341e-014 -9.992350468e-016 
d 1.000000000e+006 -1.200000000e+000 0.000000000e+000 0.000000000e+000 2.610801378e-020 -1.234082127e-014 -9.060602442e-016 1.315716899e-014 9.060602442e-016 1.314920709e-014 9.060602442e-016 -1.306152115e-014 -9.060602442e-016 
d 1.000000000e+006 -1.300000000e+000 0.000000000e+000 0.000000000e+000 3.958998224e-020 -9.896252002e-015 -8.940619199e-016 1.290151499e-014 8.940619199e-016 1.293753856e-014 8.940619199e-016 -1.255883257e-014 -8.940619199e-016 
d 1.000000000e+006 -1.325000000e+000 0.000000000e+000 0.000000000e+000 1.182752536e-019 -1.202815329e-014 -8.928897210e-016 1.261312873e-014 8.928897210e-016 1.257984105e-014 8.928897210e-016 -1.256046450e-014 -8.928897210e-016 
d 1.000000000e+006 -1.337500000e+000 0.000000000e+000 0.000000000e+000 -5.271552580e-020 -1.074179307e-014 -8.924601244e-016 1.274389511e-014 8.924601244e-016 1.277809348e-014 8.924601244e-016 -1.251472993e-014 -8.924601244e-016 
d 1.000000000e+006 -1.350000000e+000 0.000000000e+000 0.000000000e+000 -5.945941252e-019 -1.482507915e-014 -8.921934757e-016 1.228153483e-014 8.921934757e-016 1.229887501e-014 8.921934757e-016 -1.257469943e-014 -8.921934757e-016 
d 1.000000000e+006 -1.400000000e+000 0.000000000e+000 0.000000000e+000 -3.933850557e-020 -1.973483039e-014 -8.910443533e-016 1.170328870e-014 8.910443533e-016 1.169495442e-014 8.910443533e-016 -1.259047901e-014 -8.910443533e-016 
d 1.000000000e+006 -1.425000000e+000 0.000000000e+000 0.000000000e+000 3.908915416e-020 -1.658196152e-014 -8.907367545e-016 1.205120285e-014 8.907367545e-016 1.223052955e-014 8.907367545e-016 -1.253034480e-014 -8.907367545e-016 
d 1.000000000e+006 -1.437500000e+000 0.000000000e+000 0.000000000e+000 4.491483406e-019 -3.442239024e-015 -8.905222657e-016 1.349014638e-014 8.905222657e-016 1.331262081e-014 8.905222657e-016 -1.240715104e-014 -8.905222657e-016 
d 1.000000000e+006 -1.450000000e+000 0.000000000e+000 0.000000000e+000 2.626173084e-020 -2.202169143e-014 -8.905181089e-016 1.145264960e-014 8.905181089e-016 1.158955294e-014 8.905181089e-016 -1.261318421e-014 -8.905181089e-016 
d 1.000000000e+006 -1.475000000e+000 0.000000000e+000 0.000000000e+000 -6.601717881e-020 -1.414510643e-014 -8.903879312e-016 1.232057619e-014 8.903879312e-016 1.228471224e-014 8.903879312e-016 -1.251271376e-014 -8.903879312e-016 
d 1.000000000e+006 -1.500000000e+000 0.000000000e+000 0.000000000e+000 8.511725267e-022 1.073410047e-014 -8.902636146e-016 1.503386747e-014 8.902636146e-016 1.491904149e-014 8.902636146e-016 -1.223032738e-014 -8.902636146e-016 
d 1.000000000e+006 -1.600000000e+000 0.000000000e+000 0.000000000e+000 1.281461054e-018 -2.125306689e-014 -8.899232621e-016 1.155721911e-014 8.899232621e-016 1.155926099e-014 8.899232621e-016 -1.260644390e-014 -8.899232621e-016 
d 1.000000000e+006 -1.606250000e+000 0.000000000e+000 0.000000000e+000 -1.597867979e-018 -4.570438075e-015 -8.905401085e-016 1.340090703e-014 8.905401085e-016 1.329685957e-014 8.905401085e-016 -1.246825692e-014 -8.905401085e-016 
d 1.000000000e+006 -1.612500000e+000 0.000000000e+000 0.000000000e+000 7.396069891e-019 -9.180237591e-015 -8.900581825e-016 1.286594748e-014 8.900581825e-016 1.291102447e-014 8.900581825e-016 -1.246931288e-014 -8.900581825e-016 
d 1.000000000e+006 -1.625000000e+000 0.000000000e+000 0.000000000e+000 -4.835703673e-018 -6.263363884e-015 -8.912467013e-016 1.327398424e-014 8.912467013e-016 1.326705110e-014 8.912467013e-016 -1.252127168e-014 -8.912467013e-016 
d 1.000000000e+006 -1.628125000e+000 0.000000000e+000 0.000000000e+000 -2.444345688e-018 -2.378846583e-014 -8.907593173e-016 1.135413871e-014 8.907593173e-016 1.158391154e-014 8.907593173e-016 -1.265924820e-014 -8.907593173e-016 
d 1.000000000e+006 -1.631250000e+000 0.000000000e+000 0.000000000e+000 -1.845120904e-019 -1.981066218e-014 -8.902706395e-016 1.174466003e-014 8.902706395e-016 1.174333967e-014 8.902706395e-016 -1.260540163e-014 -8.902706395e-016 
d 1.000000000e+006 -1.637500000e+000 0.000000000e+000 0.000000000e+000 -8.190375956e-019 -2.778547802e-014 -8.904233435e-016 1.090248118e-014 8.904233435e-016 1.101340236e-014 8.904233435e-016 -1.269801870e-014 -8.904233435e-016 
d 1.000000000e+006 -1.650000000e+000 0.000000000e+000 0.000000000e+000 -3.695105601e-019 -4.831759749e-015 -8.903394099e-016 1.335809448e-014 8.903394099e-016 1.327981064e-014 8.903394099e-016 -1.245820153e-014 -8.903394099e-016 
d 1.000000000e+006 -1.656250000e+000 0.000000000e+000 0.000000000e+000 -1.387128832e-018 3.010033148e-015 -8.905740036e-016 1.421488004e-014 8.905740036e-016 1.402617251e-014 8.905740036e-016 -1.240241243e-014 -8.905740036e-016 
d 1.000000000e+006 -1.662500000e+000 0.000000000e+000 0.000000000e+000 -3.910147373e-018 7.622960781e-015 -8.911040499e-016 1.475211458e-014 8.911040499e-016 1.472171653e-014 8.911040499e-016 -1.236281252e-014 -8.911040499e-016 
d 1.000000000e+006 -1.665625000e+000 0.000000000e+000 0.000000000e+000 2.615255059e-018 -1.775263948e-014 -8.897225778e-016 1.192835972e-014 8.897225778e-016 1.203530636e-014 8.897225778e-016 -1.255594809e-014 -8.897225778e-016 
d 1.000000000e+006 -1.668750000e+000 0.000000000e+000 0.000000000e+000 -1.862430688e-018 -4.261959943e-014 -8.906911935e-016 9.342957016e-015 8.906911935e-016 9.539221131e-015 8.906911935e-016 -1.288385865e-014 -8.906911935e-016 
d 1.000000000e+006 -1.675000000e+000 0.000000000e+000 0.000000000e+000 -2.879466079e-018 -2.826892303e-014 -8.909112832e-016 1.089780944e-014 8.909112832e-016 1.102062452e-014 8.909112832e-016 -1.274730803e-014 -8.909112832e-016 
d 1.000000000e+006 -1.700000000e+000 0.000000000e+000 0.000000000e+000 1.651362275e-018 -2.921435211e-014 -8.899966773e-016 1.073201699e-014 8.899966773e-016 1.081896318e-014 8.899966773e-016 -1.268932392e-014 -8.899966773e-016 
d 1.000000000e+006 -1.750000000e+000 0.000000000e+000 0.000000000e+000 1.452691583e-018 -7.937917635e-015 -8.901609560e-016 1.301267456e-014 8.901609560e-016 1.300149257e-014 8.901609560e-016 -1.247175293e-014 -8.901609560e-016 
d 1.000000000e+006 -1.800000000e+000 0.000000000e+000 0.000000000e+000 -1.285804960e-022 -1.384181736e-014 -8.905919821e-016 1.241959275e-014 8.905919821e-016 1.239915125e-014 8.905919821e-016 -1.258023767e-014 -8.905919821e-016 
d 1.000000000e+006 -2.000000000e+000 0.000000000e+000 0.000000000e+000 -2.112653332e-018 -3.229875974e-015 -8.915014577e-016 1.359970273e-014 8.915014577e-016 1.358597309e-014 8.915014577e-016 -1.252644012e-014 -8.915014577e-016 
