v ATLAS
# This file was created by ATLAS version 5.26.1.R on Tue Dec 28 11:57:24 2021.
#SSF 2.0 generic
##############################################################################
#                    Copyright (c) 1984 - 2018                               #
#                    Silvaco Inc. All rights reserved                        #
#                                                                            #
# This file format and the following Key are copyright Silvaco Inc.          #
# You may not use, this format or key without reproducing this message in    #
# full and obtaining express written permission from Silvaco Inc.            #
#                                                                            #
# To obtain such permission please contact: Silvaco Inc.                     #
#                                           support@silvaco.com              #
#                                                                            #
# KEY=SVC86hn7562asdx                       PROD=345                         #
##############################################################################
y 3 700 711 15
z 1 1e+041 300
f 2 "gate" "substrate" 
p 13 40 2 20 3 21 3000000 2000000 3001000 2001000 3000001 2000001 3001001 2001001 
Q 3000000 3 "Mhos/um" 
Q 2000000 3 "F/um" 
Q 3001000 3 "Mhos/um" 
Q 2001000 3 "F/um" 
Q 3000001 3 "Mhos/um" 
Q 2000001 3 "F/um" 
Q 3001001 3 "Mhos/um" 
Q 2001001 3 "F/um" 
d 1.000000000e+006 0.000000000e+000 0.000000000e+000 0.000000000e+000 -2.611313771e-020 -6.171423913e-013 -6.136812343e-015 6.158200541e-013 6.136812344e-015 6.171423913e-013 6.136812343e-015 -6.151658553e-013 -6.136812344e-015 
d 1.000000000e+006 1.000000000e-001 0.000000000e+000 0.000000000e+000 -2.610980056e-020 -7.934716797e-013 -6.950013863e-015 7.824155194e-013 6.950013864e-015 7.934716797e-013 6.950013863e-015 -7.810097738e-013 -6.950013864e-015 
d 1.000000000e+006 2.000000000e-001 0.000000000e+000 0.000000000e+000 3.916171103e-020 -9.173841389e-013 -7.469526371e-015 9.025892617e-013 7.469526371e-015 9.173841389e-013 7.469526371e-015 -9.029224182e-013 -7.469526371e-015 
d 1.000000000e+006 3.000000000e-001 0.000000000e+000 0.000000000e+000 -6.527059091e-020 -1.004975464e-012 -7.816557282e-015 1.028203084e-012 7.816557282e-015 1.004975464e-012 7.816557282e-015 -1.024793811e-012 -7.816557282e-015 
d 1.000000000e+006 4.000000000e-001 0.000000000e+000 0.000000000e+000 1.305418285e-020 -1.069081177e-012 -8.061410167e-015 1.059211506e-012 8.061410167e-015 1.069081177e-012 8.061410167e-015 -1.063186959e-012 -8.061410167e-015 
d 1.000000000e+006 5.000000000e-001 0.000000000e+000 0.000000000e+000 1.305430862e-020 -1.117763290e-012 -8.242669254e-015 1.121183932e-012 8.242669254e-015 1.117763290e-012 8.242669254e-015 -1.120477233e-012 -8.242669254e-015 
d 1.000000000e+006 6.000000000e-001 0.000000000e+000 0.000000000e+000 1.305438797e-020 -1.155957091e-012 -8.382222148e-015 1.135671877e-012 8.382222148e-015 1.155957091e-012 8.382222148e-015 -1.140244994e-012 -8.382222148e-015 
d 1.000000000e+006 7.000000000e-001 0.000000000e+000 0.000000000e+000 2.610853422e-020 -1.186754526e-012 -8.493122181e-015 1.195186371e-012 8.493122181e-015 1.186754526e-012 8.493122181e-015 -1.196451954e-012 -8.493122181e-015 
d 1.000000000e+006 8.000000000e-001 0.000000000e+000 0.000000000e+000 5.221675772e-020 -1.212160528e-012 -8.583545495e-015 1.224035073e-012 8.583545495e-015 1.212160528e-012 8.583545495e-015 -1.222135001e-012 -8.583545495e-015 
d 1.000000000e+006 9.000000000e-001 0.000000000e+000 0.000000000e+000 -6.527004439e-020 -1.233521292e-012 -8.658842195e-015 1.210381638e-012 8.658842195e-015 1.233521292e-012 8.658842195e-015 -1.209200368e-012 -8.658842195e-015 
d 1.000000000e+006 1.000000000e+000 0.000000000e+000 0.000000000e+000 -2.610774439e-020 -1.251770208e-012 -8.722648335e-015 1.254288635e-012 8.722648335e-015 1.251770208e-012 8.722648335e-015 -1.254569873e-012 -8.722648335e-015 
d 1.000000000e+006 1.100000000e+000 0.000000000e+000 0.000000000e+000 -5.221591061e-020 -1.267573255e-012 -8.777516989e-015 1.268453409e-012 8.777516989e-015 1.267573255e-012 8.777516989e-015 -1.273767714e-012 -8.777516989e-015 
d 1.000000000e+006 1.200000000e+000 0.000000000e+000 0.000000000e+000 2.610865900e-020 -1.281417769e-012 -8.825291943e-015 1.238056153e-012 8.825291944e-015 1.281417769e-012 8.825291943e-015 -1.235590024e-012 -8.825291944e-015 
d 1.000000000e+006 1.300000000e+000 0.000000000e+000 0.000000000e+000 2.610867209e-020 -1.293668385e-012 -8.867337596e-015 1.278088178e-012 8.867337597e-015 1.293668385e-012 8.867337597e-015 -1.274727188e-012 -8.867337597e-015 
d 1.000000000e+006 1.400000000e+000 0.000000000e+000 0.000000000e+000 1.305459108e-020 -1.304603340e-012 -8.904685278e-015 1.339186368e-012 8.904685278e-015 1.304603340e-012 8.904685278e-015 -1.338822556e-012 -8.904685278e-015 
d 1.000000000e+006 1.500000000e+000 0.000000000e+000 0.000000000e+000 -5.221586073e-020 -1.314438659e-012 -8.938129223e-015 1.287050737e-012 8.938129223e-015 1.314438659e-012 8.938129223e-015 -1.268732051e-012 -8.938129223e-015 
d 1.000000000e+006 1.600000000e+000 0.000000000e+000 0.000000000e+000 7.832507195e-020 -1.323344680e-012 -8.968291221e-015 1.330502304e-012 8.968291221e-015 1.323344680e-012 8.968291221e-015 -1.330187946e-012 -8.968291221e-015 
d 1.000000000e+006 1.700000000e+000 0.000000000e+000 0.000000000e+000 -2.610765885e-020 -1.331457579e-012 -8.995665229e-015 1.339930708e-012 8.995665229e-015 1.331457579e-012 8.995665229e-015 -1.342244011e-012 -8.995665229e-015 
d 1.000000000e+006 1.800000000e+000 0.000000000e+000 0.000000000e+000 5.333745389e-025 -1.338887577e-012 -9.020648805e-015 1.330892388e-012 9.020648805e-015 1.338887577e-012 9.020648805e-015 -1.343419820e-012 -9.020648805e-015 
d 1.000000000e+006 1.900000000e+000 0.000000000e+000 0.000000000e+000 -2.610764443e-020 -1.345724889e-012 -9.043565694e-015 1.344491890e-012 9.043565695e-015 1.345724889e-012 9.043565694e-015 -1.343302699e-012 -9.043565695e-015 
d 1.000000000e+006 2.000000000e+000 0.000000000e+000 0.000000000e+000 -3.916173031e-020 -1.352044106e-012 -9.064682334e-015 1.358187553e-012 9.064682335e-015 1.352044106e-012 9.064682334e-015 -1.352233150e-012 -9.064682335e-015 
d 1.000000000e+006 2.100000000e+000 0.000000000e+000 0.000000000e+000 2.610873765e-020 -1.357907464e-012 -9.084220113e-015 1.339366233e-012 9.084220113e-015 1.357907464e-012 9.084220113e-015 -1.341153439e-012 -9.084220113e-015 
d 1.000000000e+006 2.200000000e+000 0.000000000e+000 0.000000000e+000 2.610874345e-020 -1.363367334e-012 -9.102364594e-015 1.394333695e-012 9.102364594e-015 1.363367334e-012 9.102364594e-015 -1.409162010e-012 -9.102364594e-015 
d 1.000000000e+006 2.300000000e+000 0.000000000e+000 0.000000000e+000 3.916284135e-020 -1.368468120e-012 -9.119272561e-015 1.359007143e-012 9.119272561e-015 1.368468120e-012 9.119272561e-015 -1.360548300e-012 -9.119272561e-015 
d 1.000000000e+006 2.400000000e+000 0.000000000e+000 0.000000000e+000 -1.305352283e-020 -1.373247739e-012 -9.135077451e-015 1.364704052e-012 9.135077451e-015 1.373247739e-012 9.135077451e-015 -1.355085562e-012 -9.135077451e-015 
d 1.000000000e+006 2.500000000e+000 0.000000000e+000 0.000000000e+000 5.221694412e-020 -1.377738779e-012 -9.149893596e-015 1.376862724e-012 9.149893596e-015 1.377738779e-012 9.149893596e-015 -1.377122286e-012 -9.149893596e-015 
d 1.000000000e+006 2.600000000e+000 0.000000000e+000 0.000000000e+000 5.795820068e-025 -1.381969416e-012 -9.163819568e-015 1.383679947e-012 9.163819568e-015 1.381969416e-012 9.163819568e-015 -1.390943447e-012 -9.163819568e-015 
d 1.000000000e+006 2.700000000e+000 0.000000000e+000 0.000000000e+000 -6.526987747e-020 -1.385964148e-012 -9.176940843e-015 1.355453940e-012 9.176940843e-015 1.385964148e-012 9.176940843e-015 -1.347641382e-012 -9.176940843e-015 
d 1.000000000e+006 2.800000000e+000 0.000000000e+000 0.000000000e+000 -3.916168806e-020 -1.389744384e-012 -9.189331932e-015 1.374492737e-012 9.189331932e-015 1.389744384e-012 9.189331932e-015 -1.383447336e-012 -9.189331932e-015 
d 1.000000000e+006 2.900000000e+000 0.000000000e+000 0.000000000e+000 2.610877835e-020 -1.393328927e-012 -9.201058114e-015 1.396594635e-012 9.201058115e-015 1.393328927e-012 9.201058114e-015 -1.396089615e-012 -9.201058115e-015 
d 1.000000000e+006 3.000000000e+000 0.000000000e+000 0.000000000e+000 5.980716776e-025 -1.396734360e-012 -9.212176845e-015 1.376500277e-012 9.212176845e-015 1.396734360e-012 9.212176845e-015 -1.361363072e-012 -9.212176845e-015 
d 1.000000000e+006 3.100000000e+000 0.000000000e+000 0.000000000e+000 -3.916167465e-020 -1.399975375e-012 -9.222738910e-015 1.406626595e-012 9.222738910e-015 1.399975375e-012 9.222738910e-015 -1.413683085e-012 -9.222738910e-015 
d 1.000000000e+006 3.200000000e+000 0.000000000e+000 0.000000000e+000 -6.526985508e-020 -1.403065035e-012 -9.232789383e-015 1.414214212e-012 9.232789384e-015 1.403065035e-012 9.232789383e-015 -1.417703544e-012 -9.232789384e-015 
d 1.000000000e+006 3.300000000e+000 0.000000000e+000 0.000000000e+000 -6.526985083e-020 -1.406015004e-012 -9.242368423e-015 1.416946072e-012 9.242368423e-015 1.406015004e-012 9.242368422e-015 -1.426997386e-012 -9.242368423e-015 
d 1.000000000e+006 3.400000000e+000 0.000000000e+000 0.000000000e+000 -6.526984664e-020 -1.408835726e-012 -9.251511930e-015 1.424594592e-012 9.251511931e-015 1.408835726e-012 9.251511930e-015 -1.420256669e-012 -9.251511931e-015 
d 1.000000000e+006 3.500000000e+000 0.000000000e+000 0.000000000e+000 6.527108121e-020 -1.411536589e-012 -9.260252116e-015 1.407704713e-012 9.260252116e-015 1.411536589e-012 9.260252116e-015 -1.444965290e-012 -9.260252116e-015 
d 1.000000000e+006 3.600000000e+000 0.000000000e+000 0.000000000e+000 -3.916165364e-020 -1.414126053e-012 -9.268617965e-015 1.395699390e-012 9.268617965e-015 1.414126053e-012 9.268617964e-015 -1.410488351e-012 -9.268617965e-015 
d 1.000000000e+006 3.700000000e+000 0.000000000e+000 0.000000000e+000 -5.221574194e-020 -1.416611770e-012 -9.276635640e-015 1.401298616e-012 9.276635640e-015 1.416611770e-012 9.276635640e-015 -1.414635309e-012 -9.276635640e-015 
d 1.000000000e+006 3.800000000e+000 0.000000000e+000 0.000000000e+000 2.610881633e-020 -1.419000673e-012 -9.284328826e-015 1.421276698e-012 9.284328826e-015 1.419000673e-012 9.284328825e-015 -1.448554237e-012 -9.284328826e-015 
d 1.000000000e+006 3.900000000e+000 0.000000000e+000 0.000000000e+000 6.356033980e-025 -1.421299067e-012 -9.291719017e-015 1.428589933e-012 9.291719017e-015 1.421299067e-012 9.291719017e-015 -1.421479574e-012 -9.291719017e-015 
d 1.000000000e+006 4.000000000e+000 0.000000000e+000 0.000000000e+000 -6.526982225e-020 -1.423512697e-012 -9.298825774e-015 1.452451637e-012 9.298825774e-015 1.423512697e-012 9.298825774e-015 -1.457797190e-012 -9.298825774e-015 
d 1.000000000e+006 4.100000000e+000 0.000000000e+000 0.000000000e+000 5.221701306e-020 -1.425646809e-012 -9.305666938e-015 1.411900291e-012 9.305666938e-015 1.425646809e-012 9.305666938e-015 -1.384119130e-012 -9.305666939e-015 
d 1.000000000e+006 4.200000000e+000 0.000000000e+000 0.000000000e+000 7.832520176e-020 -1.427706206e-012 -9.312258821e-015 1.427842366e-012 9.312258821e-015 1.427706206e-012 9.312258821e-015 -1.435294339e-012 -9.312258821e-015 
d 1.000000000e+006 4.300000000e+000 0.000000000e+000 0.000000000e+000 -7.832390272e-020 -1.429695295e-012 -9.318616367e-015 1.424922571e-012 9.318616368e-015 1.429695295e-012 9.318616367e-015 -1.419263550e-012 -9.318616368e-015 
d 1.000000000e+006 4.400000000e+000 0.000000000e+000 0.000000000e+000 1.566497639e-019 -1.431618127e-012 -9.324753301e-015 1.416476083e-012 9.324753302e-015 1.431618127e-012 9.324753301e-015 -1.428614990e-012 -9.324753302e-015 
d 1.000000000e+006 4.500000000e+000 0.000000000e+000 0.000000000e+000 -5.221571010e-020 -1.433478432e-012 -9.330682247e-015 1.441765565e-012 9.330682247e-015 1.433478432e-012 9.330682247e-015 -1.477670498e-012 -9.330682247e-015 
d 1.000000000e+006 4.600000000e+000 0.000000000e+000 0.000000000e+000 3.916294043e-020 -1.435279655e-012 -9.336414842e-015 1.456910513e-012 9.336414842e-015 1.435279655e-012 9.336414842e-015 -1.437881279e-012 -9.336414842e-015 
d 1.000000000e+006 4.700000000e+000 0.000000000e+000 0.000000000e+000 -2.610751748e-020 -1.437024977e-012 -9.341961832e-015 1.454340771e-012 9.341961832e-015 1.437024977e-012 9.341961832e-015 -1.457227260e-012 -9.341961832e-015 
d 1.000000000e+006 4.800000000e+000 0.000000000e+000 0.000000000e+000 -1.044320678e-019 -1.438717348e-012 -9.347333158e-015 1.447542417e-012 9.347333159e-015 1.438717348e-012 9.347333158e-015 -1.432978040e-012 -9.347333159e-015 
d 1.000000000e+006 4.900000000e+000 0.000000000e+000 0.000000000e+000 1.044334141e-019 -1.440359500e-012 -9.352538033e-015 1.395490910e-012 9.352538033e-015 1.440359500e-012 9.352538033e-015 -1.394989570e-012 -9.352538033e-015 
d 1.000000000e+006 5.000000000e+000 0.000000000e+000 0.000000000e+000 1.305477145e-020 -1.441953976e-012 -9.357585003e-015 1.418890517e-012 9.357585003e-015 1.441953976e-012 9.357585003e-015 -1.437287480e-012 -9.357585003e-015 
