v ATLAS
# This file was created by ATLAS version 5.26.1.R on Tue Dec 28 11:57:30 2021.
#SSF 2.0 generic
##############################################################################
#                    Copyright (c) 1984 - 2018                               #
#                    Silvaco Inc. All rights reserved                        #
#                                                                            #
# This file format and the following Key are copyright Silvaco Inc.          #
# You may not use, this format or key without reproducing this message in    #
# full and obtaining express written permission from Silvaco Inc.            #
#                                                                            #
# To obtain such permission please contact: Silvaco Inc.                     #
#                                           support@silvaco.com              #
#                                                                            #
# KEY=SVC86hn7562asdx                       PROD=345                         #
##############################################################################
y 3 700 711 15
z 1 1e+041 300
f 2 "gate" "substrate" 
p 13 40 2 20 3 21 3000000 2000000 3001000 2001000 3000001 2000001 3001001 2001001 
Q 3000000 3 "Mhos/um" 
Q 2000000 3 "F/um" 
Q 3001000 3 "Mhos/um" 
Q 2001000 3 "F/um" 
Q 3000001 3 "Mhos/um" 
Q 2000001 3 "F/um" 
Q 3001001 3 "Mhos/um" 
Q 2001001 3 "F/um" 
d 1.000000000e+006 0.000000000e+000 0.000000000e+000 0.000000000e+000 -4.952970806e-024 -6.171423913e-013 -6.136812343e-015 6.218329492e-013 6.136812344e-015 6.171423913e-013 6.136812343e-015 -6.213307072e-013 -6.136812344e-015 
d 1.000000000e+006 -2.000000000e-001 0.000000000e+000 0.000000000e+000 -1.829131781e-019 -1.943979713e-013 -3.464186972e-015 -3.294860858e-016 3.464186972e-015 1.943979713e-013 3.464186972e-015 3.494802796e-016 -3.464186972e-015 
d 1.000000000e+006 -4.000000000e-001 0.000000000e+000 0.000000000e+000 5.632443501e-020 -5.545478751e-014 -1.881149201e-015 -8.866927420e-013 1.881149202e-015 5.545478751e-014 1.881149201e-015 8.867177710e-013 -1.881149202e-015 
d 1.000000000e+006 -6.000000000e-001 0.000000000e+000 0.000000000e+000 -2.973985773e-020 -2.900013018e-014 -1.386661032e-015 -3.002763156e-012 1.386661033e-015 2.900013018e-014 1.386661032e-015 3.002753106e-012 -1.386661033e-015 
d 1.000000000e+006 -8.000000000e-001 0.000000000e+000 0.000000000e+000 8.252283293e-021 -2.075228488e-014 -1.147679160e-015 -7.828419643e-012 1.147679163e-015 2.075228163e-014 1.147679160e-015 7.828430982e-012 -1.147679163e-015 
d 1.000000000e+006 -1.000000000e+000 0.000000000e+000 0.000000000e+000 -3.420075152e-020 -1.579351508e-014 -9.992232100e-016 -1.782339670e-011 9.992232143e-016 1.579200863e-014 9.992232100e-016 1.782339179e-011 -9.992232143e-016 
d 1.000000000e+006 -1.200000000e+000 0.000000000e+000 0.000000000e+000 -2.067470051e-021 -1.189438511e-014 -9.055291100e-016 -3.421744311e-011 9.055291172e-016 1.318039147e-014 9.055291100e-016 3.421757241e-011 -9.055291170e-016 
d 1.000000000e+006 -1.300000000e+000 0.000000000e+000 0.000000000e+000 -2.507434707e-019 -1.239262249e-014 -8.932280717e-016 -3.878278900e-011 8.932280795e-016 1.259141349e-014 8.932280717e-016 3.878282563e-011 -8.932280795e-016 
d 1.000000000e+006 -1.400000000e+000 0.000000000e+000 0.000000000e+000 -7.946178191e-020 -1.536222269e-014 -8.901000721e-016 -4.094230066e-011 8.901000799e-016 1.216705263e-014 8.901000721e-016 4.094194312e-011 -8.901000803e-016 
d 1.000000000e+006 -1.500000000e+000 0.000000000e+000 0.000000000e+000 -2.915759288e-019 -8.815727422e-015 -8.893844149e-016 -4.214254620e-011 8.893844238e-016 1.289405640e-014 8.893844149e-016 4.214300037e-011 -8.893844232e-016 
d 1.000000000e+006 -1.600000000e+000 0.000000000e+000 0.000000000e+000 -2.779922654e-019 -2.099097853e-014 -8.892958963e-016 -4.293408549e-011 8.892959037e-016 1.169250370e-014 8.892958963e-016 4.293309446e-011 -8.892959049e-016 
d 1.000000000e+006 -1.700000000e+000 0.000000000e+000 0.000000000e+000 2.743050494e-018 -2.089934109e-014 -8.888134456e-016 -4.369926166e-011 8.888134531e-016 1.155414059e-014 8.888134456e-016 4.369826164e-011 -8.888134544e-016 
d 1.000000000e+006 -1.712500000e+000 0.000000000e+000 0.000000000e+000 1.820061517e-018 -1.145776808e-014 -8.890288771e-016 -4.369225298e-011 8.890288859e-016 1.266795695e-014 8.890288771e-016 4.369239123e-011 -8.890288857e-016 
d 1.000000000e+006 -1.725000000e+000 0.000000000e+000 0.000000000e+000 1.120529523e-018 5.157413440e-016 -8.892114103e-016 -4.369415639e-011 8.892114207e-016 1.374467204e-014 8.892114103e-016 4.369568001e-011 -8.892114188e-016 
d 1.000000000e+006 -1.737500000e+000 0.000000000e+000 0.000000000e+000 1.706321962e-019 -2.133011998e-014 -8.894392308e-016 -4.368247872e-011 8.894392382e-016 1.182924885e-014 8.894392308e-016 4.368146966e-011 -8.894392395e-016 
d 1.000000000e+006 -1.750000000e+000 0.000000000e+000 0.000000000e+000 2.367488272e-019 -1.728458150e-014 -8.894513169e-016 -4.373927598e-011 8.894513249e-016 1.207077611e-014 8.894513169e-016 4.373871952e-011 -8.894513256e-016 
d 1.000000000e+006 -1.800000000e+000 0.000000000e+000 0.000000000e+000 -1.321143627e-018 -7.416592251e-016 -8.899132862e-016 -4.381030209e-011 8.899132964e-016 1.364562496e-014 8.899132862e-016 4.381166910e-011 -8.899132947e-016 
d 1.000000000e+006 -1.850000000e+000 0.000000000e+000 0.000000000e+000 -3.041916523e-019 -1.151037393e-014 -8.898069976e-016 -4.405548992e-011 8.898070064e-016 1.258519382e-014 8.898069976e-016 4.405558789e-011 -8.898070063e-016 
d 1.000000000e+006 -1.900000000e+000 0.000000000e+000 0.000000000e+000 -9.776043994e-019 -2.997912091e-014 -8.900792543e-016 -4.415268200e-011 8.900792607e-016 1.076201339e-014 8.900792543e-016 4.415066435e-011 -8.900792633e-016 
d 1.000000000e+006 -2.000000000e+000 0.000000000e+000 0.000000000e+000 -3.722267350e-018 -1.641732141e-014 -8.908742298e-016 -4.420549182e-011 8.908742380e-016 1.219827879e-014 8.908742298e-016 4.420505051e-011 -8.908742386e-016 
