v ATLAS
# This file was created by ATLAS version 5.26.1.R on Wed Oct 27 17:47:21 2021.
#SSF 2.0 generic
##############################################################################
#                    Copyright (c) 1984 - 2018                               #
#                    Silvaco Inc. All rights reserved                        #
#                                                                            #
# This file format and the following Key are copyright Silvaco Inc.          #
# You may not use, this format or key without reproducing this message in    #
# full and obtaining express written permission from Silvaco Inc.            #
#                                                                            #
# To obtain such permission please contact: Silvaco Inc.                     #
#                                           support@silvaco.com              #
#                                                                            #
# KEY=SVC86hn7562asdx                       PROD=345                         #
##############################################################################
y 3 700 711 15
z 0.05 0.003 300
f 4 "source" "gate" "gate2" "drain" 
p 12 2 601 20 3 602 21 4 603 22 5 604 23 
d 0.000000000e+000 0.000000000e+000 -3.120910522e-011 0.000000000e+000 0.000000000e+000 0.000000000e+000 0.000000000e+000 0.000000000e+000 0.000000000e+000 5.000000000e-002 5.000000000e-002 3.120910969e-011 
d 0.000000000e+000 0.000000000e+000 -5.849724294e-010 1.000000000e-001 1.000000000e-001 0.000000000e+000 1.000000000e-001 1.000000000e-001 0.000000000e+000 5.000000000e-002 5.000000000e-002 5.849724163e-010 
d 0.000000000e+000 0.000000000e+000 -1.074756156e-008 2.000000000e-001 2.000000000e-001 0.000000000e+000 2.000000000e-001 2.000000000e-001 0.000000000e+000 5.000000000e-002 5.000000000e-002 1.074756158e-008 
d 0.000000000e+000 0.000000000e+000 -1.840882645e-007 3.000000000e-001 3.000000000e-001 0.000000000e+000 3.000000000e-001 3.000000000e-001 0.000000000e+000 5.000000000e-002 5.000000000e-002 1.840882645e-007 
d 0.000000000e+000 0.000000000e+000 -2.317097247e-006 4.000000000e-001 4.000000000e-001 0.000000000e+000 4.000000000e-001 4.000000000e-001 0.000000000e+000 5.000000000e-002 5.000000000e-002 2.317097247e-006 
d 0.000000000e+000 0.000000000e+000 -1.229233115e-005 5.000000000e-001 5.000000000e-001 0.000000000e+000 5.000000000e-001 5.000000000e-001 0.000000000e+000 5.000000000e-002 5.000000000e-002 1.229233115e-005 
d 0.000000000e+000 0.000000000e+000 -2.919477353e-005 6.000000000e-001 6.000000000e-001 0.000000000e+000 6.000000000e-001 6.000000000e-001 0.000000000e+000 5.000000000e-002 5.000000000e-002 2.919477353e-005 
d 0.000000000e+000 0.000000000e+000 -4.797885911e-005 7.000000000e-001 7.000000000e-001 0.000000000e+000 7.000000000e-001 7.000000000e-001 0.000000000e+000 5.000000000e-002 5.000000000e-002 4.797885911e-005 
d 0.000000000e+000 0.000000000e+000 -6.652858123e-005 8.000000000e-001 8.000000000e-001 0.000000000e+000 8.000000000e-001 8.000000000e-001 0.000000000e+000 5.000000000e-002 5.000000000e-002 6.652858123e-005 
d 0.000000000e+000 0.000000000e+000 -8.376787262e-005 9.000000000e-001 9.000000000e-001 0.000000000e+000 9.000000000e-001 9.000000000e-001 0.000000000e+000 5.000000000e-002 5.000000000e-002 8.376787262e-005 
d 0.000000000e+000 0.000000000e+000 -9.941256890e-005 1.000000000e+000 1.000000000e+000 0.000000000e+000 1.000000000e+000 1.000000000e+000 0.000000000e+000 5.000000000e-002 5.000000000e-002 9.941256890e-005 
d 0.000000000e+000 0.000000000e+000 3.289631277e-018 0.000000000e+000 0.000000000e+000 0.000000000e+000 0.000000000e+000 0.000000000e+000 0.000000000e+000 0.000000000e+000 0.000000000e+000 -4.307850482e-018 
d 0.000000000e+000 0.000000000e+000 -3.394064016e-018 0.000000000e+000 0.000000000e+000 0.000000000e+000 0.000000000e+000 0.000000000e+000 0.000000000e+000 0.000000000e+000 0.000000000e+000 5.508826980e-018 
d 0.000000000e+000 0.000000000e+000 -1.180473500e-011 0.000000000e+000 0.000000000e+000 0.000000000e+000 0.000000000e+000 0.000000000e+000 0.000000000e+000 1.250000000e-002 1.250000000e-002 1.180472263e-011 
d 0.000000000e+000 0.000000000e+000 -2.020776131e-011 0.000000000e+000 0.000000000e+000 0.000000000e+000 0.000000000e+000 0.000000000e+000 0.000000000e+000 2.500000000e-002 2.500000000e-002 2.020775076e-011 
d 0.000000000e+000 0.000000000e+000 -3.120908517e-011 0.000000000e+000 0.000000000e+000 0.000000000e+000 0.000000000e+000 0.000000000e+000 0.000000000e+000 5.000000000e-002 5.000000000e-002 3.120910397e-011 
d 0.000000000e+000 0.000000000e+000 -4.438926817e-011 0.000000000e+000 0.000000000e+000 0.000000000e+000 0.000000000e+000 0.000000000e+000 0.000000000e+000 1.000000000e-001 1.000000000e-001 4.438927694e-011 
d 0.000000000e+000 0.000000000e+000 -6.819428326e-011 0.000000000e+000 0.000000000e+000 0.000000000e+000 0.000000000e+000 0.000000000e+000 0.000000000e+000 2.000000000e-001 2.000000000e-001 6.819432467e-011 
d 0.000000000e+000 0.000000000e+000 -1.426107368e-010 0.000000000e+000 0.000000000e+000 0.000000000e+000 0.000000000e+000 0.000000000e+000 0.000000000e+000 4.000000000e-001 4.000000000e-001 1.426107486e-010 
d 0.000000000e+000 0.000000000e+000 -2.753763322e-010 0.000000000e+000 0.000000000e+000 0.000000000e+000 0.000000000e+000 0.000000000e+000 0.000000000e+000 6.000000000e-001 6.000000000e-001 2.753764345e-010 
d 0.000000000e+000 0.000000000e+000 -5.009697122e-010 0.000000000e+000 0.000000000e+000 0.000000000e+000 0.000000000e+000 0.000000000e+000 0.000000000e+000 8.000000000e-001 8.000000000e-001 5.009696651e-010 
d 0.000000000e+000 0.000000000e+000 -8.691279473e-010 0.000000000e+000 0.000000000e+000 0.000000000e+000 0.000000000e+000 0.000000000e+000 0.000000000e+000 1.000000000e+000 1.000000000e+000 8.691279499e-010 
