v ATLAS
# This file was created by ATLAS version 5.26.1.R on Tue Jan 04 15:36:55 2022.
#SSF 2.0 generic
##############################################################################
#                    Copyright (c) 1984 - 2018                               #
#                    Silvaco Inc. All rights reserved                        #
#                                                                            #
# This file format and the following Key are copyright Silvaco Inc.          #
# You may not use, this format or key without reproducing this message in    #
# full and obtaining express written permission from Silvaco Inc.            #
#                                                                            #
# To obtain such permission please contact: Silvaco Inc.                     #
#                                           support@silvaco.com              #
#                                                                            #
# KEY=SVC86hn7562asdx                       PROD=345                         #
##############################################################################
y 3 700 711 15
z 0.05 0.0032 300
f 8 "anode" "gate" "cathode" "anode2" "gate2" "cathode2" "drain" "source" 
p 24 2 601 20 3 602 21 4 603 22 5 604 23 6 605 24 7 606 25 8 607 26 9 608 27 
d 1.200000000e+000 1.200000000e+000 0.000000000e+000 0.000000000e+000 0.000000000e+000 -2.230941066e-018 -1.200000000e+000 -1.200000000e+000 0.000000000e+000 1.200000000e+000 1.200000000e+000 0.000000000e+000 0.000000000e+000 0.000000000e+000 0.000000000e+000 -1.200000000e+000 -1.200000000e+000 0.000000000e+000 1.000000000e+000 1.000000000e+000 2.237588239e-018 0.000000000e+000 0.000000000e+000 -6.486143510e-021 
d 1.200000000e+000 1.200000000e+000 0.000000000e+000 5.000000000e-002 5.000000000e-002 -1.362549703e-016 -1.200000000e+000 -1.200000000e+000 0.000000000e+000 1.200000000e+000 1.200000000e+000 0.000000000e+000 5.000000000e-002 5.000000000e-002 0.000000000e+000 -1.200000000e+000 -1.200000000e+000 0.000000000e+000 1.000000000e+000 1.000000000e+000 1.362611651e-016 0.000000000e+000 0.000000000e+000 4.455153098e-021 
d 1.200000000e+000 1.200000000e+000 0.000000000e+000 1.000000000e-001 1.000000000e-001 -7.938513671e-016 -1.200000000e+000 -1.200000000e+000 0.000000000e+000 1.200000000e+000 1.200000000e+000 0.000000000e+000 1.000000000e-001 1.000000000e-001 0.000000000e+000 -1.200000000e+000 -1.200000000e+000 0.000000000e+000 1.000000000e+000 1.000000000e+000 7.938576262e-016 0.000000000e+000 0.000000000e+000 -1.974080791e-021 
d 1.200000000e+000 1.200000000e+000 0.000000000e+000 1.500000000e-001 1.500000000e-001 -2.103321446e-015 -1.200000000e+000 -1.200000000e+000 0.000000000e+000 1.200000000e+000 1.200000000e+000 0.000000000e+000 1.500000000e-001 1.500000000e-001 0.000000000e+000 -1.200000000e+000 -1.200000000e+000 0.000000000e+000 1.000000000e+000 1.000000000e+000 2.103327572e-015 0.000000000e+000 0.000000000e+000 -3.459066289e-021 
d 1.200000000e+000 1.200000000e+000 0.000000000e+000 2.000000000e-001 2.000000000e-001 -3.824308616e-015 -1.200000000e+000 -1.200000000e+000 0.000000000e+000 1.200000000e+000 1.200000000e+000 0.000000000e+000 2.000000000e-001 2.000000000e-001 0.000000000e+000 -1.200000000e+000 -1.200000000e+000 0.000000000e+000 1.000000000e+000 1.000000000e+000 3.824314952e-015 0.000000000e+000 0.000000000e+000 -9.658734853e-021 
d 1.200000000e+000 1.200000000e+000 0.000000000e+000 2.500000000e-001 2.500000000e-001 -5.767514430e-015 -1.200000000e+000 -1.200000000e+000 0.000000000e+000 1.200000000e+000 1.200000000e+000 0.000000000e+000 2.500000000e-001 2.500000000e-001 0.000000000e+000 -1.200000000e+000 -1.200000000e+000 0.000000000e+000 1.000000000e+000 1.000000000e+000 5.767520720e-015 0.000000000e+000 0.000000000e+000 -1.261946047e-020 
d 1.200000000e+000 1.200000000e+000 0.000000000e+000 3.000000000e-001 3.000000000e-001 -8.054286883e-015 -1.200000000e+000 -1.200000000e+000 0.000000000e+000 1.200000000e+000 1.200000000e+000 0.000000000e+000 3.000000000e-001 3.000000000e-001 0.000000000e+000 -1.200000000e+000 -1.200000000e+000 0.000000000e+000 1.000000000e+000 1.000000000e+000 8.054297045e-015 0.000000000e+000 0.000000000e+000 -6.456959729e-021 
d 1.200000000e+000 1.200000000e+000 0.000000000e+000 3.500000000e-001 3.500000000e-001 -1.116227645e-014 -1.200000000e+000 -1.200000000e+000 0.000000000e+000 1.200000000e+000 1.200000000e+000 0.000000000e+000 3.500000000e-001 3.500000000e-001 0.000000000e+000 -1.200000000e+000 -1.200000000e+000 0.000000000e+000 1.000000000e+000 1.000000000e+000 1.116228263e-014 0.000000000e+000 0.000000000e+000 1.732172427e-021 
d 1.200000000e+000 1.200000000e+000 0.000000000e+000 4.000000000e-001 4.000000000e-001 -1.522672346e-014 -1.200000000e+000 -1.200000000e+000 0.000000000e+000 1.200000000e+000 1.200000000e+000 0.000000000e+000 4.000000000e-001 4.000000000e-001 0.000000000e+000 -1.200000000e+000 -1.200000000e+000 0.000000000e+000 1.000000000e+000 1.000000000e+000 1.522672912e-014 0.000000000e+000 0.000000000e+000 8.119267346e-021 
d 1.200000000e+000 1.200000000e+000 0.000000000e+000 4.500000000e-001 4.500000000e-001 -2.008020853e-014 -1.200000000e+000 -1.200000000e+000 0.000000000e+000 1.200000000e+000 1.200000000e+000 0.000000000e+000 4.500000000e-001 4.500000000e-001 0.000000000e+000 -1.200000000e+000 -1.200000000e+000 0.000000000e+000 1.000000000e+000 1.000000000e+000 2.008021202e-014 0.000000000e+000 0.000000000e+000 -5.842455772e-022 
d 1.200000000e+000 1.200000000e+000 0.000000000e+000 5.000000000e-001 5.000000000e-001 -2.547891952e-014 -1.200000000e+000 -1.200000000e+000 0.000000000e+000 1.200000000e+000 1.200000000e+000 0.000000000e+000 5.000000000e-001 5.000000000e-001 0.000000000e+000 -1.200000000e+000 -1.200000000e+000 0.000000000e+000 1.000000000e+000 1.000000000e+000 2.547892443e-014 0.000000000e+000 0.000000000e+000 1.535215773e-021 
d 1.200000000e+000 1.200000000e+000 0.000000000e+000 5.500000000e-001 5.500000000e-001 -3.119460239e-014 -1.200000000e+000 -1.200000000e+000 0.000000000e+000 1.200000000e+000 1.200000000e+000 0.000000000e+000 5.500000000e-001 5.500000000e-001 0.000000000e+000 -1.200000000e+000 -1.200000000e+000 0.000000000e+000 1.000000000e+000 1.000000000e+000 3.119460054e-014 0.000000000e+000 0.000000000e+000 -6.654444064e-021 
d 1.200000000e+000 1.200000000e+000 0.000000000e+000 6.000000000e-001 6.000000000e-001 -3.704221426e-014 -1.200000000e+000 -1.200000000e+000 0.000000000e+000 1.200000000e+000 1.200000000e+000 0.000000000e+000 6.000000000e-001 6.000000000e-001 0.000000000e+000 -1.200000000e+000 -1.200000000e+000 0.000000000e+000 1.000000000e+000 1.000000000e+000 3.704222036e-014 0.000000000e+000 0.000000000e+000 1.431578201e-021 
d 1.200000000e+000 1.200000000e+000 0.000000000e+000 6.500000000e-001 6.500000000e-001 -4.287721058e-014 -1.200000000e+000 -1.200000000e+000 0.000000000e+000 1.200000000e+000 1.200000000e+000 0.000000000e+000 6.500000000e-001 6.500000000e-001 0.000000000e+000 -1.200000000e+000 -1.200000000e+000 0.000000000e+000 1.000000000e+000 1.000000000e+000 4.287721494e-014 0.000000000e+000 0.000000000e+000 -5.153217141e-021 
d 1.200000000e+000 1.200000000e+000 0.000000000e+000 7.000000000e-001 7.000000000e-001 -4.859746822e-014 -1.200000000e+000 -1.200000000e+000 0.000000000e+000 1.200000000e+000 1.200000000e+000 0.000000000e+000 7.000000000e-001 7.000000000e-001 0.000000000e+000 -1.200000000e+000 -1.200000000e+000 0.000000000e+000 1.000000000e+000 1.000000000e+000 4.859747294e-014 0.000000000e+000 0.000000000e+000 -7.878764098e-021 
d 1.200000000e+000 1.200000000e+000 0.000000000e+000 7.500000000e-001 7.500000000e-001 -5.412360278e-014 -1.200000000e+000 -1.200000000e+000 0.000000000e+000 1.200000000e+000 1.200000000e+000 0.000000000e+000 7.500000000e-001 7.500000000e-001 0.000000000e+000 -1.200000000e+000 -1.200000000e+000 0.000000000e+000 1.000000000e+000 1.000000000e+000 5.412360497e-014 0.000000000e+000 0.000000000e+000 -7.617268780e-021 
d 1.200000000e+000 1.200000000e+000 0.000000000e+000 8.000000000e-001 8.000000000e-001 -5.940497326e-014 -1.200000000e+000 -1.200000000e+000 0.000000000e+000 1.200000000e+000 1.200000000e+000 0.000000000e+000 8.000000000e-001 8.000000000e-001 0.000000000e+000 -1.200000000e+000 -1.200000000e+000 0.000000000e+000 1.000000000e+000 1.000000000e+000 5.940497806e-014 0.000000000e+000 0.000000000e+000 7.565097430e-022 
