v ATLAS
# This file was created by ATLAS version 5.26.1.R on Wed Oct 13 17:42:41 2021.
#SSF 2.0 generic
##############################################################################
#                    Copyright (c) 1984 - 2018                               #
#                    Silvaco Inc. All rights reserved                        #
#                                                                            #
# This file format and the following Key are copyright Silvaco Inc.          #
# You may not use, this format or key without reproducing this message in    #
# full and obtaining express written permission from Silvaco Inc.            #
#                                                                            #
# To obtain such permission please contact: Silvaco Inc.                     #
#                                           support@silvaco.com              #
#                                                                            #
# KEY=SVC86hn7562asdx                       PROD=345                         #
##############################################################################
y 1 15
z 300
f 2 "anode" "cathode" 
p 6 2 601 20 3 602 21 
d -2.000000000e+000 -2.000000000e+000 -7.819813125e-014 0.000000000e+000 0.000000000e+000 7.819813607e-014 
d -1.950000000e+000 -1.950000000e+000 -7.649449681e-014 0.000000000e+000 0.000000000e+000 7.650049364e-014 
d -1.900000000e+000 -1.900000000e+000 -7.429797251e-014 0.000000000e+000 0.000000000e+000 7.429804162e-014 
d -1.850000000e+000 -1.850000000e+000 -7.170294111e-014 0.000000000e+000 0.000000000e+000 7.170290361e-014 
d -1.800000000e+000 -1.800000000e+000 -6.892826851e-014 0.000000000e+000 0.000000000e+000 6.892821947e-014 
d -1.750000000e+000 -1.750000000e+000 -6.619765283e-014 0.000000000e+000 0.000000000e+000 6.619761924e-014 
d -1.700000000e+000 -1.700000000e+000 -6.367575366e-014 0.000000000e+000 0.000000000e+000 6.367573298e-014 
d -1.650000000e+000 -1.650000000e+000 -6.146105852e-014 0.000000000e+000 0.000000000e+000 6.146108972e-014 
d -1.600000000e+000 -1.600000000e+000 -5.960080987e-014 0.000000000e+000 0.000000000e+000 5.960089473e-014 
d -1.550000000e+000 -1.550000000e+000 -5.809678942e-014 0.000000000e+000 0.000000000e+000 5.809683080e-014 
d -1.500000000e+000 -1.500000000e+000 -5.690629961e-014 0.000000000e+000 0.000000000e+000 5.690623966e-014 
d -1.450000000e+000 -1.450000000e+000 -5.594732154e-014 0.000000000e+000 0.000000000e+000 5.594725465e-014 
d -1.400000000e+000 -1.400000000e+000 -5.510462029e-014 0.000000000e+000 0.000000000e+000 5.510456864e-014 
d -1.350000000e+000 -1.350000000e+000 -5.423027978e-014 0.000000000e+000 0.000000000e+000 5.423025964e-014 
d -1.300000000e+000 -1.300000000e+000 -5.314830168e-014 0.000000000e+000 0.000000000e+000 5.314827534e-014 
d -1.250000000e+000 -1.250000000e+000 -5.169283350e-014 0.000000000e+000 0.000000000e+000 5.169288021e-014 
d -1.200000000e+000 -1.200000000e+000 -4.981289397e-014 0.000000000e+000 0.000000000e+000 4.981286920e-014 
d -1.150000000e+000 -1.150000000e+000 -4.768687114e-014 0.000000000e+000 0.000000000e+000 4.768681987e-014 
d -1.100000000e+000 -1.100000000e+000 -4.567287611e-014 0.000000000e+000 0.000000000e+000 4.567288920e-014 
d -1.050000000e+000 -1.050000000e+000 -4.406848842e-014 0.000000000e+000 0.000000000e+000 4.406842410e-014 
d -1.000000000e+000 -1.000000000e+000 -4.294926971e-014 0.000000000e+000 0.000000000e+000 4.294925453e-014 
d -9.500000000e-001 -9.500000000e-001 -4.222171011e-014 0.000000000e+000 0.000000000e+000 4.222161736e-014 
d -9.000000000e-001 -9.000000000e-001 -4.173725514e-014 0.000000000e+000 0.000000000e+000 4.173727634e-014 
d -8.500000000e-001 -8.500000000e-001 -4.134963894e-014 0.000000000e+000 0.000000000e+000 4.134970856e-014 
d -8.000000000e-001 -8.000000000e-001 -4.090813725e-014 0.000000000e+000 0.000000000e+000 4.090810770e-014 
d -7.500000000e-001 -7.500000000e-001 -4.021828104e-014 0.000000000e+000 0.000000000e+000 4.021822097e-014 
d -7.000000000e-001 -7.000000000e-001 -3.900066520e-014 0.000000000e+000 0.000000000e+000 3.900067024e-014 
d -6.500000000e-001 -6.500000000e-001 -3.691639091e-014 0.000000000e+000 0.000000000e+000 3.691641365e-014 
d -6.000000000e-001 -6.000000000e-001 -3.377549321e-014 0.000000000e+000 0.000000000e+000 3.377548014e-014 
d -5.500000000e-001 -5.500000000e-001 -2.983699254e-014 0.000000000e+000 0.000000000e+000 2.983700311e-014 
d -5.000000000e-001 -5.000000000e-001 -2.572485897e-014 0.000000000e+000 0.000000000e+000 2.572484323e-014 
d -4.500000000e-001 -4.500000000e-001 -2.199031572e-014 0.000000000e+000 0.000000000e+000 2.199032903e-014 
d -4.000000000e-001 -4.000000000e-001 -1.893959895e-014 0.000000000e+000 0.000000000e+000 1.893962953e-014 
d -3.500000000e-001 -3.500000000e-001 -1.666123590e-014 0.000000000e+000 0.000000000e+000 1.666123517e-014 
d -3.000000000e-001 -3.000000000e-001 -1.502311773e-014 0.000000000e+000 0.000000000e+000 1.502314128e-014 
d -2.500000000e-001 -2.500000000e-001 -1.368986748e-014 0.000000000e+000 0.000000000e+000 1.368989609e-014 
d -2.000000000e-001 -2.000000000e-001 -1.213261130e-014 0.000000000e+000 0.000000000e+000 1.213264293e-014 
d -1.500000000e-001 -1.500000000e-001 -9.730546048e-015 0.000000000e+000 0.000000000e+000 9.730467364e-015 
d -1.000000000e-001 -1.000000000e-001 -6.393257470e-015 0.000000000e+000 0.000000000e+000 6.393222771e-015 
d -5.000000000e-002 -5.000000000e-002 -3.021745161e-015 0.000000000e+000 0.000000000e+000 3.021775156e-015 
d 3.099766197e-016 3.099766197e-016 1.586888104e-019 0.000000000e+000 0.000000000e+000 -3.426699247e-020 
d 5.000000000e-002 5.000000000e-002 4.584738670e-015 0.000000000e+000 0.000000000e+000 -4.584729249e-015 
d 1.000000000e-001 1.000000000e-001 1.865447570e-014 0.000000000e+000 0.000000000e+000 -1.865446266e-014 
d 1.500000000e-001 1.500000000e-001 8.076309389e-014 0.000000000e+000 0.000000000e+000 -8.076308229e-014 
d 2.000000000e-001 2.000000000e-001 4.156918335e-013 0.000000000e+000 0.000000000e+000 -4.156918324e-013 
d 2.500000000e-001 2.500000000e-001 2.449817575e-012 0.000000000e+000 0.000000000e+000 -2.449817552e-012 
d 3.000000000e-001 3.000000000e-001 1.560423819e-011 0.000000000e+000 0.000000000e+000 -1.560423819e-011 
d 3.500000000e-001 3.500000000e-001 1.032791271e-010 0.000000000e+000 0.000000000e+000 -1.032791271e-010 
d 4.000000000e-001 4.000000000e-001 6.956335143e-010 0.000000000e+000 0.000000000e+000 -6.956335143e-010 
d 4.500000000e-001 4.500000000e-001 4.718385982e-009 0.000000000e+000 0.000000000e+000 -4.718385982e-009 
d 5.000000000e-001 5.000000000e-001 3.200522204e-008 0.000000000e+000 0.000000000e+000 -3.200522204e-008 
d 5.500000000e-001 5.500000000e-001 2.138937053e-007 0.000000000e+000 0.000000000e+000 -2.138937053e-007 
d 6.000000000e-001 6.000000000e-001 1.316242633e-006 0.000000000e+000 0.000000000e+000 -1.316242633e-006 
d 6.500000000e-001 6.500000000e-001 6.113727573e-006 0.000000000e+000 0.000000000e+000 -6.113727570e-006 
d 7.000000000e-001 7.000000000e-001 1.851559361e-005 0.000000000e+000 0.000000000e+000 -1.851559344e-005 
d 7.500000000e-001 7.500000000e-001 4.022409992e-005 0.000000000e+000 0.000000000e+000 -4.022409991e-005 
d 8.000000000e-001 8.000000000e-001 7.123124048e-005 0.000000000e+000 0.000000000e+000 -7.123124048e-005 
d 8.500000000e-001 8.500000000e-001 1.109384061e-004 0.000000000e+000 0.000000000e+000 -1.109384061e-004 
d 9.000000000e-001 9.000000000e-001 1.584518621e-004 0.000000000e+000 0.000000000e+000 -1.584518621e-004 
d 9.500000000e-001 9.500000000e-001 2.126824471e-004 0.000000000e+000 0.000000000e+000 -2.126824455e-004 
d 1.000000000e+000 1.000000000e+000 2.724075957e-004 0.000000000e+000 0.000000000e+000 -2.724075948e-004 
d 1.050000000e+000 1.050000000e+000 3.363455257e-004 0.000000000e+000 0.000000000e+000 -3.363455252e-004 
d 1.100000000e+000 1.100000000e+000 4.032189982e-004 0.000000000e+000 0.000000000e+000 -4.032189979e-004 
d 1.150000000e+000 1.150000000e+000 4.718026156e-004 0.000000000e+000 0.000000000e+000 -4.718026155e-004 
d 1.200000000e+000 1.200000000e+000 5.409773460e-004 0.000000000e+000 0.000000000e+000 -5.409773460e-004 
d 1.250000000e+000 1.250000000e+000 6.097688149e-004 0.000000000e+000 0.000000000e+000 -6.097688149e-004 
d 1.300000000e+000 1.300000000e+000 6.773694552e-004 0.000000000e+000 0.000000000e+000 -6.773694552e-004 
d 1.350000000e+000 1.350000000e+000 7.431480746e-004 0.000000000e+000 0.000000000e+000 -7.431480746e-004 
d 1.400000000e+000 1.400000000e+000 8.066450956e-004 0.000000000e+000 0.000000000e+000 -8.066450956e-004 
d 1.450000000e+000 1.450000000e+000 8.675550133e-004 0.000000000e+000 0.000000000e+000 -8.675550134e-004 
d 1.500000000e+000 1.500000000e+000 9.257001225e-004 0.000000000e+000 0.000000000e+000 -9.257001225e-004 
d 1.550000000e+000 1.550000000e+000 9.810010859e-004 0.000000000e+000 0.000000000e+000 -9.810010859e-004 
d 1.600000000e+000 1.600000000e+000 1.033449450e-003 0.000000000e+000 0.000000000e+000 -1.033449450e-003 
d 1.650000000e+000 1.650000000e+000 1.083085201e-003 0.000000000e+000 0.000000000e+000 -1.083085201e-003 
d 1.700000000e+000 1.700000000e+000 1.129980163e-003 0.000000000e+000 0.000000000e+000 -1.129980163e-003 
d 1.750000000e+000 1.750000000e+000 1.174226532e-003 0.000000000e+000 0.000000000e+000 -1.174226532e-003 
d 1.800000000e+000 1.800000000e+000 1.215929189e-003 0.000000000e+000 0.000000000e+000 -1.215929189e-003 
d 1.850000000e+000 1.850000000e+000 1.255200560e-003 0.000000000e+000 0.000000000e+000 -1.255200560e-003 
d 1.900000000e+000 1.900000000e+000 1.292157039e-003 0.000000000e+000 0.000000000e+000 -1.292157039e-003 
d 1.950000000e+000 1.950000000e+000 1.326916386e-003 0.000000000e+000 0.000000000e+000 -1.326916386e-003 
d 2.000000000e+000 2.000000000e+000 1.359595731e-003 0.000000000e+000 0.000000000e+000 -1.359595731e-003 
