v ATLAS
# This file was created by ATLAS version 5.26.1.R on Fri Nov 05 20:38:45 2021.
#SSF 2.0 generic
##############################################################################
#                    Copyright (c) 1984 - 2018                               #
#                    Silvaco Inc. All rights reserved                        #
#                                                                            #
# This file format and the following Key are copyright Silvaco Inc.          #
# You may not use, this format or key without reproducing this message in    #
# full and obtaining express written permission from Silvaco Inc.            #
#                                                                            #
# To obtain such permission please contact: Silvaco Inc.                     #
#                                           support@silvaco.com              #
#                                                                            #
# KEY=SVC86hn7562asdx                       PROD=345                         #
##############################################################################
y 1 15
z 300
f 1 "anode" 
p 3 2 601 20 
d 1.875000000e+000 1.875000000e+000 -3.795182702e-020 
d 1.750000000e+000 1.750000000e+000 4.382615369e-021 
d 1.500000000e+000 1.500000000e+000 2.218315983e-020 
d 1.000000000e+000 1.000000000e+000 3.500308057e-020 
d 1.050000000e+000 1.050000000e+000 3.558520687e-020 
d 1.100000000e+000 1.100000000e+000 4.538656741e-020 
d 1.150000000e+000 1.150000000e+000 -4.748828722e-021 
d 1.200000000e+000 1.200000000e+000 -1.406398228e-020 
d 1.250000000e+000 1.250000000e+000 -4.190213030e-020 
d 1.300000000e+000 1.300000000e+000 -3.264303193e-020 
d 1.350000000e+000 1.350000000e+000 3.968974140e-020 
d 1.400000000e+000 1.400000000e+000 -3.412517400e-020 
d 1.450000000e+000 1.450000000e+000 -1.949272419e-020 
d 1.500000000e+000 1.500000000e+000 2.516424521e-020 
d 1.550000000e+000 1.550000000e+000 2.094244888e-020 
d 1.600000000e+000 1.600000000e+000 -6.104192719e-020 
d 1.650000000e+000 1.650000000e+000 7.202280334e-020 
d 1.700000000e+000 1.700000000e+000 -2.084165590e-020 
d 1.750000000e+000 1.750000000e+000 -1.378609174e-020 
d 1.800000000e+000 1.800000000e+000 9.078600619e-021 
d 1.850000000e+000 1.850000000e+000 -2.174868865e-020 
d 1.900000000e+000 1.900000000e+000 1.209231404e-020 
d 1.950000000e+000 1.950000000e+000 2.301033892e-020 
d 2.000000000e+000 2.000000000e+000 -1.130828377e-019 
