v ATLAS
# This file was created by ATLAS version 5.26.1.R on Fri Nov 05 20:31:24 2021.
#SSF 2.0 generic
##############################################################################
#                    Copyright (c) 1984 - 2018                               #
#                    Silvaco Inc. All rights reserved                        #
#                                                                            #
# This file format and the following Key are copyright Silvaco Inc.          #
# You may not use, this format or key without reproducing this message in    #
# full and obtaining express written permission from Silvaco Inc.            #
#                                                                            #
# To obtain such permission please contact: Silvaco Inc.                     #
#                                           support@silvaco.com              #
#                                                                            #
# KEY=SVC86hn7562asdx                       PROD=345                         #
##############################################################################
y 1 15
z 300
f 2 "anode" "cathode" 
p 6 2 601 20 3 602 21 
d -1.250000000e-001 -1.250000000e-001 -1.634488402e-004 0.000000000e+000 0.000000000e+000 1.634488402e-004 
d -2.500000000e-001 -2.500000000e-001 -3.265503299e-004 0.000000000e+000 0.000000000e+000 3.265503299e-004 
d -5.000000000e-001 -5.000000000e-001 -6.509074107e-004 0.000000000e+000 0.000000000e+000 6.509074107e-004 
d -1.000000000e+000 -1.000000000e+000 -1.286806291e-003 0.000000000e+000 0.000000000e+000 1.286806292e-003 
d -2.000000000e+000 -2.000000000e+000 -2.469767156e-003 0.000000000e+000 0.000000000e+000 2.469768121e-003 
d -1.950000000e+000 -1.950000000e+000 -2.414224461e-003 0.000000000e+000 0.000000000e+000 2.414224461e-003 
d -1.900000000e+000 -1.900000000e+000 -2.358261817e-003 0.000000000e+000 0.000000000e+000 2.358261817e-003 
d -1.850000000e+000 -1.850000000e+000 -2.301885662e-003 0.000000000e+000 0.000000000e+000 2.301885662e-003 
d -1.800000000e+000 -1.800000000e+000 -2.245101550e-003 0.000000000e+000 0.000000000e+000 2.245101550e-003 
d -1.750000000e+000 -1.750000000e+000 -2.187915346e-003 0.000000000e+000 0.000000000e+000 2.187915346e-003 
d -1.700000000e+000 -1.700000000e+000 -2.130333229e-003 0.000000000e+000 0.000000000e+000 2.130333229e-003 
d -1.650000000e+000 -1.650000000e+000 -2.072361689e-003 0.000000000e+000 0.000000000e+000 2.072361689e-003 
d -1.600000000e+000 -1.600000000e+000 -2.014007531e-003 0.000000000e+000 0.000000000e+000 2.014007531e-003 
d -1.550000000e+000 -1.550000000e+000 -1.955277871e-003 0.000000000e+000 0.000000000e+000 1.955277871e-003 
d -1.500000000e+000 -1.500000000e+000 -1.896180134e-003 0.000000000e+000 0.000000000e+000 1.896180134e-003 
d -1.450000000e+000 -1.450000000e+000 -1.836722056e-003 0.000000000e+000 0.000000000e+000 1.836722056e-003 
d -1.400000000e+000 -1.400000000e+000 -1.776911608e-003 0.000000000e+000 0.000000000e+000 1.776911608e-003 
d -1.350000000e+000 -1.350000000e+000 -1.716757145e-003 0.000000000e+000 0.000000000e+000 1.716757145e-003 
d -1.300000000e+000 -1.300000000e+000 -1.656267369e-003 0.000000000e+000 0.000000000e+000 1.656267369e-003 
d -1.250000000e+000 -1.250000000e+000 -1.595451203e-003 0.000000000e+000 0.000000000e+000 1.595451203e-003 
d -1.200000000e+000 -1.200000000e+000 -1.534317856e-003 0.000000000e+000 0.000000000e+000 1.534317856e-003 
d -1.150000000e+000 -1.150000000e+000 -1.472876813e-003 0.000000000e+000 0.000000000e+000 1.472876813e-003 
d -1.100000000e+000 -1.100000000e+000 -1.411137826e-003 0.000000000e+000 0.000000000e+000 1.411137826e-003 
d -1.050000000e+000 -1.050000000e+000 -1.349110910e-003 0.000000000e+000 0.000000000e+000 1.349110910e-003 
d -1.000000000e+000 -1.000000000e+000 -1.286806292e-003 0.000000000e+000 0.000000000e+000 1.286806292e-003 
d -9.500000000e-001 -9.500000000e-001 -1.224234488e-003 0.000000000e+000 0.000000000e+000 1.224234488e-003 
d -9.000000000e-001 -9.000000000e-001 -1.161406283e-003 0.000000000e+000 0.000000000e+000 1.161406283e-003 
d -8.500000000e-001 -8.500000000e-001 -1.098332641e-003 0.000000000e+000 0.000000000e+000 1.098332641e-003 
d -8.000000000e-001 -8.000000000e-001 -1.035024737e-003 0.000000000e+000 0.000000000e+000 1.035024737e-003 
d -7.500000000e-001 -7.500000000e-001 -9.714939463e-004 0.000000000e+000 0.000000000e+000 9.714939463e-004 
d -7.000000000e-001 -7.000000000e-001 -9.077518347e-004 0.000000000e+000 0.000000000e+000 9.077518347e-004 
d -6.500000000e-001 -6.500000000e-001 -8.438101458e-004 0.000000000e+000 0.000000000e+000 8.438101458e-004 
d -6.000000000e-001 -6.000000000e-001 -7.796807641e-004 0.000000000e+000 0.000000000e+000 7.796807641e-004 
d -5.500000000e-001 -5.500000000e-001 -7.153757821e-004 0.000000000e+000 0.000000000e+000 7.153757821e-004 
d -5.000000000e-001 -5.000000000e-001 -6.509074107e-004 0.000000000e+000 0.000000000e+000 6.509074107e-004 
d -4.500000000e-001 -4.500000000e-001 -5.862879869e-004 0.000000000e+000 0.000000000e+000 5.862879869e-004 
d -4.000000000e-001 -4.000000000e-001 -5.215299655e-004 0.000000000e+000 0.000000000e+000 5.215299655e-004 
d -3.500000000e-001 -3.500000000e-001 -4.566459022e-004 0.000000000e+000 0.000000000e+000 4.566459022e-004 
d -3.000000000e-001 -3.000000000e-001 -3.916484526e-004 0.000000000e+000 0.000000000e+000 3.916484526e-004 
d -2.500000000e-001 -2.500000000e-001 -3.265503299e-004 0.000000000e+000 0.000000000e+000 3.265503299e-004 
d -2.000000000e-001 -2.000000000e-001 -2.613643502e-004 0.000000000e+000 0.000000000e+000 2.613643502e-004 
d -1.500000000e-001 -1.500000000e-001 -1.961033955e-004 0.000000000e+000 0.000000000e+000 1.961033955e-004 
d -1.000000000e-001 -1.000000000e-001 -1.307803844e-004 0.000000000e+000 0.000000000e+000 1.307803844e-004 
d -5.000000000e-002 -5.000000000e-002 -6.540825971e-005 0.000000000e+000 0.000000000e+000 6.540825971e-005 
d 3.099766197e-016 3.099766197e-016 3.521227057e-019 0.000000000e+000 0.000000000e+000 -7.090131400e-019 
d 5.000000000e-002 5.000000000e-002 6.540825971e-005 0.000000000e+000 0.000000000e+000 -6.540825971e-005 
d 1.000000000e-001 1.000000000e-001 1.307803844e-004 0.000000000e+000 0.000000000e+000 -1.307803844e-004 
d 1.500000000e-001 1.500000000e-001 1.961033955e-004 0.000000000e+000 0.000000000e+000 -1.961033955e-004 
d 2.000000000e-001 2.000000000e-001 2.613643502e-004 0.000000000e+000 0.000000000e+000 -2.613643502e-004 
d 2.500000000e-001 2.500000000e-001 3.265503299e-004 0.000000000e+000 0.000000000e+000 -3.265503299e-004 
d 3.000000000e-001 3.000000000e-001 3.916484526e-004 0.000000000e+000 0.000000000e+000 -3.916484526e-004 
d 3.500000000e-001 3.500000000e-001 4.566459022e-004 0.000000000e+000 0.000000000e+000 -4.566459022e-004 
d 4.000000000e-001 4.000000000e-001 5.215299655e-004 0.000000000e+000 0.000000000e+000 -5.215299655e-004 
d 4.500000000e-001 4.500000000e-001 5.862879869e-004 0.000000000e+000 0.000000000e+000 -5.862879869e-004 
d 5.000000000e-001 5.000000000e-001 6.509074107e-004 0.000000000e+000 0.000000000e+000 -6.509074107e-004 
d 5.500000000e-001 5.500000000e-001 7.153757821e-004 0.000000000e+000 0.000000000e+000 -7.153757821e-004 
d 6.000000000e-001 6.000000000e-001 7.796807641e-004 0.000000000e+000 0.000000000e+000 -7.796807641e-004 
d 6.500000000e-001 6.500000000e-001 8.438101458e-004 0.000000000e+000 0.000000000e+000 -8.438101458e-004 
d 7.000000000e-001 7.000000000e-001 9.077518347e-004 0.000000000e+000 0.000000000e+000 -9.077518347e-004 
d 7.500000000e-001 7.500000000e-001 9.714939463e-004 0.000000000e+000 0.000000000e+000 -9.714939463e-004 
d 8.000000000e-001 8.000000000e-001 1.035024737e-003 0.000000000e+000 0.000000000e+000 -1.035024737e-003 
d 8.500000000e-001 8.500000000e-001 1.098332641e-003 0.000000000e+000 0.000000000e+000 -1.098332641e-003 
d 9.000000000e-001 9.000000000e-001 1.161406283e-003 0.000000000e+000 0.000000000e+000 -1.161406283e-003 
d 9.500000000e-001 9.500000000e-001 1.224234488e-003 0.000000000e+000 0.000000000e+000 -1.224234488e-003 
d 1.000000000e+000 1.000000000e+000 1.286806292e-003 0.000000000e+000 0.000000000e+000 -1.286806292e-003 
d 1.050000000e+000 1.050000000e+000 1.349110910e-003 0.000000000e+000 0.000000000e+000 -1.349110910e-003 
d 1.100000000e+000 1.100000000e+000 1.411137826e-003 0.000000000e+000 0.000000000e+000 -1.411137826e-003 
d 1.150000000e+000 1.150000000e+000 1.472876813e-003 0.000000000e+000 0.000000000e+000 -1.472876813e-003 
d 1.200000000e+000 1.200000000e+000 1.534317856e-003 0.000000000e+000 0.000000000e+000 -1.534317856e-003 
d 1.250000000e+000 1.250000000e+000 1.595451203e-003 0.000000000e+000 0.000000000e+000 -1.595451203e-003 
d 1.300000000e+000 1.300000000e+000 1.656267369e-003 0.000000000e+000 0.000000000e+000 -1.656267369e-003 
d 1.350000000e+000 1.350000000e+000 1.716757145e-003 0.000000000e+000 0.000000000e+000 -1.716757145e-003 
d 1.400000000e+000 1.400000000e+000 1.776911608e-003 0.000000000e+000 0.000000000e+000 -1.776911608e-003 
d 1.450000000e+000 1.450000000e+000 1.836722056e-003 0.000000000e+000 0.000000000e+000 -1.836722056e-003 
d 1.500000000e+000 1.500000000e+000 1.896180134e-003 0.000000000e+000 0.000000000e+000 -1.896180134e-003 
d 1.550000000e+000 1.550000000e+000 1.955277871e-003 0.000000000e+000 0.000000000e+000 -1.955277871e-003 
d 1.600000000e+000 1.600000000e+000 2.014007531e-003 0.000000000e+000 0.000000000e+000 -2.014007531e-003 
d 1.650000000e+000 1.650000000e+000 2.072361689e-003 0.000000000e+000 0.000000000e+000 -2.072361689e-003 
d 1.700000000e+000 1.700000000e+000 2.130333229e-003 0.000000000e+000 0.000000000e+000 -2.130333229e-003 
d 1.750000000e+000 1.750000000e+000 2.187915346e-003 0.000000000e+000 0.000000000e+000 -2.187915346e-003 
d 1.800000000e+000 1.800000000e+000 2.245101550e-003 0.000000000e+000 0.000000000e+000 -2.245101550e-003 
d 1.850000000e+000 1.850000000e+000 2.301885662e-003 0.000000000e+000 0.000000000e+000 -2.301885662e-003 
d 1.900000000e+000 1.900000000e+000 2.358261817e-003 0.000000000e+000 0.000000000e+000 -2.358261817e-003 
d 1.950000000e+000 1.950000000e+000 2.414224461e-003 0.000000000e+000 0.000000000e+000 -2.414224461e-003 
d 2.000000000e+000 2.000000000e+000 2.469768349e-003 0.000000000e+000 0.000000000e+000 -2.469768349e-003 
