v ATLAS
# This file was created by ATLAS version 5.26.1.R on Fri Nov 05 20:38:17 2021.
#SSF 2.0 generic
##############################################################################
#                    Copyright (c) 1984 - 2018                               #
#                    Silvaco Inc. All rights reserved                        #
#                                                                            #
# This file format and the following Key are copyright Silvaco Inc.          #
# You may not use, this format or key without reproducing this message in    #
# full and obtaining express written permission from Silvaco Inc.            #
#                                                                            #
# To obtain such permission please contact: Silvaco Inc.                     #
#                                           support@silvaco.com              #
#                                                                            #
# KEY=SVC86hn7562asdx                       PROD=345                         #
##############################################################################
y 1 15
z 300
f 1 "anode" 
p 3 2 601 20 
d 0.000000000e+000 0.000000000e+000 1.243276574e-021 
d 5.000000000e-002 5.000000000e-002 1.331786762e-022 
d 1.000000000e-001 1.000000000e-001 6.818364846e-022 
d 1.500000000e-001 1.500000000e-001 3.248315765e-021 
d 2.000000000e-001 2.000000000e-001 -3.248909230e-021 
d 2.500000000e-001 2.500000000e-001 3.788563719e-021 
d 3.000000000e-001 3.000000000e-001 4.221107592e-022 
d 3.500000000e-001 3.500000000e-001 -8.083832477e-022 
d 4.000000000e-001 4.000000000e-001 1.110265444e-020 
d 4.500000000e-001 4.500000000e-001 6.785080455e-022 
d 5.000000000e-001 5.000000000e-001 3.019030585e-021 
d 5.500000000e-001 5.500000000e-001 -3.159871260e-021 
d 6.000000000e-001 6.000000000e-001 1.135247633e-020 
d 6.500000000e-001 6.500000000e-001 -2.571687626e-021 
d 7.000000000e-001 7.000000000e-001 -5.441733228e-021 
d 7.500000000e-001 7.500000000e-001 -8.607416626e-022 
d 8.000000000e-001 8.000000000e-001 1.981499265e-020 
d 8.500000000e-001 8.500000000e-001 -1.415023467e-020 
d 9.000000000e-001 9.000000000e-001 6.233911942e-021 
d 9.500000000e-001 9.500000000e-001 1.154593535e-020 
d 1.000000000e+000 1.000000000e+000 -1.884392542e-020 
d 1.050000000e+000 1.050000000e+000 3.979848813e-020 
d 1.100000000e+000 1.100000000e+000 9.574217492e-021 
d 1.150000000e+000 1.150000000e+000 7.130388413e-021 
d 1.200000000e+000 1.200000000e+000 2.245919413e-020 
d 1.250000000e+000 1.250000000e+000 5.048001253e-020 
d 1.300000000e+000 1.300000000e+000 -6.091300143e-020 
d 1.350000000e+000 1.350000000e+000 -3.721569345e-020 
d 1.400000000e+000 1.400000000e+000 -3.332571797e-021 
d 1.450000000e+000 1.450000000e+000 2.780542090e-020 
d 1.500000000e+000 1.500000000e+000 6.306478992e-020 
d 1.550000000e+000 1.550000000e+000 2.778627235e-020 
d 1.600000000e+000 1.600000000e+000 -2.063844370e-021 
d 1.650000000e+000 1.650000000e+000 4.216321305e-020 
d 1.700000000e+000 1.700000000e+000 1.275089089e-020 
d 1.750000000e+000 1.750000000e+000 -1.658361778e-020 
d 1.800000000e+000 1.800000000e+000 9.063279125e-021 
d 1.850000000e+000 1.850000000e+000 -5.521407713e-020 
d 1.900000000e+000 1.900000000e+000 -3.450670461e-020 
d 1.950000000e+000 1.950000000e+000 -2.469853860e-020 
d 2.000000000e+000 2.000000000e+000 -6.835829985e-020 
