v ATLAS
# This file was created by ATLAS version 5.26.1.R on Wed Jan 05 09:59:26 2022.
#SSF 2.0 generic
##############################################################################
#                    Copyright (c) 1984 - 2018                               #
#                    Silvaco Inc. All rights reserved                        #
#                                                                            #
# This file format and the following Key are copyright Silvaco Inc.          #
# You may not use, this format or key without reproducing this message in    #
# full and obtaining express written permission from Silvaco Inc.            #
#                                                                            #
# To obtain such permission please contact: Silvaco Inc.                     #
#                                           support@silvaco.com              #
#                                                                            #
# KEY=SVC86hn7562asdx                       PROD=345                         #
##############################################################################
y 3 700 711 15
z 0.05 0.0032 300
f 8 "anode" "gate" "cathode" "anode2" "gate2" "cathode2" "drain" "source" 
p 24 2 601 20 3 602 21 4 603 22 5 604 23 6 605 24 7 606 25 8 607 26 9 608 27 
d 1.200000000e+000 1.200000000e+000 0.000000000e+000 0.000000000e+000 0.000000000e+000 0.000000000e+000 -1.200000000e+000 -1.200000000e+000 0.000000000e+000 1.200000000e+000 1.200000000e+000 0.000000000e+000 0.000000000e+000 0.000000000e+000 0.000000000e+000 -1.200000000e+000 -1.200000000e+000 0.000000000e+000 1.200000000e+000 1.200000000e+000 9.600161059e-016 0.000000000e+000 0.000000000e+000 -9.600008357e-016 
d 1.200000000e+000 1.200000000e+000 0.000000000e+000 5.000000000e-002 5.000000000e-002 0.000000000e+000 -1.200000000e+000 -1.200000000e+000 0.000000000e+000 1.200000000e+000 1.200000000e+000 0.000000000e+000 5.000000000e-002 5.000000000e-002 0.000000000e+000 -1.200000000e+000 -1.200000000e+000 0.000000000e+000 1.200000000e+000 1.200000000e+000 1.340410402e-015 0.000000000e+000 0.000000000e+000 -1.337925248e-015 
d 1.200000000e+000 1.200000000e+000 0.000000000e+000 1.000000000e-001 1.000000000e-001 0.000000000e+000 -1.200000000e+000 -1.200000000e+000 0.000000000e+000 1.200000000e+000 1.200000000e+000 0.000000000e+000 1.000000000e-001 1.000000000e-001 0.000000000e+000 -1.200000000e+000 -1.200000000e+000 0.000000000e+000 1.200000000e+000 1.200000000e+000 2.388198062e-015 0.000000000e+000 0.000000000e+000 -2.387934014e-015 
d 1.200000000e+000 1.200000000e+000 0.000000000e+000 1.500000000e-001 1.500000000e-001 0.000000000e+000 -1.200000000e+000 -1.200000000e+000 0.000000000e+000 1.200000000e+000 1.200000000e+000 0.000000000e+000 1.500000000e-001 1.500000000e-001 0.000000000e+000 -1.200000000e+000 -1.200000000e+000 0.000000000e+000 1.200000000e+000 1.200000000e+000 4.552541706e-015 0.000000000e+000 0.000000000e+000 -4.552081592e-015 
d 1.200000000e+000 1.200000000e+000 0.000000000e+000 2.000000000e-001 2.000000000e-001 0.000000000e+000 -1.200000000e+000 -1.200000000e+000 0.000000000e+000 1.200000000e+000 1.200000000e+000 0.000000000e+000 2.000000000e-001 2.000000000e-001 0.000000000e+000 -1.200000000e+000 -1.200000000e+000 0.000000000e+000 1.200000000e+000 1.200000000e+000 8.434729355e-015 0.000000000e+000 0.000000000e+000 -8.434000812e-015 
d 1.200000000e+000 1.200000000e+000 0.000000000e+000 2.500000000e-001 2.500000000e-001 0.000000000e+000 -1.200000000e+000 -1.200000000e+000 0.000000000e+000 1.200000000e+000 1.200000000e+000 0.000000000e+000 2.500000000e-001 2.500000000e-001 0.000000000e+000 -1.200000000e+000 -1.200000000e+000 0.000000000e+000 1.200000000e+000 1.200000000e+000 1.481622121e-014 0.000000000e+000 0.000000000e+000 -1.481514025e-014 
d 1.200000000e+000 1.200000000e+000 0.000000000e+000 3.000000000e-001 3.000000000e-001 0.000000000e+000 -1.200000000e+000 -1.200000000e+000 0.000000000e+000 1.200000000e+000 1.200000000e+000 0.000000000e+000 3.000000000e-001 3.000000000e-001 0.000000000e+000 -1.200000000e+000 -1.200000000e+000 0.000000000e+000 1.200000000e+000 1.200000000e+000 2.462847910e-014 0.000000000e+000 0.000000000e+000 -2.462700624e-014 
d 1.200000000e+000 1.200000000e+000 0.000000000e+000 3.500000000e-001 3.500000000e-001 0.000000000e+000 -1.200000000e+000 -1.200000000e+000 0.000000000e+000 1.200000000e+000 1.200000000e+000 0.000000000e+000 3.500000000e-001 3.500000000e-001 0.000000000e+000 -1.200000000e+000 -1.200000000e+000 0.000000000e+000 1.200000000e+000 1.200000000e+000 3.889327290e-014 0.000000000e+000 0.000000000e+000 -3.889134412e-014 
d 1.200000000e+000 1.200000000e+000 0.000000000e+000 4.000000000e-001 4.000000000e-001 0.000000000e+000 -1.200000000e+000 -1.200000000e+000 0.000000000e+000 1.200000000e+000 1.200000000e+000 0.000000000e+000 4.000000000e-001 4.000000000e-001 0.000000000e+000 -1.200000000e+000 -1.200000000e+000 0.000000000e+000 1.200000000e+000 1.200000000e+000 5.863958007e-014 0.000000000e+000 0.000000000e+000 -5.863720517e-014 
d 1.200000000e+000 1.200000000e+000 0.000000000e+000 4.500000000e-001 4.500000000e-001 0.000000000e+000 -1.200000000e+000 -1.200000000e+000 0.000000000e+000 1.200000000e+000 1.200000000e+000 0.000000000e+000 4.500000000e-001 4.500000000e-001 0.000000000e+000 -1.200000000e+000 -1.200000000e+000 0.000000000e+000 1.200000000e+000 1.200000000e+000 8.480483538e-014 0.000000000e+000 0.000000000e+000 -8.480206769e-014 
d 1.200000000e+000 1.200000000e+000 0.000000000e+000 5.000000000e-001 5.000000000e-001 0.000000000e+000 -1.200000000e+000 -1.200000000e+000 0.000000000e+000 1.200000000e+000 1.200000000e+000 0.000000000e+000 5.000000000e-001 5.000000000e-001 0.000000000e+000 -1.200000000e+000 -1.200000000e+000 0.000000000e+000 1.200000000e+000 1.200000000e+000 1.181469339e-013 0.000000000e+000 0.000000000e+000 -1.181437896e-013 
d 1.200000000e+000 1.200000000e+000 0.000000000e+000 5.500000000e-001 5.500000000e-001 0.000000000e+000 -1.200000000e+000 -1.200000000e+000 0.000000000e+000 1.200000000e+000 1.200000000e+000 0.000000000e+000 5.500000000e-001 5.500000000e-001 0.000000000e+000 -1.200000000e+000 -1.200000000e+000 0.000000000e+000 1.200000000e+000 1.200000000e+000 1.596325492e-013 0.000000000e+000 0.000000000e+000 -1.596288940e-013 
d 1.200000000e+000 1.200000000e+000 0.000000000e+000 6.000000000e-001 6.000000000e-001 0.000000000e+000 -1.200000000e+000 -1.200000000e+000 0.000000000e+000 1.200000000e+000 1.200000000e+000 0.000000000e+000 6.000000000e-001 6.000000000e-001 0.000000000e+000 -1.200000000e+000 -1.200000000e+000 0.000000000e+000 1.200000000e+000 1.200000000e+000 2.104884703e-013 0.000000000e+000 0.000000000e+000 -2.104841386e-013 
d 1.200000000e+000 1.200000000e+000 0.000000000e+000 6.500000000e-001 6.500000000e-001 0.000000000e+000 -1.200000000e+000 -1.200000000e+000 0.000000000e+000 1.200000000e+000 1.200000000e+000 0.000000000e+000 6.500000000e-001 6.500000000e-001 0.000000000e+000 -1.200000000e+000 -1.200000000e+000 0.000000000e+000 1.200000000e+000 1.200000000e+000 2.719194081e-013 0.000000000e+000 0.000000000e+000 -2.719143482e-013 
d 1.200000000e+000 1.200000000e+000 0.000000000e+000 7.000000000e-001 7.000000000e-001 0.000000000e+000 -1.200000000e+000 -1.200000000e+000 0.000000000e+000 1.200000000e+000 1.200000000e+000 0.000000000e+000 7.000000000e-001 7.000000000e-001 0.000000000e+000 -1.200000000e+000 -1.200000000e+000 0.000000000e+000 1.200000000e+000 1.200000000e+000 3.448256591e-013 0.000000000e+000 0.000000000e+000 -3.448199134e-013 
d 1.200000000e+000 1.200000000e+000 0.000000000e+000 7.500000000e-001 7.500000000e-001 0.000000000e+000 -1.200000000e+000 -1.200000000e+000 0.000000000e+000 1.200000000e+000 1.200000000e+000 0.000000000e+000 7.500000000e-001 7.500000000e-001 0.000000000e+000 -1.200000000e+000 -1.200000000e+000 0.000000000e+000 1.200000000e+000 1.200000000e+000 4.298766001e-013 0.000000000e+000 0.000000000e+000 -4.298702938e-013 
d 1.200000000e+000 1.200000000e+000 0.000000000e+000 8.000000000e-001 8.000000000e-001 0.000000000e+000 -1.200000000e+000 -1.200000000e+000 0.000000000e+000 1.200000000e+000 1.200000000e+000 0.000000000e+000 8.000000000e-001 8.000000000e-001 0.000000000e+000 -1.200000000e+000 -1.200000000e+000 0.000000000e+000 1.200000000e+000 1.200000000e+000 5.268484401e-013 0.000000000e+000 0.000000000e+000 -5.268419509e-013 
d 1.200000000e+000 1.200000000e+000 0.000000000e+000 8.500000000e-001 8.500000000e-001 0.000000000e+000 -1.200000000e+000 -1.200000000e+000 0.000000000e+000 1.200000000e+000 1.200000000e+000 0.000000000e+000 8.500000000e-001 8.500000000e-001 0.000000000e+000 -1.200000000e+000 -1.200000000e+000 0.000000000e+000 1.200000000e+000 1.200000000e+000 6.355823088e-013 0.000000000e+000 0.000000000e+000 -6.355756619e-013 
d 1.200000000e+000 1.200000000e+000 0.000000000e+000 9.000000000e-001 9.000000000e-001 0.000000000e+000 -1.200000000e+000 -1.200000000e+000 0.000000000e+000 1.200000000e+000 1.200000000e+000 0.000000000e+000 9.000000000e-001 9.000000000e-001 0.000000000e+000 -1.200000000e+000 -1.200000000e+000 0.000000000e+000 1.200000000e+000 1.200000000e+000 7.557680093e-013 0.000000000e+000 0.000000000e+000 -7.557674707e-013 
d 1.200000000e+000 1.200000000e+000 0.000000000e+000 9.500000000e-001 9.500000000e-001 0.000000000e+000 -1.200000000e+000 -1.200000000e+000 0.000000000e+000 1.200000000e+000 1.200000000e+000 0.000000000e+000 9.500000000e-001 9.500000000e-001 0.000000000e+000 -1.200000000e+000 -1.200000000e+000 0.000000000e+000 1.200000000e+000 1.200000000e+000 8.865209012e-013 0.000000000e+000 0.000000000e+000 -8.865204105e-013 
d 1.200000000e+000 1.200000000e+000 0.000000000e+000 1.000000000e+000 1.000000000e+000 0.000000000e+000 -1.200000000e+000 -1.200000000e+000 0.000000000e+000 1.200000000e+000 1.200000000e+000 0.000000000e+000 1.000000000e+000 1.000000000e+000 0.000000000e+000 -1.200000000e+000 -1.200000000e+000 0.000000000e+000 1.200000000e+000 1.200000000e+000 1.026661951e-012 0.000000000e+000 0.000000000e+000 -1.026661505e-012 
d 1.200000000e+000 1.200000000e+000 0.000000000e+000 1.050000000e+000 1.050000000e+000 0.000000000e+000 -1.200000000e+000 -1.200000000e+000 0.000000000e+000 1.200000000e+000 1.200000000e+000 0.000000000e+000 1.050000000e+000 1.050000000e+000 0.000000000e+000 -1.200000000e+000 -1.200000000e+000 0.000000000e+000 1.200000000e+000 1.200000000e+000 1.174821352e-012 0.000000000e+000 0.000000000e+000 -1.174820949e-012 
d 1.200000000e+000 1.200000000e+000 0.000000000e+000 1.100000000e+000 1.100000000e+000 0.000000000e+000 -1.200000000e+000 -1.200000000e+000 0.000000000e+000 1.200000000e+000 1.200000000e+000 0.000000000e+000 1.100000000e+000 1.100000000e+000 0.000000000e+000 -1.200000000e+000 -1.200000000e+000 0.000000000e+000 1.200000000e+000 1.200000000e+000 1.329153576e-012 0.000000000e+000 0.000000000e+000 -1.329153226e-012 
d 1.200000000e+000 1.200000000e+000 0.000000000e+000 1.150000000e+000 1.150000000e+000 0.000000000e+000 -1.200000000e+000 -1.200000000e+000 0.000000000e+000 1.200000000e+000 1.200000000e+000 0.000000000e+000 1.150000000e+000 1.150000000e+000 0.000000000e+000 -1.200000000e+000 -1.200000000e+000 0.000000000e+000 1.200000000e+000 1.200000000e+000 1.487270562e-012 0.000000000e+000 0.000000000e+000 -1.487270350e-012 
d 1.200000000e+000 1.200000000e+000 0.000000000e+000 1.200000000e+000 1.200000000e+000 0.000000000e+000 -1.200000000e+000 -1.200000000e+000 0.000000000e+000 1.200000000e+000 1.200000000e+000 0.000000000e+000 1.200000000e+000 1.200000000e+000 0.000000000e+000 -1.200000000e+000 -1.200000000e+000 0.000000000e+000 1.200000000e+000 1.200000000e+000 1.645934373e-012 0.000000000e+000 0.000000000e+000 -1.645935164e-012 
d 1.200000000e+000 1.200000000e+000 0.000000000e+000 1.250000000e+000 1.250000000e+000 0.000000000e+000 -1.200000000e+000 -1.200000000e+000 0.000000000e+000 1.200000000e+000 1.200000000e+000 0.000000000e+000 1.250000000e+000 1.250000000e+000 0.000000000e+000 -1.200000000e+000 -1.200000000e+000 0.000000000e+000 1.200000000e+000 1.200000000e+000 1.800609085e-012 0.000000000e+000 0.000000000e+000 -1.800609491e-012 
d 1.200000000e+000 1.200000000e+000 0.000000000e+000 1.300000000e+000 1.300000000e+000 0.000000000e+000 -1.200000000e+000 -1.200000000e+000 0.000000000e+000 1.200000000e+000 1.200000000e+000 0.000000000e+000 1.300000000e+000 1.300000000e+000 0.000000000e+000 -1.200000000e+000 -1.200000000e+000 0.000000000e+000 1.200000000e+000 1.200000000e+000 1.947138930e-012 0.000000000e+000 0.000000000e+000 -1.947145136e-012 
d 1.200000000e+000 1.200000000e+000 0.000000000e+000 1.350000000e+000 1.350000000e+000 0.000000000e+000 -1.200000000e+000 -1.200000000e+000 0.000000000e+000 1.200000000e+000 1.200000000e+000 0.000000000e+000 1.350000000e+000 1.350000000e+000 0.000000000e+000 -1.200000000e+000 -1.200000000e+000 0.000000000e+000 1.200000000e+000 1.200000000e+000 2.082954079e-012 0.000000000e+000 0.000000000e+000 -2.082960928e-012 
d 1.200000000e+000 1.200000000e+000 0.000000000e+000 1.400000000e+000 1.400000000e+000 0.000000000e+000 -1.200000000e+000 -1.200000000e+000 0.000000000e+000 1.200000000e+000 1.200000000e+000 0.000000000e+000 1.400000000e+000 1.400000000e+000 0.000000000e+000 -1.200000000e+000 -1.200000000e+000 0.000000000e+000 1.200000000e+000 1.200000000e+000 2.207083710e-012 0.000000000e+000 0.000000000e+000 -2.207090133e-012 
d 1.200000000e+000 1.200000000e+000 0.000000000e+000 1.450000000e+000 1.450000000e+000 0.000000000e+000 -1.200000000e+000 -1.200000000e+000 0.000000000e+000 1.200000000e+000 1.200000000e+000 0.000000000e+000 1.450000000e+000 1.450000000e+000 0.000000000e+000 -1.200000000e+000 -1.200000000e+000 0.000000000e+000 1.200000000e+000 1.200000000e+000 2.319717793e-012 0.000000000e+000 0.000000000e+000 -2.319723152e-012 
d 1.200000000e+000 1.200000000e+000 0.000000000e+000 1.500000000e+000 1.500000000e+000 0.000000000e+000 -1.200000000e+000 -1.200000000e+000 0.000000000e+000 1.200000000e+000 1.200000000e+000 0.000000000e+000 1.500000000e+000 1.500000000e+000 0.000000000e+000 -1.200000000e+000 -1.200000000e+000 0.000000000e+000 1.200000000e+000 1.200000000e+000 2.421526520e-012 0.000000000e+000 0.000000000e+000 -2.421530961e-012 
