v ATLAS
# This file was created by ATLAS version 5.26.1.R on Sun Nov 07 17:31:05 2021.
#SSF 2.0 generic
##############################################################################
#                    Copyright (c) 1984 - 2018                               #
#                    Silvaco Inc. All rights reserved                        #
#                                                                            #
# This file format and the following Key are copyright Silvaco Inc.          #
# You may not use, this format or key without reproducing this message in    #
# full and obtaining express written permission from Silvaco Inc.            #
#                                                                            #
# To obtain such permission please contact: Silvaco Inc.                     #
#                                           support@silvaco.com              #
#                                                                            #
# KEY=SVC86hn7562asdx                       PROD=345                         #
##############################################################################
y 3 700 711 15
z 5 0.105263 300
f 4 "source" "drain" "bulk" "gate" 
p 12 2 601 20 3 602 21 4 603 22 5 604 23 
d 0.000000000e+000 0.000000000e+000 -2.673478117e-017 0.000000000e+000 0.000000000e+000 1.336739059e-017 0.000000000e+000 0.000000000e+000 6.004372568e-021 0.000000000e+000 0.000000000e+000 0.000000000e+000 
d 0.000000000e+000 0.000000000e+000 -7.339037265e-010 5.000000000e-001 5.000000000e-001 7.339194966e-010 0.000000000e+000 0.000000000e+000 -1.554902693e-014 0.000000000e+000 0.000000000e+000 0.000000000e+000 
d 0.000000000e+000 0.000000000e+000 -8.002239963e-010 1.000000000e+000 1.000000000e+000 8.002447726e-010 0.000000000e+000 0.000000000e+000 -2.285378506e-014 0.000000000e+000 0.000000000e+000 0.000000000e+000 
d 0.000000000e+000 0.000000000e+000 -8.563073314e-010 1.500000000e+000 1.500000000e+000 8.563349885e-010 0.000000000e+000 0.000000000e+000 -2.873333133e-014 0.000000000e+000 0.000000000e+000 0.000000000e+000 
d 0.000000000e+000 0.000000000e+000 -9.073661249e-010 2.000000000e+000 2.000000000e+000 9.074002084e-010 0.000000000e+000 0.000000000e+000 -3.394399866e-014 0.000000000e+000 0.000000000e+000 0.000000000e+000 
d 0.000000000e+000 0.000000000e+000 -9.560411785e-010 2.500000000e+000 2.500000000e+000 9.560793658e-010 0.000000000e+000 0.000000000e+000 -3.867201004e-014 0.000000000e+000 0.000000000e+000 0.000000000e+000 
d 0.000000000e+000 0.000000000e+000 -1.003481292e-009 3.000000000e+000 3.000000000e+000 1.003523767e-009 0.000000000e+000 0.000000000e+000 -4.305657540e-014 0.000000000e+000 0.000000000e+000 0.000000000e+000 
d 0.000000000e+000 0.000000000e+000 -1.050307355e-009 3.500000000e+000 3.500000000e+000 1.050350051e-009 0.000000000e+000 0.000000000e+000 -4.720898518e-014 0.000000000e+000 0.000000000e+000 0.000000000e+000 
d 0.000000000e+000 0.000000000e+000 -1.096941452e-009 4.000000000e+000 4.000000000e+000 1.096991049e-009 0.000000000e+000 0.000000000e+000 -5.115764056e-014 0.000000000e+000 0.000000000e+000 0.000000000e+000 
d 0.000000000e+000 0.000000000e+000 -1.143699385e-009 4.500000000e+000 4.500000000e+000 1.143755180e-009 0.000000000e+000 0.000000000e+000 -5.495329170e-014 0.000000000e+000 0.000000000e+000 0.000000000e+000 
d 0.000000000e+000 0.000000000e+000 -1.190831270e-009 5.000000000e+000 5.000000000e+000 1.190890347e-009 0.000000000e+000 0.000000000e+000 -5.860253326e-014 0.000000000e+000 0.000000000e+000 0.000000000e+000 
