v ATLAS
# This file was created by ATLAS version 5.26.1.R on Fri Oct 08 14:26:14 2021.
#SSF 2.0 generic
##############################################################################
#                    Copyright (c) 1984 - 2018                               #
#                    Silvaco Inc. All rights reserved                        #
#                                                                            #
# This file format and the following Key are copyright Silvaco Inc.          #
# You may not use, this format or key without reproducing this message in    #
# full and obtaining express written permission from Silvaco Inc.            #
#                                                                            #
# To obtain such permission please contact: Silvaco Inc.                     #
#                                           support@silvaco.com              #
#                                                                            #
# KEY=SVC86hn7562asdx                       PROD=345                         #
##############################################################################
y 3 700 711 15
z 0.491438 0.0101686 300
f 4 "gate" "source" "drain" "substrate" 
p 12 2 601 20 3 602 21 4 603 22 5 604 23 
d 0.000000000e+000 0.000000000e+000 0.000000000e+000 0.000000000e+000 0.000000000e+000 -5.384065756e-013 1.000000000e-001 1.000000000e-001 5.387349774e-013 0.000000000e+000 0.000000000e+000 -5.920231233e-017 
d 2.500000000e-001 2.500000000e-001 0.000000000e+000 0.000000000e+000 0.000000000e+000 -2.959367798e-010 1.000000000e-001 1.000000000e-001 2.959370381e-010 0.000000000e+000 0.000000000e+000 -5.678034819e-017 
d 5.000000000e-001 5.000000000e-001 0.000000000e+000 0.000000000e+000 0.000000000e+000 -1.683283999e-007 1.000000000e-001 1.000000000e-001 1.683283993e-007 0.000000000e+000 0.000000000e+000 -5.241375420e-017 
d 7.500000000e-001 7.500000000e-001 0.000000000e+000 0.000000000e+000 0.000000000e+000 -3.962821093e-006 1.000000000e-001 1.000000000e-001 3.962821094e-006 0.000000000e+000 0.000000000e+000 -5.435251042e-017 
d 1.000000000e+000 1.000000000e+000 0.000000000e+000 0.000000000e+000 0.000000000e+000 -9.944829385e-006 1.000000000e-001 1.000000000e-001 9.944829385e-006 0.000000000e+000 0.000000000e+000 -5.869726586e-017 
d 1.250000000e+000 1.250000000e+000 0.000000000e+000 0.000000000e+000 0.000000000e+000 -1.555425123e-005 1.000000000e-001 1.000000000e-001 1.555425123e-005 0.000000000e+000 0.000000000e+000 -6.129976415e-017 
d 1.500000000e+000 1.500000000e+000 0.000000000e+000 0.000000000e+000 0.000000000e+000 -2.067485363e-005 1.000000000e-001 1.000000000e-001 2.067485363e-005 0.000000000e+000 0.000000000e+000 -6.302763855e-017 
d 1.750000000e+000 1.750000000e+000 0.000000000e+000 0.000000000e+000 0.000000000e+000 -2.537747399e-005 1.000000000e-001 1.000000000e-001 2.537747399e-005 0.000000000e+000 0.000000000e+000 -6.439160977e-017 
d 2.000000000e+000 2.000000000e+000 0.000000000e+000 0.000000000e+000 0.000000000e+000 -2.973132780e-005 1.000000000e-001 1.000000000e-001 2.973132779e-005 0.000000000e+000 0.000000000e+000 -6.542247549e-017 
d 2.250000000e+000 2.250000000e+000 0.000000000e+000 0.000000000e+000 0.000000000e+000 -3.379124278e-005 1.000000000e-001 1.000000000e-001 3.379124278e-005 0.000000000e+000 0.000000000e+000 -6.632736191e-017 
d 2.500000000e+000 2.500000000e+000 0.000000000e+000 0.000000000e+000 0.000000000e+000 -3.759987776e-005 1.000000000e-001 1.000000000e-001 3.759987776e-005 0.000000000e+000 0.000000000e+000 -6.702316309e-017 
d 2.750000000e+000 2.750000000e+000 0.000000000e+000 0.000000000e+000 0.000000000e+000 -4.119079953e-005 1.000000000e-001 1.000000000e-001 4.119079953e-005 0.000000000e+000 0.000000000e+000 -6.765089487e-017 
d 3.000000000e+000 3.000000000e+000 0.000000000e+000 0.000000000e+000 0.000000000e+000 -4.459086688e-005 1.000000000e-001 1.000000000e-001 4.459086688e-005 0.000000000e+000 0.000000000e+000 -6.827699899e-017 
