v ATLAS
# This file was created by ATLAS version 5.26.1.R on Fri Nov 19 20:02:04 2021.
#SSF 2.0 generic
##############################################################################
#                    Copyright (c) 1984 - 2018                               #
#                    Silvaco Inc. All rights reserved                        #
#                                                                            #
# This file format and the following Key are copyright Silvaco Inc.          #
# You may not use, this format or key without reproducing this message in    #
# full and obtaining express written permission from Silvaco Inc.            #
#                                                                            #
# To obtain such permission please contact: Silvaco Inc.                     #
#                                           support@silvaco.com              #
#                                                                            #
# KEY=SVC86hn7562asdx                       PROD=345                         #
##############################################################################
y 3 700 711 15
z 0.1 0.00494674 300
f 4 "source" "gate" "drain" "substrate" 
p 12 2 601 20 3 602 21 4 603 22 5 604 23 
d 0.000000000e+000 0.000000000e+000 -1.065267773e-010 4.000000000e-001 4.000000000e-001 -1.073928849e-014 5.000000000e-002 5.000000000e-002 1.065268078e-010 0.000000000e+000 0.000000000e+000 4.037729204e-018 
d 0.000000000e+000 0.000000000e+000 -3.359117907e-010 4.500000000e-001 4.500000000e-001 -2.401952996e-018 5.000000000e-002 5.000000000e-002 3.359117512e-010 0.000000000e+000 0.000000000e+000 -5.266663686e-018 
d 0.000000000e+000 0.000000000e+000 -1.060249613e-009 5.000000000e-001 5.000000000e-001 -2.819683952e-018 5.000000000e-002 5.000000000e-002 1.060249517e-009 0.000000000e+000 0.000000000e+000 -6.154435286e-018 
d 0.000000000e+000 0.000000000e+000 -3.339754752e-009 5.500000000e-001 5.500000000e-001 -7.310291727e-019 5.000000000e-002 5.000000000e-002 3.339754749e-009 0.000000000e+000 0.000000000e+000 -5.609526522e-018 
d 0.000000000e+000 0.000000000e+000 -1.045631205e-008 6.000000000e-001 6.000000000e-001 -1.723140193e-018 5.000000000e-002 5.000000000e-002 1.045631203e-008 0.000000000e+000 0.000000000e+000 -5.322444269e-018 
d 0.000000000e+000 0.000000000e+000 -3.233740354e-008 6.500000000e-001 6.500000000e-001 -7.832455422e-019 5.000000000e-002 5.000000000e-002 3.233740354e-008 0.000000000e+000 0.000000000e+000 -5.286666063e-018 
d 0.000000000e+000 0.000000000e+000 -9.762003680e-008 7.000000000e-001 7.000000000e-001 -1.044327390e-017 5.000000000e-002 5.000000000e-002 9.762003677e-008 0.000000000e+000 0.000000000e+000 -4.607999488e-018 
d 0.000000000e+000 0.000000000e+000 -2.806905966e-007 7.500000000e-001 7.500000000e-001 2.558602105e-018 5.000000000e-002 5.000000000e-002 2.806905966e-007 0.000000000e+000 0.000000000e+000 -5.926662547e-018 
d 0.000000000e+000 0.000000000e+000 -7.360468678e-007 8.000000000e-001 8.000000000e-001 3.341847647e-018 5.000000000e-002 5.000000000e-002 7.360468677e-007 0.000000000e+000 0.000000000e+000 -5.385210407e-018 
d 0.000000000e+000 0.000000000e+000 -1.669839886e-006 8.500000000e-001 8.500000000e-001 -1.357625606e-018 5.000000000e-002 5.000000000e-002 1.669839886e-006 0.000000000e+000 0.000000000e+000 -5.917570195e-018 
d 0.000000000e+000 0.000000000e+000 -3.182691578e-006 9.000000000e-001 9.000000000e-001 -1.942448945e-017 5.000000000e-002 5.000000000e-002 3.182691578e-006 0.000000000e+000 0.000000000e+000 -5.425260789e-018 
d 0.000000000e+000 0.000000000e+000 -5.166213098e-006 9.500000000e-001 9.500000000e-001 -2.140871149e-018 5.000000000e-002 5.000000000e-002 5.166213098e-006 0.000000000e+000 0.000000000e+000 -5.778215521e-018 
d 0.000000000e+000 0.000000000e+000 -7.417667254e-006 1.000000000e+000 1.000000000e+000 -8.197970008e-018 5.000000000e-002 5.000000000e-002 7.417667254e-006 0.000000000e+000 0.000000000e+000 -6.542343401e-018 
