v ATLAS
# This file was created by ATLAS version 5.26.1.R on Sat Dec 04 21:06:49 2021.
#SSF 2.0 generic
##############################################################################
#                    Copyright (c) 1984 - 2018                               #
#                    Silvaco Inc. All rights reserved                        #
#                                                                            #
# This file format and the following Key are copyright Silvaco Inc.          #
# You may not use, this format or key without reproducing this message in    #
# full and obtaining express written permission from Silvaco Inc.            #
#                                                                            #
# To obtain such permission please contact: Silvaco Inc.                     #
#                                           support@silvaco.com              #
#                                                                            #
# KEY=SVC86hn7562asdx                       PROD=345                         #
##############################################################################
y 3 700 711 15
z 0.02 0.001 300
f 2 "gate" "substrate" 
p 13 40 2 20 3 21 3000000 2000000 3001000 2001000 3000001 2000001 3001001 2001001 
Q 3000000 3 "Mhos/um" 
Q 2000000 3 "F/um" 
Q 3001000 3 "Mhos/um" 
Q 2001000 3 "F/um" 
Q 3000001 3 "Mhos/um" 
Q 2000001 3 "F/um" 
Q 3001001 3 "Mhos/um" 
Q 2001001 3 "F/um" 
d 1.000000000e+002 -2.800000000e+000 -3.422051990e-015 0.000000000e+000 1.566491084e-019 -9.307310241e-014 -1.361579028e-016 -4.097668667e-018 1.361579028e-016 -9.333101382e-017 1.361579028e-016 5.365135198e-016 -1.361579028e-016 
d 1.000000000e+002 -2.600000000e+000 -3.422051990e-015 0.000000000e+000 -7.832455422e-020 -5.170727912e-014 -1.360290598e-016 6.547634268e-017 1.360290598e-016 -1.205408367e-016 1.360290598e-016 1.053460072e-015 -1.360290598e-016 
d 1.000000000e+002 -2.400000000e+000 -3.422051990e-015 0.000000000e+000 -5.613259719e-019 -1.447803815e-013 -1.358757329e-016 -2.367522655e-017 1.358757329e-016 -3.247167374e-016 1.358757329e-016 -7.334455328e-016 -1.358757329e-016 
d 1.000000000e+002 -2.200000000e+000 -3.422051990e-015 0.000000000e+000 7.179750803e-019 -8.273164659e-014 -1.356912065e-016 2.763735392e-017 1.356912065e-016 -3.730186447e-017 1.356912065e-016 -1.051566488e-015 -1.356912065e-016 
d 1.000000000e+002 -2.000000000e+000 -3.422051990e-015 0.000000000e+000 3.785686787e-019 -1.447803815e-013 -1.354661176e-016 3.966060451e-018 1.354661176e-016 1.987830315e-017 1.354661176e-016 8.691518998e-016 -1.354661176e-016 
d 1.000000000e+002 -1.800000000e+000 -2.566538993e-015 0.000000000e+000 2.258357980e-018 -5.687800703e-014 -1.351870686e-016 -2.603950120e-017 1.351870686e-016 -2.373876187e-016 1.351870686e-016 -6.886308744e-016 -1.351870686e-016 
d 1.000000000e+002 -1.600000000e+000 -3.422051990e-015 0.000000000e+000 4.764743715e-018 -1.913169327e-013 -1.348343006e-016 2.985203630e-017 1.348343006e-016 5.412471114e-016 1.348343006e-016 4.544585114e-016 -1.348343006e-016 
d 1.000000000e+002 -1.400000000e+000 -3.422051990e-015 0.000000000e+000 1.121346535e-017 -1.913169327e-013 -1.343776260e-016 1.404371856e-017 1.343776260e-016 1.956465924e-016 1.343776260e-016 -2.789870249e-016 -1.343776260e-016 
d 1.000000000e+002 -1.200000000e+000 -3.422051990e-015 0.000000000e+000 4.425337313e-017 -8.273164659e-014 -1.337689639e-016 8.395117008e-018 1.337689639e-016 3.812995005e-016 1.337689639e-016 4.064878911e-016 -1.337689639e-016 
d 1.000000000e+002 -1.000000000e+000 -3.422051990e-015 0.000000000e+000 -7.832455422e-020 -9.307310241e-014 -1.329278480e-016 -2.021957926e-017 1.329278480e-016 -2.666486264e-016 1.329278480e-016 -4.115374231e-016 -1.329278480e-016 
d 1.000000000e+002 -8.000000000e-001 -3.422051990e-015 0.000000000e+000 -7.440832651e-019 -5.170727912e-014 -1.317113508e-016 1.843633056e-017 1.317113508e-016 2.309415787e-016 1.317113508e-016 1.074920613e-015 -1.317113508e-016 
d 1.000000000e+002 -6.000000000e-001 -3.422051990e-015 0.000000000e+000 -1.083489667e-018 -1.396096536e-013 -1.298464305e-016 -6.809360982e-018 1.298464305e-016 -3.753870407e-016 1.298464305e-016 6.438162538e-017 -1.298464305e-016 
d 1.000000000e+002 -4.000000000e-001 -3.422051990e-015 0.000000000e+000 1.827572932e-019 -1.292681978e-013 -1.267613725e-016 2.128671283e-017 1.267613725e-016 -5.441754100e-017 1.267613725e-016 3.036035343e-016 -1.267613725e-016 
d 1.000000000e+002 -2.000000000e-001 -3.422051990e-015 0.000000000e+000 1.187922406e-018 -1.240974699e-013 -1.211040064e-016 -9.183112520e-018 1.211040064e-016 1.810090951e-016 1.211040064e-016 -5.365134844e-017 -1.211040064e-016 
d 1.000000000e+002 -2.296123109e-016 -3.422051990e-015 0.000000000e+000 3.061184661e-017 -5.170727912e-014 -1.091675981e-016 -1.516343776e-018 1.091675981e-016 -2.579787430e-016 1.091675981e-016 -1.641099895e-017 -1.091675981e-016 
d 1.000000000e+002 2.000000000e-001 -3.422051990e-015 0.000000000e+000 1.214030590e-018 -5.170727912e-014 -8.326142513e-017 -3.589907942e-018 8.326142513e-017 2.003211997e-016 8.326142513e-017 1.262386070e-018 -8.326142513e-017 
d 1.000000000e+002 4.000000000e-001 -3.422051990e-015 0.000000000e+000 -9.007323735e-019 -5.170727912e-014 -6.276626030e-017 4.733941508e-019 6.276626030e-017 -7.764804797e-017 6.276626030e-017 6.311925002e-019 -6.276626030e-017 
d 1.000000000e+002 6.000000000e-001 -3.422051990e-015 0.000000000e+000 -1.958113855e-019 -7.756091868e-014 -5.988326055e-017 2.958714138e-019 5.988326055e-017 3.033533472e-017 5.988326055e-017 -1.262384733e-018 -5.988326055e-017 
d 1.000000000e+002 8.000000000e-001 -3.422051990e-015 0.000000000e+000 -8.615700964e-019 -2.688778514e-013 -5.954549761e-017 7.889904561e-020 5.954549761e-017 3.466211953e-017 5.954549761e-017 6.311923773e-019 -5.954549761e-017 
d 1.000000000e+002 1.000000000e+000 0.000000000e+000 0.000000000e+000 3.785686787e-019 -9.307310241e-014 -5.947445024e-017 2.958723471e-020 5.947445024e-017 -2.137107029e-017 5.947445024e-017 -2.524768786e-018 -5.947445024e-017 
d 1.000000000e+002 1.200000000e+000 0.000000000e+000 0.000000000e+000 5.613259719e-019 -9.307310241e-014 -5.945205885e-017 -9.871244964e-021 5.945205885e-017 -1.005471949e-017 5.945205885e-017 1.578016584e-018 -5.945205885e-017 
d 1.000000000e+002 1.400000000e+000 0.000000000e+000 0.000000000e+000 3.916227711e-020 -1.913169327e-013 -5.944823396e-017 1.074943616e-019 5.944823403e-017 1.079442446e-017 5.944823426e-017 -9.919276972e-019 -5.944823407e-017 
d 1.000000000e+002 1.600000000e+000 -3.422051990e-015 0.000000000e+000 1.958113893e-019 -1.913169327e-013 -5.966806364e-017 1.177865788e-016 5.966876973e-017 3.006932690e-016 5.966784691e-017 -1.167841609e-016 -5.966875122e-017 
d 1.000000000e+002 1.800000000e+000 -3.422051990e-015 0.000000000e+000 4.699473863e-019 -2.740485793e-013 -5.947572274e-017 3.395122302e-016 5.947568374e-017 3.225894444e-016 5.947833477e-017 -3.400419255e-016 -5.947567953e-017 
d 1.000000000e+002 2.000000000e+000 -3.422051990e-015 0.000000000e+000 -1.827574615e-019 -3.309265863e-013 -5.960006078e-017 3.910106256e-016 5.959694407e-017 4.364143074e-016 5.960783454e-017 -3.386424243e-016 -5.959810450e-017 
d 1.000000000e+002 2.200000000e+000 -3.422051990e-015 0.000000000e+000 1.071084067e-017 -1.758047490e-013 -5.975991247e-017 4.364049373e-016 5.975990010e-017 4.850391965e-016 5.976216237e-017 -3.253538494e-016 -5.976234106e-017 
d 1.000000000e+002 2.400000000e+000 -4.277564988e-015 0.000000000e+000 2.616682415e-017 -5.170727912e-014 -5.990177560e-017 2.467241697e-016 5.990253423e-017 2.293899391e-016 5.990056100e-017 -4.830524055e-016 -5.989924217e-017 
d 1.000000000e+002 2.600000000e+000 -4.277564988e-015 0.000000000e+000 6.837079007e-017 -1.602925653e-013 -6.002000522e-017 3.822387461e-016 6.002124782e-017 4.164586627e-016 6.002915854e-017 -3.807498739e-016 -6.002130498e-017 
d 1.000000000e+002 2.800000000e+000 -3.422051990e-015 0.000000000e+000 4.151082980e-018 -2.223413002e-013 -6.012985221e-017 2.074242722e-016 6.011965756e-017 1.901447600e-016 6.011620574e-017 -5.278493225e-016 -6.011625759e-017 
d 1.000000000e+002 3.000000000e+000 -3.422051990e-015 0.000000000e+000 1.213792993e-014 -2.171705723e-013 -6.020152933e-017 3.399574581e-016 6.020259073e-017 3.538214269e-016 6.020801624e-017 -4.218534331e-016 -6.020183330e-017 
