v ATLAS
# This file was created by ATLAS version 5.26.1.R on Mon Oct 18 21:37:17 2021.
#SSF 2.0 generic
##############################################################################
#                    Copyright (c) 1984 - 2018                               #
#                    Silvaco Inc. All rights reserved                        #
#                                                                            #
# This file format and the following Key are copyright Silvaco Inc.          #
# You may not use, this format or key without reproducing this message in    #
# full and obtaining express written permission from Silvaco Inc.            #
#                                                                            #
# To obtain such permission please contact: Silvaco Inc.                     #
#                                           support@silvaco.com              #
#                                                                            #
# KEY=SVC86hn7562asdx                       PROD=345                         #
##############################################################################
Q 10000 1 "V[1]" 5 1201 7 1
Q 10001 1 "V[2]" 5 1201 7 2
Q 10002 1 "V[3]" 5 1201 7 3
Q 10003 1 "V[4]" 5 1201 7 4
X 1 vin
X 2 an_drain
X 3 an_gate
X 4 an_source
X 5 an_substrate
X 6 r1
X 7 r2
X 8 vcc
X 9 c1
p 15 61 10000 10001 10002 10003 82 1301 1302 1303 1304 1305 1306 1307 1308 1309
d  1.0000000000e-016 1.0000000000e-005 4.9999996044e+000 4.5324750825e-001 5.0000000000e+000 3.0000000000e+002 -4.3715370514e-004 2.9418552364e-004 3.1580765082e-004 -4.3105843285e-004 -1.7893474106e-004 1.3701914966e-009 -4.5467443151e-004 -4.5467528873e-004 2.3700648633e-004
d  1.1000000000e-015 1.1000000000e-004 5.0000742431e+000 4.5328759985e-001 5.0000000000e+000 3.0000000000e+002 -1.2531791439e-003 -9.8156794079e-004 1.3439913252e-003 -4.0396813140e-004 4.1544757240e-005 2.0755564496e-009 -4.5467440248e-004 -4.5466381571e-004 5.6031264311e-005
d  2.1000000000e-015 2.1000000000e-004 5.0000583731e+000 4.5329618243e-001 5.0000000000e+000 3.0000000000e+002 -8.5755934913e-004 -4.1983193153e-004 9.0439518747e-004 -4.3263223288e-004 -5.1930979029e-005 2.3553937829e-009 -4.5467263803e-004 -4.5466454445e-004 -1.2304807525e-004
d  3.3000000000e-015 3.3000000000e-004 5.0000643025e+000 4.5330914108e-001 5.0000000000e+000 3.0000000000e+002 -8.8641310005e-004 -4.5095053232e-004 9.3617725004e-004 -4.4006302270e-004 -4.5163683069e-005 2.1459332912e-009 -4.5467183277e-004 -4.5466265564e-004 -7.0106132944e-005
d  4.7400000000e-015 4.7400000000e-004 5.0000698516e+000 4.5332451692e-001 5.0000000000e+000 3.0000000000e+002 -8.8725436842e-004 -4.4389686368e-004 9.3715754822e-004 -4.4786703089e-004 -4.5393628325e-005 1.8672332496e-009 -4.5467082958e-004 -4.5466056315e-004 -7.3812310863e-005
d  6.4680000000e-015 6.4680000000e-004 5.0000767763e+000 4.5334305613e-001 5.0000000000e+000 3.0000000000e+002 -8.9462820404e-004 -4.4507206797e-004 9.4479413391e-004 -4.5518055969e-004 -4.4541472306e-005 1.5516121252e-009 -4.5466962187e-004 -4.5465801675e-004 -7.3107867556e-005
d  8.5416000000e-015 8.5416000000e-004 5.0000608632e+000 4.5334974866e-001 5.0000000000e+000 3.0000000000e+002 -7.4119651090e-004 -1.5684363287e-004 7.2437865930e-004 -4.7358398873e-004 -9.3950995176e-005 8.5307478974e-009 -4.5466345803e-004 -4.5465893881e-004 3.2446723752e-005
d  1.1029920000e-014 1.1029920000e-003 5.0001411431e+000 4.5339658396e-001 5.0000000000e+000 3.0000000000e+002 -8.2171000989e-004 -2.4623699394e-004 8.0471829312e-004 -4.7970780856e-004 -7.8773496364e-005 1.7052974356e-008 -4.5465845772e-004 -4.5464622729e-004 1.1708604003e-004
d  1.4015904000e-014 1.4015904000e-003 5.0002399956e+000 4.5346026554e-001 5.0000000000e+000 3.0000000000e+002 -8.2602952288e-004 -2.3943307792e-004 8.0885388862e-004 -4.8961230032e-004 -7.9808503425e-005 2.7533332234e-008 -4.5465170816e-004 -4.5462997389e-004 1.0325246493e-004
d  1.7599084800e-014 1.7599084800e-003 5.0003595465e+000 4.5353837065e-001 5.0000000000e+000 3.0000000000e+002 -8.3664488010e-004 -2.3947770578e-004 8.1933424357e-004 -5.0019514817e-004 -7.9661379426e-005 4.0191104310e-008 -4.5464344737e-004 -4.5461020829e-004 1.0130102710e-004
d  2.1898901760e-014 2.1898901760e-003 5.0005032504e+000 4.5363247872e-001 5.0000000000e+000 3.0000000000e+002 -8.4846710538e-004 -2.3958887752e-004 8.3103869865e-004 -5.1189677190e-004 -7.9553036020e-005 5.5398477200e-008 -4.5463350028e-004 -4.5458642709e-004 1.0086864869e-004
d  2.7058682112e-014 2.7058682112e-003 5.0006757082e+000 4.5374544168e-001 5.0000000000e+000 3.0000000000e+002 -8.6151897867e-004 -2.3959240796e-004 8.4397979424e-004 -5.2485414881e-004 -7.9533221004e-005 7.3644334937e-008 -4.5462156331e-004 -4.5455788502e-004 1.0066609961e-004
d  3.3250418534e-014 3.3250418534e-003 5.0009067767e+000 4.5389641045e-001 5.0000000000e+000 3.0000000000e+002 -9.2973310310e-004 -3.3812394573e-004 9.3560744745e-004 -5.3511759823e-004 -6.2365883790e-005 8.8257512834e-008 -4.5461190988e-004 -4.5451968128e-004 6.5607023448e-005
d  4.0680502241e-014 4.0680502241e-003 5.0010853074e+000 4.5403885196e-001 5.0000000000e+000 3.0000000000e+002 -9.2118212891e-004 -3.0811377072e-004 9.2707952467e-004 -5.5142191405e-004 -6.7543842988e-005 1.0563939175e-007 -4.5459796745e-004 -4.5448758407e-004 3.7424516995e-005
d  4.9596602690e-014 4.9596602690e-003 5.0012968067e+000 4.5420197919e-001 5.0000000000e+000 3.0000000000e+002 -9.3950439962e-004 -3.0996369784e-004 9.4542240030e-004 -5.6799166091e-004 -6.7467038141e-005 1.2622687469e-007 -4.5458201481e-004 -4.5445012141e-004 4.1949262812e-005
d  6.0295923227e-014 6.0295923227e-003 5.0015495786e+000 4.5439566022e-001 5.0000000000e+000 3.0000000000e+002 -9.5736858900e-004 -3.0981892576e-004 9.6331031899e-004 -5.8563526661e-004 -6.7856122496e-005 1.5082864358e-007 -4.5456307896e-004 -4.5440547612e-004 4.2528141246e-005
d  7.3135107873e-014 7.3135107873e-003 5.0018524553e+000 4.5462716532e-001 5.0000000000e+000 3.0000000000e+002 -9.7610149634e-004 -3.0975043677e-004 9.8206564701e-004 -6.0393589553e-004 -6.8379309551e-005 1.8030807791e-007 -4.5454044551e-004 -4.5435203794e-004 4.2558709912e-005
d  8.8542129448e-014 8.8542129448e-003 5.0022155572e+000 4.5490417459e-001 5.0000000000e+000 3.0000000000e+002 -9.9527143775e-004 -3.0974252745e-004 1.0012550283e-003 -6.2244493022e-004 -6.9067564538e-005 2.1565244354e-007 -4.5451336217e-004 -4.5428802682e-004 4.2479761052e-005
d  1.0703055534e-013 1.0703055534e-002 5.0026508652e+000 4.5523558423e-001 5.0000000000e+000 3.0000000000e+002 -1.0143447809e-003 -3.0975918575e-004 1.0203442312e-003 -6.4062574148e-004 -6.9959296431e-005 2.5802978814e-007 -4.5448095835e-004 -4.5421135506e-004 4.2360342625e-005
d  1.2921666640e-013 1.2921666640e-002 5.0031446964e+000 4.5561398950e-001 5.0000000000e+000 3.0000000000e+002 -1.0152759958e-003 -2.7700667001e-004 1.0132812001e-003 -6.5939318082e-004 -7.6881340219e-005 3.1726819187e-007 -4.5443681044e-004 -4.5412413141e-004 5.3487329212e-005
d  1.5583999969e-013 1.5583999969e-002 5.0038515349e+000 4.5611114114e-001 5.0000000000e+000 3.0000000000e+002 -1.0406906311e-003 -2.8713221361e-004 1.0386937307e-003 -6.7499014795e-004 -7.6571370672e-005 3.8849628739e-007 -4.5438674797e-004 -4.5400373239e-004 6.2390654467e-005
d  1.8778799962e-013 1.8778799962e-002 5.0047016030e+000 4.5671367949e-001 5.0000000000e+000 3.0000000000e+002 -1.0562902726e-003 -2.8673472158e-004 1.0542930556e-003 -6.8916221865e-004 -7.8396114191e-005 4.7415111519e-007 -4.5432608101e-004 -4.5385847176e-004 6.0587126638e-005
d  2.2612559955e-013 2.2612559955e-002 5.0057205869e+000 4.5743436346e-001 5.0000000000e+000 3.0000000000e+002 -1.0708551655e-003 -2.8691994157e-004 1.0688601066e-003 -7.0143730958e-004 -8.0502853977e-005 5.7681889477e-007 -4.5425352270e-004 -4.5368450496e-004 5.9971846418e-005
d  2.7213071946e-013 2.7213071946e-002 5.0069403341e+000 4.5829320933e-001 5.0000000000e+000 3.0000000000e+002 -1.0840950967e-003 -2.8706192170e-004 1.0821043479e-003 -7.1200548577e-004 -8.3036940041e-005 6.9970687666e-007 -4.5416705740e-004 -4.5347664566e-004 5.9442822930e-005
d  3.2733686335e-013 3.2733686335e-002 5.0083990921e+000 4.5931449983e-001 5.0000000000e+000 3.0000000000e+002 -1.0964818448e-003 -2.8715895204e-004 1.0944975538e-003 -7.2129450242e-004 -8.6044097236e-005 8.4666534180e-007 -4.5406424110e-004 -4.5322864080e-004 5.8841097142e-005
d  3.9358423602e-013 3.9358423602e-002 5.0101685886e+000 4.6054320287e-001 5.0000000000e+000 3.0000000000e+002 -1.1142330096e-003 -2.9785628285e-004 1.1148844217e-003 -7.2934771589e-004 -8.7680420882e-005 1.0142086381e-006 -4.5394736814e-004 -4.5292882085e-004 5.4537847679e-005
d  4.7308108322e-013 4.7308108322e-002 5.0121707126e+000 4.6195477855e-001 5.0000000000e+000 3.0000000000e+002 -1.1241035142e-003 -2.9449094619e-004 1.1247500124e-003 -7.3789174407e-004 -9.2367322519e-005 1.2139280840e-006 -4.5380652204e-004 -4.5258745088e-004 5.0808677703e-005
d  5.6847729986e-013 5.6847729986e-002 5.0145544234e+000 4.6361199973e-001 5.0000000000e+000 3.0000000000e+002 -1.1375331463e-003 -2.9446382692e-004 1.1381736510e-003 -7.4660235997e-004 -9.7107463879e-005 1.4517208123e-006 -4.5364116424e-004 -4.5218335769e-004 5.0337899068e-005
d  6.8295275984e-013 6.8295275984e-002 5.0173906438e+000 4.6555831237e-001 5.0000000000e+000 3.0000000000e+002 -1.1519365213e-003 -2.9411112086e-004 1.1525698750e-003 -7.5583674857e-004 -1.0262200574e-004 1.7346666133e-006 -4.5344695738e-004 -4.5170510439e-004 4.9271195526e-005
d  8.2032331180e-013 8.2032331180e-002 5.0207595763e+000 4.6783539756e-001 5.0000000000e+000 3.0000000000e+002 -1.1675406774e-003 -2.9358138784e-004 1.1681655304e-003 -7.6559282826e-004 -1.0899131450e-004 2.0707730173e-006 -4.5321974048e-004 -4.5114050261e-004 4.7924835296e-005
d  9.8516797417e-013 9.8516797417e-002 5.0247522056e+000 4.7048497066e-001 5.0000000000e+000 3.0000000000e+002 -1.1842718508e-003 -2.9283898173e-004 1.1848866252e-003 -7.7570302503e-004 -1.1634461833e-004 2.4691253227e-006 -4.5295534901e-004 -4.5047628237e-004 4.6314506627e-005
d  1.1829815690e-012 1.1829815690e-001 5.0294713097e+000 4.7354724015e-001 5.0000000000e+000 3.0000000000e+002 -1.2020235458e-003 -2.9185708059e-004 1.2026265398e-003 -7.8593611277e-004 -1.2483334643e-004 2.9399881160e-006 -4.5264976865e-004 -4.4969814502e-004 4.4419093075e-005
d  1.4203578828e-012 1.4203578828e-001 5.0350051139e+000 4.7704092050e-001 5.0000000000e+000 3.0000000000e+002 -1.2190311749e-003 -2.8746906344e-004 1.2188404633e-003 -7.9617555819e-004 -1.3519584175e-004 3.5032104059e-006 -4.5229421685e-004 -4.4879539656e-004 4.3235966893e-005
d  1.7052094594e-012 1.7052094594e-001 5.0416173449e+000 4.8104949731e-001 5.0000000000e+000 3.0000000000e+002 -1.2391864756e-003 -2.8701518811e-004 1.2390017244e-003 -8.0568528353e-004 -1.4630125272e-004 4.1648585898e-006 -4.5189310183e-004 -4.4773331578e-004 4.1478578599e-005
d  2.0470313512e-012 2.0470313512e-001 5.0493554013e+000 4.8555457409e-001 5.0000000000e+000 3.0000000000e+002 -1.2590579239e-003 -2.8532050992e-004 1.2588799378e-003 -8.1431722163e-004 -1.5924220633e-004 4.9391371212e-006 -4.5144231158e-004 -4.4650900246e-004 3.8380293868e-005
d  2.4572176215e-012 2.4572176215e-001 5.0583726282e+000 4.9053901830e-001 5.0000000000e+000 3.0000000000e+002 -1.2792542879e-003 -2.8350512992e-004 1.2790838918e-003 -8.2157658175e-004 -1.7400218016e-004 5.8413799286e-006 -4.5094356141e-004 -4.4510883535e-004 3.5059624723e-005
d  2.9494411458e-012 2.9494411458e-001 5.0688369589e+000 4.9595868198e-001 5.0000000000e+000 3.0000000000e+002 -1.2994805467e-003 -2.8157037170e-004 1.2993186143e-003 -8.2701709906e-004 -1.9073114358e-004 6.8883781350e-006 -4.5040126960e-004 -4.4352043591e-004 3.1434088011e-005
d  3.5401093749e-012 3.5401093749e-001 5.0809304870e+000 5.0172892759e-001 5.0000000000e+000 3.0000000000e+002 -1.3196776998e-003 -2.7957329432e-004 1.3195250851e-003 -8.3045238241e-004 -2.0949940842e-004 8.0983365228e-006 -4.4982390536e-004 -4.4173405854e-004 2.7526720198e-005
d  4.2489112499e-012 4.2489112499e-001 5.0948488991e+000 5.0771292922e-001 5.0000000000e+000 3.0000000000e+002 -1.3410803335e-003 -2.7754594080e-004 1.3409379180e-003 -8.3313473060e-004 -2.3025724679e-004 9.4908170603e-006 -4.4922515852e-004 -4.3974381717e-004 2.3388577496e-005
d  5.0808778822e-012 5.0808778822e-001 5.1104557804e+000 5.1359154830e-001 5.0000000000e+000 3.0000000000e+002 -1.3716042623e-003 -2.7539305814e-004 1.3714746740e-003 -8.4401834116e-004 -2.5206327477e-004 1.1051971259e-005 -4.4863705800e-004 -4.3759526713e-004 1.9178316701e-005
d  5.9542767818e-012 5.9542767818e-001 5.1260792249e+000 5.1861098736e-001 5.0000000000e+000 3.0000000000e+002 -1.4275625246e-003 -2.7281926605e-004 1.4274504354e-003 -8.8327936260e-004 -2.7135180682e-004 1.2613909186e-005 -4.4813534841e-004 -4.3553097878e-004 1.5399153968e-005
d  6.7918073590e-012 6.7918073590e-001 5.1403800054e+000 5.2245218365e-001 5.0000000000e+000 3.0000000000e+002 -1.5028744291e-003 -2.6983056834e-004 1.5027717230e-003 -9.4679832903e-004 -2.8614282564e-004 1.4043401676e-005 -4.4775155063e-004 -4.3371678110e-004 1.2226869512e-005
d  7.5994742185e-012 7.5994742185e-001 5.1535781860e+000 5.2535408434e-001 5.0000000000e+000 3.0000000000e+002 -1.5785232962e-003 -2.6672974540e-004 1.5784197829e-003 -1.0143708507e-003 -2.9731918699e-004 1.5363110582e-005 -4.4746141887e-004 -4.3210677297e-004 9.4914873620e-006
d  8.4298311014e-012 8.4298311014e-001 5.1665800963e+000 5.2760462635e-001 5.0000000000e+000 3.0000000000e+002 -1.6540087918e-003 -2.6354195385e-004 1.6539011615e-003 -1.0844236840e-003 -3.0593552365e-004 1.6663661645e-005 -4.4723616884e-004 -4.3058152774e-004 6.9721318545e-006
d  9.2811314084e-012 9.2811314084e-001 5.1793616791e+000 5.2923429701e-001 5.0000000000e+000 3.0000000000e+002 -1.7312918525e-003 -2.6023148674e-004 1.7311869586e-003 -1.1589935886e-003 -3.1196188335e-004 1.7941873002e-005 -4.4707317709e-004 -4.2914040239e-004 4.7142338874e-006
d  1.0078865714e-011 1.0078865714e+000 5.1908713352e+000 5.3021541522e-001 5.0000000000e+000 3.0000000000e+002 -1.8043334449e-003 -2.5685757590e-004 1.8042356335e-003 -1.2321268798e-003 -3.1525117780e-004 1.9092217970e-005 -4.4697540445e-004 -4.2789132496e-004 2.8667286421e-006
d  1.0863176178e-011 1.0863176178e+000 5.2017288880e+000 5.3069998471e-001 5.0000000000e+000 3.0000000000e+002 -1.8763460130e-003 -2.5297106557e-004 1.8762435061e-003 -1.3068331530e-003 -3.1643928753e-004 2.0178111244e-005 -4.4692686940e-004 -4.2675711273e-004 1.1223958718e-006
d  1.1666003448e-011 1.1666003448e+000 5.2123071008e+000 5.3070174519e-001 5.0000000000e+000 3.0000000000e+002 -1.9495204841e-003 -2.4757528865e-004 1.9494159453e-003 -1.3861242284e-003 -3.1571642836e-004 2.1236162925e-005 -4.4692656859e-004 -4.2569911541e-004 -7.4438424031e-007
d  1.2546519402e-011 1.2546519402e+000 5.2230588498e+000 5.3004186475e-001 5.0000000000e+000 3.0000000000e+002 -2.0279253732e-003 -2.3821151493e-004 2.0278197062e-003 -1.4767934167e-003 -3.1281477464e-004 2.2311931309e-005 -4.4699224263e-004 -4.2468992855e-004 -3.2424296909e-006
d  1.3444477270e-011 1.3444477270e+000 5.2327101051e+000 5.2846456569e-001 5.0000000000e+000 3.0000000000e+002 -2.1038614827e-003 -2.2218925800e-004 2.1037658541e-003 -1.5738470928e-003 -3.0772950341e-004 2.3276705570e-005 -4.4715017244e-004 -4.2388253292e-004 -6.6256241262e-006
d  1.4349858665e-011 1.4349858665e+000 5.2404764212e+000 5.2564129380e-001 5.0000000000e+000 3.0000000000e+002 -2.1743324448e-003 -1.9681012460e-004 2.1742404070e-003 -1.6769245114e-003 -3.0050577112e-004 2.4053214188e-005 -4.4743257278e-004 -4.2338822850e-004 -1.1241916546e-005
d  1.5319191504e-011 1.5319191504e+000 5.2457047642e+000 5.2082235070e-001 5.0000000000e+000 3.0000000000e+002 -2.2417400958e-003 -1.5773699341e-004 2.2416485721e-003 -1.7934492274e-003 -2.9046235239e-004 2.4576413013e-005 -4.4791428378e-004 -4.2334728851e-004 -1.7625198203e-005
d  1.6349662455e-011 1.6349662455e+000 5.2467295767e+000 5.1320664379e-001 5.0000000000e+000 3.0000000000e+002 -2.3038248126e-003 -1.0191035688e-004 2.3037400913e-003 -1.9244212767e-003 -2.7740845813e-004 2.4678874347e-005 -4.4867588410e-004 -4.2400637795e-004 -2.5758870558e-005
d  1.7586227596e-011 1.7586227596e+000 5.2402122196e+000 5.0020097327e-001 5.0000000000e+000 3.0000000000e+002 -2.3684816914e-003 -1.9123124576e-005 2.3684001338e-003 -2.0906788336e-003 -2.5859817551e-004 2.4028092003e-005 -4.4997599462e-004 -4.2595868072e-004 -3.6523225459e-005
d  1.9021620643e-011 1.9021620643e+000 5.2206112651e+000 4.7959964372e-001 5.0000000000e+000 3.0000000000e+002 -2.4329327489e-003 9.5717591114e-005 2.4328654514e-003 -2.2950500352e-003 -2.3353300731e-004 2.2067929552e-005 -4.5203622500e-004 -4.2997890912e-004 -4.9115026887e-005
d  2.0555408442e-011 2.0555408442e+000 5.1845180832e+000 4.5128571739e-001 5.0000000000e+000 3.0000000000e+002 -2.4937444856e-003 2.3551128021e-004 2.4936891119e-003 -2.5253064951e-003 -2.0389389694e-004 1.8457985378e-005 -4.5486797797e-004 -4.3641961994e-004 -6.1643843908e-005
d  2.2126581211e-011 2.2126581211e+000 5.1308864481e+000 4.1612771863e-001 5.0000000000e+000 3.0000000000e+002 -2.5520033084e-003 3.9099308707e-004 2.5519544389e-003 -2.7719498410e-003 -1.7099768478e-004 1.3094325381e-005 -4.5838405062e-004 -4.4529858333e-004 -7.2985283189e-005
d  2.3871086823e-011 2.3871086823e+000 5.0508918399e+000 3.7078183388e-001 5.0000000000e+000 3.0000000000e+002 -2.6168378517e-003 5.7067650030e-004 2.6167922192e-003 -3.0560726669e-003 -1.3139605251e-004 5.0951110262e-006 -4.6291855210e-004 -4.5783263262e-004 -8.3603501839e-005
d  2.5877101744e-011 2.5877101744e+000 4.9319710285e+000 3.1167794882e-001 5.0000000000e+000 3.0000000000e+002 -2.6918573121e-003 7.8450084239e-004 2.6918687606e-003 -3.3937007559e-003 -8.2668846790e-005 -6.8046409361e-006 -4.6883314847e-004 -4.7563510227e-004 -9.3979236052e-005
d  2.8213401876e-011 2.8213401876e+000 4.7571669209e+000 2.3485359614e-001 5.0000000000e+000 3.0000000000e+002 -2.7811450408e-003 1.0401347266e-003 2.7811545884e-003 -3.7987979379e-003 -2.2491376940e-005 -2.4285035334e-005 -4.7651555828e-004 -5.0079794829e-004 -1.0418638506e-004
d  3.0511970898e-011 3.0511970898e+000 4.5496649245e+000 1.5157341494e-001 5.0000000000e+000 3.0000000000e+002 -2.8711251372e-003 1.2980976299e-003 2.8711333009e-003 -4.2079018462e-003 3.8670915597e-005 -4.5034967707e-005 -4.8484345168e-004 -5.2987616606e-004 -1.1369115301e-004
d  3.2731670263e-011 3.2731670263e+000 4.3184502614e+000 6.5133001791e-002 5.0000000000e+000 3.0000000000e+002 -2.9737015080e-003 1.5363134323e-003 2.9736985628e-003 -4.6099395720e-003 9.9927577354e-005 -6.8154490727e-005 -4.9348643235e-004 -5.6164167368e-004 -1.2081743388e-004
d  3.4899561698e-011 3.4899561698e+000 4.0673639536e+000 -2.3262273951e-002 5.0000000000e+000 3.0000000000e+002 -3.1011524029e-003 1.7448053934e-003 3.1011538134e-003 -5.0071712918e-003 1.6121208498e-004 -9.3263813428e-005 -5.0232634484e-004 -5.9558983204e-004 -1.2504284601e-004
d  3.6916992789e-011 3.6916992789e+000 3.8145631506e+000 -1.0822177053e-001 5.0000000000e+000 3.0000000000e+002 -3.2393244156e-003 1.9194673552e-003 3.2393355692e-003 -5.3787166278e-003 2.1991370336e-004 -1.1854510532e-004 -5.1082299476e-004 -6.2936586199e-004 -1.2829092611e-004
d  3.8891620018e-011 3.8891620018e+000 3.5486420876e+000 -1.9507213946e-001 5.0000000000e+000 3.0000000000e+002 -3.3712586235e-003 2.0877764796e-003 3.3712716928e-003 -5.7415481951e-003 2.8250002360e-004 -1.4513729956e-004 -5.1950809154e-004 -6.6464300519e-004 -1.3474504902e-004
d  4.0671249382e-011 4.0671249382e+000 3.2915238152e+000 -2.7903932344e-001 5.0000000000e+000 3.0000000000e+002 -3.4729792013e-003 2.2502054556e-003 3.4729449455e-003 -6.0670815948e-003 3.4393119425e-004 -1.7084420965e-004 -5.2790189958e-004 -6.9875155082e-004 -1.4604627571e-004
d  4.2349346990e-011 4.2349346990e+000 3.0325236298e+000 -3.6500550341e-001 5.0000000000e+000 3.0000000000e+002 -3.5602401757e-003 2.4043065705e-003 3.5602695989e-003 -6.3714551272e-003 4.0687896126e-004 -1.9675024655e-004 -5.3650212419e-004 -7.3324818737e-004 -1.5961758283e-004
d  4.3877564409e-011 4.3877564409e+000 2.7823566082e+000 -4.5025451290e-001 5.0000000000e+000 3.0000000000e+002 -3.6368737230e-003 2.5409222672e-003 3.6369203441e-003 -6.6458800287e-003 4.6803741842e-004 -2.2176793575e-004 -5.4502765337e-004 -7.6678979047e-004 -1.7392676269e-004
d  4.5366661944e-011 4.5366661944e+000 2.5263885079e+000 -5.3885828450e-001 5.0000000000e+000 3.0000000000e+002 -3.7155543787e-003 2.6633172575e-003 3.7156139238e-003 -6.9095188085e-003 5.3058763043e-004 -2.4736525130e-004 -5.5388824877e-004 -8.0124697766e-004 -1.8408302175e-004
d  4.6720864414e-011 4.6720864414e+000 2.2899691907e+000 -6.0775490638e-001 5.0000000000e+000 3.0000000000e+002 -3.7715327618e-003 2.7945278425e-003 3.7716991071e-003 -7.1485313886e-003 5.8230444418e-004 -2.7101229092e-004 -5.6077917518e-004 -8.3177857157e-004 -1.4042456645e-004
d  4.8025215534e-011 4.8025215534e+000 2.0708278793e+000 -6.3746880802e-001 5.0000000000e+000 3.0000000000e+002 -3.8101443002e-003 2.9518306969e-003 3.8097705380e-003 -7.3806145467e-003 6.1901337489e-004 -2.9290129366e-004 -5.6374319696e-004 -8.5666409287e-004 -2.6862406143e-005
d  4.9359305028e-011 4.9359305028e+000 1.8562741532e+000 -6.4525845543e-001 5.0000000000e+000 3.0000000000e+002 -3.9368280584e-003 3.0049353175e-003 3.9364767214e-003 -7.6030004776e-003 6.6158879974e-004 -3.1436074701e-004 -5.6452362575e-004 -8.7889843022e-004 8.2573280503e-006
d  5.0000000000e-011 5.0000000000e+000 1.7554373448e+000 -6.4635091517e-001 5.0000000000e+000 3.0000000000e+002 -4.0252002518e-003 2.9874606147e-003 4.0259524211e-003 -7.6994095907e-003 6.8599694366e-004 -3.2447078665e-004 -5.6463948515e-004 -8.8909135703e-004 -1.3643330344e-006
d  5.0768833966e-011 5.0000000000e+000 1.6061246959e+000 -6.5442640182e-001 5.0000000000e+000 3.0000000000e+002 -1.8409440690e-003 3.5260379143e-003 1.8413304231e-003 -6.2151558608e-003 8.4778818448e-004 -3.3939460606e-004 -5.6544419332e-004 -9.0483017059e-004 -4.6001750129e-005
d  5.1691434725e-011 5.0000000000e+000 1.4368154873e+000 -6.5652282598e-001 5.0000000000e+000 3.0000000000e+002 -1.9576004341e-003 3.4257399025e-003 1.9578914053e-003 -6.2194212754e-003 8.3578992305e-004 -3.5632390729e-004 -5.6565328300e-004 -9.2197073386e-004 6.6021539027e-006
d  5.2444221029e-011 5.0000000000e+000 1.3052647745e+000 -6.5623592201e-001 5.0000000000e+000 3.0000000000e+002 -1.8759437035e-003 3.2962187974e-003 1.8752252512e-003 -6.0367102553e-003 8.6526630158e-004 -3.6946227199e-004 -5.6562116168e-004 -9.3509711475e-004 4.8604627276e-006
d  5.3347564594e-011 5.0000000000e+000 1.1580788605e+000 -6.5497765458e-001 5.0000000000e+000 3.0000000000e+002 -1.8109446587e-003 3.0928654812e-003 1.8111640476e-003 -5.7966423096e-003 8.9261336441e-004 -3.8419546463e-004 -5.6549842708e-004 -9.4968987941e-004 5.8003792531e-006
d  5.4336629406e-011 5.0000000000e+000 1.0112155794e+000 -6.5288655387e-001 5.0000000000e+000 3.0000000000e+002 -1.7454251973e-003 2.8243671918e-003 1.7448995604e-003 -5.4850463212e-003 9.1577947593e-004 -3.9887061368e-004 -5.6528711369e-004 -9.6416709745e-004 7.5448535973e-006
d  5.5454271218e-011 5.0000000000e+000 8.6360989353e-001 -6.4999035839e-001 5.0000000000e+000 3.0000000000e+002 -1.6379847068e-003 2.4928720218e-003 1.6376554320e-003 -5.0646026044e-003 9.3407546027e-004 -4.1363412201e-004 -5.6499807009e-004 -9.7863804649e-004 8.5730773668e-006
d  5.6706996323e-011 5.0000000000e+000 7.1801158089e-001 -6.4653133097e-001 5.0000000000e+000 3.0000000000e+002 -1.4922334335e-003 2.0863692258e-003 1.4921207716e-003 -4.5266357110e-003 9.4814576488e-004 -4.2819714664e-004 -5.6465277648e-004 -9.9285197501e-004 8.5659664156e-006
d  5.7983314790e-011 5.0000000000e+000 5.9133175570e-001 -6.4141555232e-001 5.0000000000e+000 3.0000000000e+002 -1.2932658627e-003 1.7096201733e-003 1.2934166276e-003 -3.9531910742e-003 9.5015426192e-004 -4.4086904508e-004 -5.6414211688e-004 -1.0050083797e-003 1.3892820239e-005
d  5.9294398697e-011 5.0000000000e+000 4.8777715992e-001 -6.3253768128e-001 5.0000000000e+000 3.0000000000e+002 -1.0162496403e-003 1.4577067654e-003 1.0163929758e-003 -3.4067602510e-003 9.3266052202e-004 -4.5122437031e-004 -5.6325440696e-004 -1.0144760521e-003 2.4492611510e-005
d  6.0773700510e-011 5.0000000000e+000 4.0052910630e-001 -6.1843525657e-001 5.0000000000e+000 3.0000000000e+002 -7.2751205091e-004 1.2678900795e-003 7.2760243145e-004 -2.8971920151e-003 9.0169951252e-004 -4.5994847888e-004 -5.6184405285e-004 -1.0217906150e-003 3.2975513823e-005
d  6.2488273951e-011 5.0000000000e+000 3.2910322915e-001 -5.9640477685e-001 5.0000000000e+000 3.0000000000e+002 -4.8482897973e-004 1.1144084594e-003 4.8463621284e-004 -2.4587467342e-003 8.5970206358e-004 -4.6708642872e-004 -5.5963887771e-004 -1.0267301548e-003 4.3929963072e-005
d  6.4305566168e-011 5.0000000000e+000 2.7887575743e-001 -5.6359700402e-001 5.0000000000e+000 3.0000000000e+002 -3.0763690750e-004 1.0276604114e-003 3.0750822355e-004 -2.1448488202e-003 8.0968020722e-004 -4.7211015355e-004 -5.5635827953e-004 -1.0284721247e-003 6.2228108356e-005
d  6.6235890985e-011 5.0000000000e+000 2.4486026214e-001 -5.1767207712e-001 5.0000000000e+000 3.0000000000e+002 -1.8797339195e-004 9.9184830697e-004 1.8790425867e-004 -1.9335766622e-003 7.5382410040e-004 -4.7551270365e-004 -5.5176632959e-004 -1.0272811815e-003 8.0261447198e-005
d  6.8552280765e-011 5.0000000000e+000 2.1539469051e-001 -4.1465474711e-001 5.0000000000e+000 3.0000000000e+002 -1.4222744066e-004 9.1933029956e-004 1.4229374957e-004 -1.7550011553e-003 6.9337710652e-004 -4.7846191008e-004 -5.4146665945e-004 -1.0199260057e-003 1.6723913259e-004
d  7.1331948500e-011 5.0000000000e+000 1.7830298817e-001 -1.3186065271e-001 5.0000000000e+000 3.0000000000e+002 -1.8428396389e-004 7.0014239815e-004 1.8431116461e-004 -1.5225789614e-003 6.3812540187e-004 -4.8217035400e-004 -5.1318622291e-004 -9.9535576645e-004 3.9891112068e-004
d  7.3319520841e-011 5.0000000000e+000 1.5542139863e-001 1.4064001446e-001 5.0000000000e+000 3.0000000000e+002 -1.5688948066e-004 6.1012096329e-004 1.5693007279e-004 -1.3620378185e-003 5.9498678265e-004 -4.8445865085e-004 -4.8593603344e-004 -9.7039385869e-004 4.5554026013e-004
d  7.5529965272e-011 5.0000000000e+000 1.3630616372e-001 4.6404179095e-001 5.0000000000e+000 3.0000000000e+002 -1.0845755477e-004 5.6175937701e-004 1.0850197411e-004 -1.2167555063e-003 5.4649415626e-004 -4.8637026851e-004 -4.5359582124e-004 -9.3996520453e-004 4.5345755751e-004
d  7.8182498589e-011 5.0000000000e+000 1.2100280836e-001 8.3899579349e-001 5.0000000000e+000 3.0000000000e+002 -6.4146960715e-005 5.3969816000e-004 6.4165355302e-005 -1.0943266834e-003 4.9046316924e-004 -4.8790013965e-004 -4.1610042082e-004 -9.0400013982e-004 4.1597200649e-004
d  8.1365538570e-011 5.0000000000e+000 1.0891870904e-001 1.2548401253e+000 5.0000000000e+000 3.0000000000e+002 -4.0209651585e-005 5.2407219633e-004 4.0216536457e-005 -9.9363585667e-004 4.2934712383e-004 -4.8910831240e-004 -3.7451598756e-004 -8.6362411657e-004 3.7440064454e-004
d  8.5185186547e-011 5.0000000000e+000 9.9165823894e-002 1.7025388158e+000 5.0000000000e+000 3.0000000000e+002 -2.7568105164e-005 5.1417993922e-004 2.7550545494e-005 -9.0616764939e-004 3.6443716466e-004 -4.9008287076e-004 -3.2974611815e-004 -8.1982953603e-004 3.2964474665e-004
d  8.9768764119e-011 5.0000000000e+000 9.1068630297e-002 2.1716782550e+000 5.0000000000e+000 3.0000000000e+002 -1.9850965697e-005 5.0787069531e-004 1.9843515459e-005 -8.2583058834e-004 2.9811637811e-004 -4.9089286455e-004 -2.8283217435e-004 -7.7372531147e-004 2.8274499431e-004
d  9.5269057206e-011 5.0000000000e+000 8.4244371503e-002 2.6491733540e+000 5.0000000000e+000 3.0000000000e+002 -1.4236850635e-005 5.0367940625e-004 1.4233709040e-005 -7.5114861494e-004 2.3323549965e-004 -4.9157542753e-004 -2.3508266452e-004 -7.2665822745e-004 2.3500959569e-004
d  1.0186940891e-010 5.0000000000e+000 7.8537792165e-002 3.1190894891e+000 5.0000000000e+000 3.0000000000e+002 -9.8928371314e-006 5.0062004407e-004 9.9058069897e-006 -6.8339772452e-004 1.7287187346e-004 -4.9214688074e-004 -1.8809105148e-004 -6.8023727187e-004 1.8803169567e-004
d  1.0978983095e-010 5.0000000000e+000 7.3880657088e-002 3.5634441335e+000 5.0000000000e+000 3.0000000000e+002 -6.5427218735e-006 4.9844573131e-004 6.5485520276e-006 -6.2486045423e-004 1.1986617180e-004 -4.9261228560e-004 -1.4365558686e-004 -6.3626752094e-004 1.4360917735e-004
d  1.1929433741e-010 5.0000000000e+000 7.0235727831e-002 3.9639580955e+000 5.0000000000e+000 3.0000000000e+002 -4.0831627569e-006 4.9682721568e-004 4.0856413931e-006 -5.7733291659e-004 7.6420059578e-005 -4.9297660445e-004 -1.0360419055e-004 -5.9658061766e-004 1.0356954683e-004
d  1.3069974515e-010 5.0000000000e+000 6.7543589987e-002 4.3045960855e+000 5.0000000000e+000 3.0000000000e+002 -2.3358815447e-006 4.9563882118e-004 2.3368608945e-006 -5.4162032164e-004 4.3644639581e-005 -4.9324572425e-004 -6.9540391499e-005 -5.6278603245e-004 6.9515954660e-005
d  1.4438623445e-010 5.0000000000e+000 6.5715049851e-002 4.5744428067e+000 5.0000000000e+000 3.0000000000e+002 -1.1618992892e-006 4.9485530398e-004 1.1556198332e-006 -5.1735098508e-004 2.1340061271e-005 -4.9342785950e-004 -4.2555719000e-005 -5.3598421434e-004 4.2539645086e-005
d  1.6081002160e-010 5.0000000000e+000 6.4617131011e-002 4.7701265388e+000 5.0000000000e+000 3.0000000000e+002 -4.6668710399e-007 4.9425613071e-004 4.6438194971e-007 -5.0280639433e-004 8.0858838126e-006 -4.9353800879e-004 -2.2987346003e-005 -5.1652563302e-004 2.2977654739e-005
d  1.8051856618e-010 5.0000000000e+000 6.4064091005e-002 4.8968358233e+000 5.0000000000e+000 3.0000000000e+002 -1.0390462174e-007 4.9389479366e-004 1.0320311076e-007 -4.9558340485e-004 1.5854079235e-006 -4.9359348990e-004 -1.0316417632e-005 -5.0391000857e-004 1.0311194119e-005
d  2.0416881968e-010 5.0000000000e+000 6.3860276763e-002 4.9672132339e+000 5.0000000000e+000 3.0000000000e+002 3.0088729721e-008 4.9370693823e-004 -3.0244633610e-008 -4.9298687402e-004 -6.8981962038e-007 -4.9361394552e-004 -3.2786765999e-006 -4.9689264893e-004 3.2762570120e-006
d  2.3254912388e-010 5.0000000000e+000 6.3831736246e-002 4.9981482053e+000 5.0000000000e+000 3.0000000000e+002 4.7170403744e-008 4.9362033601e-004 -4.6731594380e-008 -4.9266609390e-004 -9.0751052289e-007 -4.9361691656e-004 -1.8517948477e-007 -4.9380200585e-004 1.8428741881e-007
d  2.6660548892e-010 5.0000000000e+000 6.3859577114e-002 5.0064849952e+000 5.0000000000e+000 3.0000000000e+002 2.8278928419e-008 4.9361206915e-004 -2.8589229636e-008 -4.9307802996e-004 -5.0545001202e-007 -4.9361396601e-004 6.4849952946e-007 -4.9296554277e-004 -6.4870824379e-007
d  3.0747312696e-010 5.0000000000e+000 6.3886971276e-002 5.0053235139e+000 5.0000000000e+000 3.0000000000e+002 8.1882761491e-009 4.9360960993e-004 -8.3913441122e-009 -4.9344744971e-004 -1.5376933975e-007 -4.9361124314e-004 5.3235139237e-007 -4.9307895149e-004 -5.3233987603e-007
d  3.5651429262e-010 5.0000000000e+000 6.3899176009e-002 5.0023481882e+000 5.0000000000e+000 3.0000000000e+002 7.2337703536e-011 4.9360943090e-004 -1.3480120408e-010 -4.9360726208e-004 -2.0343555801e-009 -4.9361006041e-004 2.3481882306e-007 -4.9337526358e-004 -2.3478162611e-007
d  4.1536369141e-010 5.0000000000e+000 6.3901357466e-002 5.0004795417e+000 5.0000000000e+000 3.0000000000e+002 -1.2015226878e-009 4.9360975414e-004 1.1940911958e-009 -4.9363397063e-004 2.3022505595e-008 -4.9360986112e-004 4.7954166935e-008 -4.9356191009e-004 -4.7940459779e-008
d  4.8598296995e-010 5.0000000000e+000 6.3900501295e-002 4.9998763606e+000 5.0000000000e+000 3.0000000000e+002 -5.7228141366e-010 4.9360997469e-004 5.7464468474e-010 -4.9362160359e-004 1.1054256654e-008 -4.9360995106e-004 -1.2363939537e-008 -4.9362231381e-004 1.2358885329e-008
d  5.7072610421e-010 5.0000000000e+000 6.3899784195e-002 4.9998658598e+000 5.0000000000e+000 3.0000000000e+002 -8.9847052107e-011 4.9361004246e-004 9.1163581756e-011 -4.9361186902e-004 1.7353978491e-009 -4.9361002238e-004 -1.3414020552e-008 -4.9362343560e-004 1.3402179405e-008
d  6.7241786531e-010 5.0000000000e+000 6.3899600431e-002 4.9999565143e+000 5.0000000000e+000 3.0000000000e+002 2.8778951010e-011 4.9361004503e-004 -2.8549501569e-011 -4.9360945605e-004 -5.6043035784e-010 -4.9361004012e-004 -4.3485713640e-009 -4.9361438853e-004 4.3359162613e-009
d  7.9444797863e-010 5.0000000000e+000 6.3899614922e-002 4.9999985098e+000 5.0000000000e+000 3.0000000000e+002 1.7434400278e-011 4.9361003845e-004 -1.7449696748e-011 -4.9360968276e-004 -3.3824211585e-010 -4.9361003849e-004 -1.4901607432e-010 -4.9361018752e-004 1.3680392043e-010
d  9.4088411462e-010 5.0000000000e+000 6.3899637126e-002 5.0000038280e+000 5.0000000000e+000 3.0000000000e+002 2.4202170216e-012 4.9361003594e-004 -2.4348391625e-012 -4.9360998686e-004 -4.6643579543e-011 -4.9361003627e-004 3.8279677499e-010 -4.9360965349e-004 -3.9476060070e-010
d  1.0500000000e-009 5.0000000000e+000 6.3899641149e-002 5.0000013272e+000 5.0000000000e+000 3.0000000000e+002 -2.1094541044e-013 4.9361003576e-004 2.0667091774e-013 -4.9361004011e-004 4.1483621625e-012 -4.9361003588e-004 1.3271753785e-010 -4.9360990317e-004 -1.4463366507e-010
d  1.0524813337e-009 4.7518666253e+000 -7.9859155390e-003 4.9999844049e+000 5.0000000000e+000 3.0000000000e+002 2.2760247247e-003 8.2899543570e-004 -2.2760211339e-003 1.3337149015e-003 1.1331079673e-004 -5.0079870093e-004 -1.5595412452e-009 -5.0080015106e-004 -2.0913259867e-008
d  1.0550849321e-009 4.4915067883e+000 -5.4714985260e-002 4.9999724837e+000 5.0000000000e+000 3.0000000000e+002 2.6753666481e-003 7.5404643416e-004 -2.6753490399e-003 1.8006682707e-003 1.2063433511e-004 -5.0547189857e-004 -2.7516938175e-009 -5.0547425015e-004 -1.0294869054e-008
d  1.0582092502e-009 4.1790749839e+000 -8.5084530444e-002 4.9999652023e+000 5.0000000000e+000 3.0000000000e+002 2.7666527248e-003 6.6762104565e-004 -2.7666689258e-003 1.9738508506e-003 1.2519702977e-004 -5.0850802960e-004 -3.4797046827e-009 -5.0851193282e-004 -3.3119328486e-009
d  1.0619440560e-009 3.8055944048e+000 -1.0707541924e-001 4.9999619635e+000 5.0000000000e+000 3.0000000000e+002 2.7716965969e-003 6.1375841138e-004 -2.7717065743e-003 2.0316390386e-003 1.2630912477e-004 -5.1070723536e-004 -3.8036006212e-009 -5.1071134557e-004 -2.1053054872e-010
d  1.0659201565e-009 3.4079843514e+000 -1.2543480110e-001 4.9999614587e+000 5.0000000000e+000 3.0000000000e+002 2.7603832692e-003 5.9333867837e-004 -2.7603929228e-003 2.0416945163e-003 1.2535972829e-004 -5.1254315828e-004 -3.8540836734e-009 -5.1254733424e-004 7.6467984896e-010
d  1.0706914771e-009 2.9308522874e+000 -1.4696816547e-001 4.9999620956e+000 5.0000000000e+000 3.0000000000e+002 2.7426164085e-003 5.9364526478e-004 -2.7426255183e-003 2.0237390689e-003 1.2524118483e-004 -5.1469646148e-004 -3.7903916404e-009 -5.1470060699e-004 8.2712132022e-010
d  1.0764170619e-009 2.3582938105e+000 -1.7688797955e-001 4.9999628212e+000 5.0000000000e+000 3.0000000000e+002 2.7070432004e-003 6.0906697863e-004 -2.7070521191e-003 1.9666583448e-003 1.3132679594e-004 -5.1768838189e-004 -3.7178247589e-009 -5.1769251584e-004 3.6958565548e-010
d  1.0832877636e-009 1.6712236383e+000 -2.2527161740e-001 4.9999622698e+000 5.0000000000e+000 3.0000000000e+002 2.6260094645e-003 6.4560656812e-004 -2.6260206104e-003 1.8260347309e-003 1.5437931170e-004 -5.2252653159e-004 -3.7729346424e-009 -5.2253093476e-004 -5.7887933336e-010
d  1.0915326057e-009 8.4673943166e-001 -3.1348897594e-001 4.9999583565e+000 5.0000000000e+000 3.0000000000e+002 2.3895466127e-003 7.1823156815e-004 -2.3895668307e-003 1.4463672745e-003 2.2496798897e-004 -5.3134738114e-004 -4.1641560707e-009 -5.3135306195e-004 -2.0681890640e-009
d  1.0984941190e-009 1.5058810416e-001 -3.9168831528e-001 4.9999547830e+000 5.0000000000e+000 3.0000000000e+002 2.0209375179e-003 7.3515897324e-004 -2.0209249635e-003 9.6426174305e-004 3.2150425595e-004 -5.3917046423e-004 -4.5218927885e-009 -5.3917335322e-004 -1.5943034284e-009
d  1.1000000000e-009 0.0000000000e+000 -4.0608344771e-001 4.9999544707e+000 5.0000000000e+000 3.0000000000e+002 1.9433140420e-003 7.0709535244e-004 -1.9432934951e-003 8.9107434766e-004 3.4512381189e-004 -5.4060935391e-004 -4.5530740629e-009 -5.4061289770e-004 -4.6243358101e-010
d  1.1002647953e-009 0.0000000000e+000 -4.0117338301e-001 4.9999555482e+000 5.0000000000e+000 3.0000000000e+002 6.2150436514e-004 2.1552359809e-004 -6.2122871208e-004 1.4832774751e-004 2.5737737360e-004 -5.4012083766e-004 -4.4457003372e-009 -5.4012178348e-004 1.4058065045e-008
d  1.1003970297e-009 0.0000000000e+000 -3.9880729492e-001 4.9999561413e+000 5.0000000000e+000 3.0000000000e+002 6.5373487532e-004 2.2254560702e-004 -6.5340504112e-004 1.6610599404e-004 2.6475365503e-004 -5.3988285820e-004 -4.3861446959e-009 -5.3988511536e-004 1.3787995995e-008
d  1.1005009482e-009 0.0000000000e+000 -3.9690509790e-001 4.9999566211e+000 5.0000000000e+000 3.0000000000e+002 6.2394239631e-004 2.1608680718e-004 -6.2355166394e-004 1.4718381943e-004 2.6028113925e-004 -5.3969245416e-004 -4.3381271648e-009 -5.3969484768e-004 1.3925837566e-008
d  1.1006256504e-009 0.0000000000e+000 -3.9457998247e-001 4.9999572044e+000 5.0000000000e+000 3.0000000000e+002 5.9898948522e-004 2.1044065480e-004 -5.9843623994e-004 1.3232457022e-004 2.5567111413e-004 -5.3946101524e-004 -4.2798982534e-009 -5.3946227781e-004 1.4007434962e-008
d  1.1007752931e-009 0.0000000000e+000 -3.9175870393e-001 4.9999579103e+000 5.0000000000e+000 3.0000000000e+002 5.7479991701e-004 2.0564512848e-004 -5.7420299747e-004 1.1815462716e-004 2.5040345769e-004 -5.3917964818e-004 -4.2093953251e-009 -5.3918007936e-004 1.4083963856e-008
d  1.1009548643e-009 0.0000000000e+000 -3.8834530023e-001 4.9999587608e+000 5.0000000000e+000 3.0000000000e+002 5.5060393985e-004 2.0400629876e-004 -5.5080149915e-004 1.0284591795e-004 2.4394951642e-004 -5.3883307976e-004 -4.1237520104e-009 -5.3883865394e-004 1.4283436905e-008
d  1.1011703498e-009 0.0000000000e+000 -3.8413851564e-001 4.9999597854e+000 5.0000000000e+000 3.0000000000e+002 5.2279834140e-004 1.9948899757e-004 -5.2301206766e-004 8.6382249565e-005 2.3714077946e-004 -5.3841203241e-004 -4.0212556852e-009 -5.3841787303e-004 1.4337530954e-008
d  1.1014289323e-009 0.0000000000e+000 -3.7904615669e-001 4.9999610166e+000 5.0000000000e+000 3.0000000000e+002 4.9394064053e-004 1.9606566823e-004 -4.9416887945e-004 6.8899666986e-005 2.2920357365e-004 -5.3790236350e-004 -3.8980806559e-009 -5.3790851400e-004 1.4341771271e-008
d  1.1017392314e-009 0.0000000000e+000 -3.7290393479e-001 4.9999624916e+000 5.0000000000e+000 3.0000000000e+002 4.6427873906e-004 1.9373490445e-004 -4.6451934227e-004 5.0772877872e-005 2.2001159276e-004 -5.3728764076e-004 -3.7505280586e-009 -5.3729414432e-004 1.4293117578e-008
d  1.1021115903e-009 0.0000000000e+000 -3.6552604303e-001 4.9999642515e+000 5.0000000000e+000 3.0000000000e+002 4.3407333294e-004 1.9268367407e-004 -4.3432352430e-004 3.2290201344e-005 2.0934968463e-004 -5.3654928404e-004 -3.5744691709e-009 -5.3655617915e-004 1.4182331441e-008
d  1.1025584209e-009 0.0000000000e+000 -3.5669170233e-001 4.9999663433e+000 5.0000000000e+000 3.0000000000e+002 4.0290840520e-004 1.9187946632e-004 -4.0282743810e-004 1.3785707383e-005 1.9716230249e-004 -5.3567041756e-004 -3.3658162882e-009 -5.3567253591e-004 1.3954978693e-008
d  1.1030946177e-009 0.0000000000e+000 -3.4623551501e-001 4.9999688146e+000 5.0000000000e+000 3.0000000000e+002 3.7220530737e-004 1.9382094246e-004 -3.7212371497e-004 -4.5547166726e-006 1.8285748213e-004 -5.3462501239e-004 -3.1187046579e-009 -5.3462667004e-004 1.3694654057e-008
d  1.1037380539e-009 0.0000000000e+000 -3.3385568715e-001 4.9999717171e+000 5.0000000000e+000 3.0000000000e+002 3.4133316337e-004 1.9710524015e-004 -3.4125238035e-004 -2.2277415910e-005 1.6642456026e-004 -5.3338725252e-004 -2.8284848172e-009 -5.3338839701e-004 1.3358037017e-008
d  1.1045101773e-009 0.0000000000e+000 -3.1927275405e-001 4.9999751032e+000 5.0000000000e+000 3.0000000000e+002 3.1062562119e-004 2.0179353074e-004 -3.1054713119e-004 -3.8883908093e-005 1.4763751275e-004 -5.3192918382e-004 -2.4898964241e-009 -5.3192976508e-004 1.2938156317e-008
d  1.1054367253e-009 0.0000000000e+000 -3.0218291659e-001 4.9999790245e+000 5.0000000000e+000 3.0000000000e+002 2.8044092783e-004 2.0778222404e-004 -2.8036612679e-004 -5.3763242509e-005 1.2634714941e-004 -5.3022041818e-004 -2.0977956281e-009 -5.3022038921e-004 1.2433078202e-008
d  1.1065485830e-009 0.0000000000e+000 -2.8225561039e-001 4.9999835283e+000 5.0000000000e+000 3.0000000000e+002 2.5121132923e-004 2.1488271930e-004 -2.5114142955e-004 -6.6228744259e-005 1.0248745845e-004 -5.2822789040e-004 -1.6474411142e-009 -5.2822720821e-004 1.1843857808e-008
d  1.1078828122e-009 0.0000000000e+000 -2.5912867785e-001 4.9999886546e+000 5.0000000000e+000 3.0000000000e+002 2.2339843586e-004 2.2282915469e-004 -2.2333439296e-004 -7.5605644640e-005 7.6110886443e-005 -5.2591537593e-004 -1.1348358553e-009 -5.2591400233e-004 1.1174851610e-008
d  1.1094838872e-009 0.0000000000e+000 -2.3240626060e-001 4.9999944313e+000 5.0000000000e+000 3.0000000000e+002 1.9755569747e-004 2.3153033267e-004 -1.9757302200e-004 -8.1337199344e-005 4.7379891836e-005 -5.2323982667e-004 -5.5677235986e-010 -5.2324118293e-004 1.0443787059e-008
d  1.1114051772e-009 0.0000000000e+000 -2.0157666796e-001 5.0000008747e+000 5.0000000000e+000 3.0000000000e+002 1.7377912566e-004 2.3995581316e-004 -1.7379419807e-004 -8.2997975287e-005 1.6836359472e-005 -5.2015684547e-004 8.7565391649e-011 -5.2015757933e-004 9.6470770070e-009
d  1.1137107253e-009 0.0000000000e+000 -1.6610814309e-001 5.0000079861e+000 5.0000000000e+000 3.0000000000e+002 1.5251722834e-004 2.4787033549e-004 -1.5253012046e-004 -8.0531006560e-005 -1.4809208273e-005 -5.1660998272e-004 7.9870986376e-010 -5.1661001570e-004 8.8150101645e-009
d  1.1164773829e-009 0.0000000000e+000 -1.2529006787e-001 5.0000157559e+000 5.0000000000e+000 3.0000000000e+002 1.3380896675e-004 2.5468074129e-004 -1.3381982669e-004 -7.4239803284e-005 -4.6621111172e-005 -5.1252817516e-004 1.5756956795e-009 -5.1252743119e-004 7.9750805751e-009
d  1.1197973721e-009 0.0000000000e+000 -7.8221360161e-002 5.0000241706e+000 5.0000000000e+000 3.0000000000e+002 1.1756096642e-004 2.5989517966e-004 -1.1756735412e-004 -6.4808504865e-005 -7.7519320561e-005 -5.0782155309e-004 2.4171347882e-009 -5.0781971895e-004 7.1565771625e-009
d  1.1237813591e-009 0.0000000000e+000 -2.0160780858e-002 5.0000337531e+000 5.0000000000e+000 3.0000000000e+002 1.1393294110e-004 2.7953059651e-004 -1.1393231125e-004 -5.5354072937e-005 -1.1024421230e-004 -5.0201614696e-004 3.3753019819e-009 -5.0201270278e-004 7.0040619485e-009
d  1.1279867814e-009 0.0000000000e+000 4.6272467833e-002 5.0000442320e+000 5.0000000000e+000 3.0000000000e+002 1.1823541520e-004 3.0845168824e-004 -1.1823659349e-004 -4.8530186802e-005 -1.4168490796e-004 -4.9537261330e-004 4.4232183439e-009 -4.9536833002e-004 7.6087448338e-009
d  1.1327942660e-009 0.0000000000e+000 1.2555622901e-001 5.0000567556e+000 5.0000000000e+000 3.0000000000e+002 1.1443840825e-004 3.2548519159e-004 -1.1444226764e-004 -4.1083225822e-005 -1.6995969813e-004 -4.8744385477e-004 5.6756352434e-009 -4.8743870154e-004 7.9970316732e-009
d  1.1371245025e-009 0.0000000000e+000 1.9894130370e-001 5.0000687925e+000 5.0000000000e+000 3.0000000000e+002 1.1093859942e-004 3.3540473947e-004 -1.1094755850e-004 -3.4547234756e-005 -1.8990994617e-004 -4.8010471786e-004 6.8794398698e-009 -4.8009899038e-004 8.5894726384e-009
d  1.1406246124e-009 0.0000000000e+000 2.5922422343e-001 5.0000792976e+000 5.0000000000e+000 3.0000000000e+002 1.0820516737e-004 3.4015606333e-004 -1.0822620676e-004 -2.9388611668e-005 -2.0254124473e-004 -4.7407531468e-004 7.9301860633e-009 -4.7406964790e-004 9.3065113393e-009
d  1.1441269263e-009 0.0000000000e+000 3.2003135224e-001 5.0000905735e+000 5.0000000000e+000 3.0000000000e+002 1.0511241703e-004 3.4171966191e-004 -1.0509582274e-004 -2.4351416497e-005 -2.1227242208e-004 -4.6799860680e-004 9.0570029872e-009 -4.6798780743e-004 9.9816217618e-009
d  1.1481738769e-009 0.0000000000e+000 3.9056242981e-001 5.0001047067e+000 5.0000000000e+000 3.0000000000e+002 1.0193896605e-004 3.4148041791e-004 -1.0191894240e-004 -1.8951927752e-005 -2.2060954761e-004 -4.6094614537e-004 1.0470183505e-008 -4.6093328635e-004 1.0910058327e-008
d  1.1527825620e-009 0.0000000000e+000 4.7115339503e-001 5.0001228882e+000 5.0000000000e+000 3.0000000000e+002 9.8914726791e-005 3.3950553445e-004 -9.8895131017e-005 -1.3566243229e-005 -2.2704415974e-004 -4.5288735730e-004 1.2288228998e-008 -4.5287237168e-004 1.2552398237e-008
d  1.1567188910e-009 0.0000000000e+000 5.4021728761e-001 5.0001415195e+000 5.0000000000e+000 3.0000000000e+002 9.6865670999e-005 3.3699043899e-004 -9.6841003419e-005 -9.6823052567e-006 -2.3046712969e-004 -4.4598135205e-004 1.4151103058e-008 -4.4596411929e-004 1.5279278721e-008
d  1.1598029472e-009 0.0000000000e+000 5.9439613666e-001 5.0001593069e+000 5.0000000000e+000 3.0000000000e+002 9.5215742274e-005 3.3408812998e-004 -9.5174114837e-005 -7.0187237730e-006 -2.3189529035e-004 -4.4056458681e-004 1.5929243181e-008 -4.4054445564e-004 1.8645596131e-008
d  1.1625367000e-009 0.0000000000e+000 6.4235543544e-001 5.0001783517e+000 5.0000000000e+000 3.0000000000e+002 9.3559949099e-005 3.3061465962e-004 -9.3495052175e-005 -4.8557915158e-006 -2.3226381374e-004 -4.3577022461e-004 1.7832877627e-008 -4.3574662128e-004 2.2552848474e-008
d  1.1651978466e-009 0.0000000000e+000 6.8886470399e-001 5.0002009676e+000 5.0000000000e+000 3.0000000000e+002 9.1787387682e-005 3.2644738218e-004 -9.1708554106e-005 -2.8839024250e-006 -2.3185492153e-004 -4.3112030869e-004 2.0093716759e-008 -4.3109343284e-004 2.7711429783e-008
d  1.1681231182e-009 0.0000000000e+000 7.3961313383e-001 5.0002324798e+000 5.0000000000e+000 3.0000000000e+002 8.9490190809e-005 3.2075006183e-004 -8.9411010300e-005 -8.1039528993e-007 -2.3052865135e-004 -4.2604604912e-004 2.3244457014e-008 -4.2601543864e-004 3.5834116252e-008
d  1.1716334440e-009 0.0000000000e+000 7.9942083289e-001 5.0002858347e+000 5.0000000000e+000 3.0000000000e+002 8.5720619622e-005 3.1171009142e-004 -8.5756758142e-005 1.6647279566e-006 -2.2761805610e-004 -4.2005393079e-004 2.8584994036e-008 -4.2002933324e-004 5.2862624269e-008
d  1.1757222768e-009 0.0000000000e+000 8.6513015842e-001 5.0004021409e+000 5.0000000000e+000 3.0000000000e+002 7.5387868441e-005 2.9045845634e-004 -7.5436547211e-005 5.5380226898e-006 -2.2055993202e-004 -4.1348065181e-004 4.0208804899e-008 -4.1344677007e-004 1.0665552378e-007
d  1.1802339742e-009 0.0000000000e+000 9.2830624428e-001 5.0006080848e+000 5.0000000000e+000 3.0000000000e+002 5.6981842559e-005 2.5220919338e-004 -5.6926017859e-005 1.1531992768e-005 -2.0681516632e-004 -4.0717754718e-004 6.0824662758e-008 -4.0710856710e-004 1.6417538984e-007
d  1.1845466760e-009 0.0000000000e+000 9.8404682548e-001 5.0002044016e+000 5.0000000000e+000 3.0000000000e+002 5.4197825806e-005 2.3456318637e-004 -5.4162156530e-005 1.4678217333e-005 -1.9507923375e-004 -4.0160047932e-004 2.0502541036e-008 -4.0157487729e-004 -4.8432859270e-007
d  1.1881826652e-009 0.0000000000e+000 1.0319620140e+000 4.9987193923e+000 5.0000000000e+000 3.0000000000e+002 6.0800696074e-005 2.3482592586e-004 -6.0749018221e-005 1.4298900688e-005 -1.8837580595e-004 -3.9681029562e-004 -1.2793823116e-007 -3.9693185937e-004 -1.6558068752e-006
d  1.1916188679e-009 0.0000000000e+000 1.0776761225e+000 4.9958094647e+000 5.0000000000e+000 3.0000000000e+002 6.2294936479e-005 2.3130478331e-004 -6.2228875428e-005 1.3275931054e-005 -1.8235183096e-004 -3.9224015591e-004 -4.1885460134e-007 -3.9265144128e-004 -3.1770099198e-006
d  1.1952363655e-009 0.0000000000e+000 1.1259429087e+000 4.9906538918e+000 5.0000000000e+000 3.0000000000e+002 6.2877476648e-005 2.2743377113e-004 -6.2804737309e-005 1.2029746984e-005 -1.7665877000e-004 -3.8741462265e-004 -9.3429031079e-007 -3.8834031995e-004 -5.1613040464e-006
d  1.1991038639e-009 0.0000000000e+000 1.1775169997e+000 4.9822627100e+000 5.0000000000e+000 3.0000000000e+002 6.3077270669e-005 2.2333046762e-004 -6.3006248277e-005 1.0793144288e-005 -1.7111735028e-004 -3.8225766058e-004 -1.7732700116e-006 -3.8402202903e-004 -7.6576337721e-006
d  1.2032355162e-009 0.0000000000e+000 1.2324775125e+000 4.9694951151e+000 5.0000000000e+000 3.0000000000e+002 6.3015042555e-005 2.1893464378e-004 -6.2947741091e-005 9.6767950075e-006 -1.6566368381e-004 -3.7676182125e-004 -3.0498724417e-006 -3.7980273724e-004 -1.0690173580e-005
d  1.2080290926e-009 0.0000000000e+000 1.2959784778e+000 4.9491290264e+000 5.0000000000e+000 3.0000000000e+002 6.2694558856e-005 2.1379875128e-004 -6.2631409560e-005 8.6435819727e-006 -1.5981091027e-004 -3.7041257886e-004 -5.0861665367e-006 -3.7548924958e-004 -1.4603422835e-005
d  1.2136999399e-009 0.0000000000e+000 1.3706204865e+000 4.9165345624e+000 5.0000000000e+000 3.0000000000e+002 6.2086916987e-005 2.0778649520e-004 -6.2032926481e-005 7.6984806312e-006 -1.5345203432e-004 -3.6294868629e-004 -8.3451939887e-006 -3.7128449511e-004 -1.9669328183e-005
d  1.2198661595e-009 0.0000000000e+000 1.4510884719e+000 4.8698067016e+000 5.0000000000e+000 3.0000000000e+002 6.1217341547e-005 2.0141495299e-004 -6.1172666043e-005 6.9030107034e-006 -1.4714528223e-004 -3.5490116579e-004 -1.3017704776e-005 -3.6791048264e-004 -2.5582467299e-005
d  1.2254456044e-009 0.0000000000e+000 1.5232207579e+000 4.8168446042e+000 5.0000000000e+000 3.0000000000e+002 6.0307626615e-005 1.9585247916e-004 -6.0268212823e-005 6.3248100245e-006 -1.4190906094e-004 -3.4768626149e-004 -1.8314099730e-005 -3.6599346380e-004 -3.1193688459e-005
d  1.2304180604e-009 0.0000000000e+000 1.5869408994e+000 4.7607736562e+000 5.0000000000e+000 3.0000000000e+002 5.9383417579e-005 1.9095406369e-004 -5.9342994917e-005 5.9069343091e-006 -1.3751799014e-004 -3.4131362499e-004 -2.3921307571e-005 -3.6522854445e-004 -3.6339141629e-005
d  1.2350012954e-009 0.0000000000e+000 1.6451845789e+000 4.7015094857e+000 5.0000000000e+000 3.0000000000e+002 5.8439391833e-005 1.8645615537e-004 -5.8397633260e-005 5.5920768499e-006 -1.3365058390e-004 -3.3548893989e-004 -2.9847775864e-005 -3.6533059354e-004 -4.1159995812e-005
d  1.2395036681e-009 0.0000000000e+000 1.7019522578e+000 4.6361045344e+000 5.0000000000e+000 3.0000000000e+002 5.7404778489e-005 1.8200246882e-004 -5.7363005137e-005 5.3404787356e-006 -1.2997992512e-004 -3.2981209089e-004 -3.6388220614e-005 -3.6619432078e-004 -4.5939999451e-005
d  1.2439665555e-009 0.0000000000e+000 1.7578143151e+000 4.5641859558e+000 5.0000000000e+000 3.0000000000e+002 5.6241893511e-005 1.7752900503e-004 -5.6203017538e-005 5.1344005430e-006 -1.2646036673e-004 -3.2422545150e-004 -4.3580079787e-005 -3.6779997291e-004 -5.0702651177e-005
d  1.2491725648e-009 0.0000000000e+000 1.8225458907e+000 4.4713221435e+000 5.0000000000e+000 3.0000000000e+002 5.4574316813e-005 1.7209193148e-004 -5.4538956701e-005 4.9415804981e-006 -1.2249453417e-004 -3.1775278150e-004 -5.2866061116e-005 -3.7061319658e-004 -5.6281286863e-005
d  1.2552599500e-009 0.0000000000e+000 1.8978715805e+000 4.3504020119e+000 5.0000000000e+000 3.0000000000e+002 5.1983694123e-005 1.6531305431e-004 -5.1958335227e-005 4.7554528554e-006 -1.1811014132e-004 -3.1021941890e-004 -6.4957874404e-005 -3.7517264076e-004 -6.2854119383e-005
d  1.2620216894e-009 0.0000000000e+000 1.9816904335e+000 4.2002147625e+000 5.0000000000e+000 3.0000000000e+002 4.7722366823e-005 1.5673679941e-004 -4.7706925327e-005 4.5977771313e-006 -1.1362761982e-004 -3.0183589942e-004 -7.9976785435e-005 -3.8180948040e-004 -7.0327940041e-005
d  1.2676372708e-009 0.0000000000e+000 2.0516977487e+000 4.0624838696e+000 5.0000000000e+000 3.0000000000e+002 4.3343045789e-005 1.4894027063e-004 -4.3333383490e-005 4.5131952653e-006 -1.1012006138e-004 -2.9483307196e-004 -9.3750670801e-005 -3.8858183817e-004 -7.6723610815e-005
d  1.2714236896e-009 0.0000000000e+000 2.0988335096e+000 3.9628875263e+000 5.0000000000e+000 3.0000000000e+002 4.1247476549e-005 1.4458535094e-004 -4.1280819691e-005 4.4304118253e-006 -1.0773494245e-004 -2.9010977341e-004 -1.0371294440e-004 -3.9382789641e-004 -8.1076522968e-005
d  1.2749682103e-009 0.0000000000e+000 2.1427501688e+000 3.8647381169e+000 5.0000000000e+000 3.0000000000e+002 4.0072440811e-005 1.4102511880e-004 -4.0061014566e-005 4.3633571521e-006 -1.0532744392e-004 -2.8572708395e-004 -1.1352570802e-004 -3.9925117143e-004 -8.5077035724e-005
d  1.2772392539e-009 0.0000000000e+000 2.1705896828e+000 3.7993995624e+000 5.0000000000e+000 3.0000000000e+002 3.9929679315e-005 1.3957289320e-004 -3.9967715637e-005 4.2576713249e-006 -1.0386285190e-004 -2.8293624068e-004 -1.2006081391e-004 -4.0300107548e-004 -8.7590022378e-005
d  1.2789103352e-009 0.0000000000e+000 2.1910146572e+000 3.7501135209e+000 5.0000000000e+000 3.0000000000e+002 3.9773001937e-005 1.3839954796e-004 -3.9821476237e-005 4.1823044508e-006 -1.0276037245e-004 -2.8089409822e-004 -1.2498916764e-004 -4.0588718219e-004 -8.9413522520e-005
d  1.2805606038e-009 0.0000000000e+000 2.2110686442e+000 3.7004518786e+000 5.0000000000e+000 3.0000000000e+002 3.9595279143e-005 1.3722137059e-004 -3.9657384522e-005 4.1116795276e-006 -1.0167566381e-004 -2.7888777255e-004 -1.2995541326e-004 -4.0884794771e-004 -9.1189270425e-005
d  1.2824769439e-009 0.0000000000e+000 2.2342152533e+000 3.6415719871e+000 5.0000000000e+000 3.0000000000e+002 3.9343937737e-005 1.3577871367e-004 -3.9410182038e-005 4.0426777502e-006 -1.0041120767e-004 -2.7657202128e-004 -1.3584363829e-004 -4.1242127596e-004 -9.3214577729e-005
d  1.2847765521e-009 0.0000000000e+000 2.2617911655e+000 3.5692346632e+000 5.0000000000e+000 3.0000000000e+002 3.9033061288e-005 1.3401658721e-004 -3.9095193933e-005 3.9743035981e-006 -9.8895694736e-005 -2.7381366983e-004 -1.4307767632e-004 -4.1689741713e-004 -9.5588641277e-005
d  1.2875360819e-009 0.0000000000e+000 2.2945906544e+000 3.4800720142e+000 5.0000000000e+000 3.0000000000e+002 3.8673849789e-005 1.3191830876e-004 -3.8730044366e-005 3.9029227445e-006 -9.7091184963e-005 -2.7053308971e-004 -1.5199432393e-004 -4.2253373314e-004 -9.8356243878e-005
d  1.2908475176e-009 0.0000000000e+000 2.3335312488e+000 3.3697906816e+000 5.0000000000e+000 3.0000000000e+002 3.8257077207e-005 1.2943790472e-004 -3.8307370967e-005 3.8233911189e-006 -9.4953922695e-005 -2.6663839504e-004 -1.6302295690e-004 -4.2966780696e-004 -1.0156175624e-004
d  1.2948212405e-009 0.0000000000e+000 2.3796599868e+000 3.2329081986e+000 5.0000000000e+000 3.0000000000e+002 3.7766336687e-005 1.2652072912e-004 -3.7810869060e-005 3.7293588763e-006 -9.2439216714e-005 -2.6202488548e-004 -1.7671185597e-004 -4.3874318147e-004 -1.0524352209e-004
d  1.2995897080e-009 0.0000000000e+000 2.4341519605e+000 3.0624259220e+000 5.0000000000e+000 3.0000000000e+002 3.7181661471e-005 1.2311150999e-004 -3.7220661968e-005 3.6136010389e-006 -8.9504446809e-005 -2.5657505503e-004 -1.9376092916e-004 -4.5034221174e-004 -1.0942586327e-004
d  1.3053118690e-009 0.0000000000e+000 2.4983011091e+000 2.8494370944e+000 5.0000000000e+000 3.0000000000e+002 3.6481276731e-005 1.1915200510e-004 -3.6515060934e-005 3.4694443957e-006 -8.6106386310e-005 -2.5015950889e-004 -2.1506090968e-004 -4.6522617966e-004 -1.1410769834e-004
d  1.3121784621e-009 0.0000000000e+000 2.5734929184e+000 2.5826844612e+000 5.0000000000e+000 3.0000000000e+002 3.5638201315e-005 1.1458863485e-004 -3.5667140312e-005 3.2917202836e-006 -8.2213209791e-005 -2.4263970288e-004 -2.4173759369e-004 -4.8438226204e-004 -1.1924539720e-004
d  1.3201022007e-009 0.0000000000e+000 2.6578716229e+000 2.2611837613e+000 5.0000000000e+000 3.0000000000e+002 3.4680574551e-005 1.0958865361e-004 -3.4705135595e-005 3.0847766445e-006 -7.7968292987e-005 -2.3420163050e-004 -2.7388898931e-004 -5.0809446158e-004 -1.2454076144e-004
d  1.3268811459e-009 0.0000000000e+000 2.7282004492e+000 1.9755720404e+000 5.0000000000e+000 3.0000000000e+002 3.3985224944e-005 1.0571929695e-004 -3.4006683629e-005 2.8872131743e-006 -7.4599823791e-005 -2.2717121763e-004 -3.0244823857e-004 -5.2962275104e-004 -1.2858649158e-004
d  1.3327769640e-009 0.0000000000e+000 2.7807092328e+000 1.7609133171e+000 5.0000000000e+000 3.0000000000e+002 2.5206122828e-005 8.8250512720e-005 -2.5186079997e-005 4.4440126542e-006 -6.7508443922e-005 -2.2193606271e-004 -3.2389523902e-004 -5.4583774501e-004 -1.0113868811e-004
d  1.3388294773e-009 0.0000000000e+000 2.8230438639e+000 1.6095991572e+000 5.0000000000e+000 3.0000000000e+002 1.6594753842e-005 6.8348432171e-005 -1.6630057289e-005 6.3980013832e-006 -5.8116376350e-005 -2.1768326584e-004 -3.3904665345e-004 -5.5673569789e-004 -5.7712659941e-005
d  1.3459982528e-009 0.0000000000e+000 2.8678860944e+000 1.4875520675e+000 5.0000000000e+000 3.0000000000e+002 1.6639132225e-005 6.0752289189e-005 -1.6586397218e-005 6.3239741826e-006 -5.0489862711e-005 -2.1323329696e-004 -3.5124233150e-004 -5.6445618381e-004 -3.8085423888e-005
d  1.3541022550e-009 0.0000000000e+000 2.9165002660e+000 1.3855629333e+000 5.0000000000e+000 3.0000000000e+002 1.8526474749e-005 5.9007177288e-005 -1.8492002668e-005 4.7327768688e-006 -4.5247939988e-005 -2.0836673824e-004 -3.6144437522e-004 -5.6979368007e-004 -3.0691406234e-005
d  1.3635736142e-009 0.0000000000e+000 2.9724350249e+000 1.2919148774e+000 5.0000000000e+000 3.0000000000e+002 1.9231671346e-005 5.7512046829e-005 -1.9204190729e-005 2.9831039840e-006 -4.1290956014e-005 -2.0277258823e-004 -3.7081003412e-004 -5.7356500977e-004 -2.5308814081e-005
d  1.3749392453e-009 0.0000000000e+000 3.0385600895e+000 1.2018777904e+000 5.0000000000e+000 3.0000000000e+002 1.9447424552e-005 5.6034484122e-005 -1.9425132349e-005 1.6463127059e-006 -3.8255660234e-005 -1.9616032613e-004 -3.7981399958e-004 -5.7595621201e-004 -2.0556395848e-005
d  1.3881697987e-009 0.0000000000e+000 3.1143130305e+000 1.1177322443e+000 5.0000000000e+000 3.0000000000e+002 1.9405132848e-005 5.4454986426e-005 -1.9386995876e-005 8.7752908788e-007 -3.5945514667e-005 -1.8858499118e-004 -3.8822868323e-004 -5.7679547252e-004 -1.6565937228e-005
d  1.4015149289e-009 0.0000000000e+000 3.1894263330e+000 1.0486318909e+000 5.0000000000e+000 3.0000000000e+002 1.9204044774e-005 5.2917755435e-005 -1.9188146272e-005 5.6592873249e-007 -3.4295533837e-005 -1.8107236930e-004 -3.9513915113e-004 -5.7619417761e-004 -1.3761099950e-005
d  1.4136435829e-009 0.0000000000e+000 3.2564741489e+000 9.9583206648e-001 5.0000000000e+000 3.0000000000e+002 1.8901905786e-005 5.1465165428e-005 -1.8885837975e-005 4.7779960852e-007 -3.3057123530e-005 -1.7436643614e-004 -4.0041969116e-004 -5.7476937846e-004 -1.1892639455e-005
d  1.4261274560e-009 0.0000000000e+000 3.3239852582e+000 9.4916066310e-001 5.0000000000e+000 3.0000000000e+002 1.8431576051e-005 4.9746349522e-005 -1.8414670729e-005 4.8017244603e-007 -3.1811848369e-005 -1.6761630184e-004 -4.0508714534e-004 -5.7268540787e-004 -1.0291764129e-005
d  1.4408094161e-009 0.0000000000e+000 3.4010647786e+000 9.0214299888e-001 5.0000000000e+000 3.0000000000e+002 1.7790909561e-005 4.7571952743e-005 -1.7775437204e-005 5.1288335373e-007 -3.0309395978e-005 -1.5990985275e-004 -4.0978874635e-004 -5.6967922225e-004 -8.7475630616e-006
d  1.4576445733e-009 0.0000000000e+000 3.4861744505e+000 8.5633685706e-001 5.0000000000e+000 3.0000000000e+002 1.7060905069e-005 4.5105154182e-005 -1.7048056318e-005 5.3003047793e-007 -2.8587125174e-005 -1.5139894178e-004 -4.1436899976e-004 -5.6574886924e-004 -7.3982575079e-006
d  1.4746789161e-009 0.0000000000e+000 3.5687626418e+000 8.1673111866e-001 5.0000000000e+000 3.0000000000e+002 1.6361980346e-005 4.2744360617e-005 -1.6350676790e-005 5.1657521302e-007 -2.6910256163e-005 -1.4313889010e-004 -4.1832949973e-004 -5.6145062395e-004 -6.3848633179e-006
d  1.4897174394e-009 0.0000000000e+000 3.6388185374e+000 7.8616499727e-001 5.0000000000e+000 3.0000000000e+002 1.5779289424e-005 4.0795972621e-005 -1.5767904954e-005 4.8833641067e-007 -2.5516401556e-005 -1.3613162635e-004 -4.2138634735e-004 -5.5750164653e-004 -5.6944159758e-006
d  1.5034672106e-009 0.0000000000e+000 3.7004935474e+000 7.6123012595e-001 5.0000000000e+000 3.0000000000e+002 1.5208504783e-005 3.9004335701e-005 -1.5196019215e-005 4.7006202932e-007 -2.4278376509e-005 -1.2996380971e-004 -4.2388010338e-004 -5.5382763267e-004 -5.1366115627e-006
d  1.5191379371e-009 0.0000000000e+000 3.7678163298e+000 7.3591145124e-001 5.0000000000e+000 3.0000000000e+002 1.4481693833e-005 3.6863673518e-005 -1.4469311786e-005 4.6700004173e-007 -2.2861360087e-005 -1.2323317761e-004 -4.2641193758e-004 -5.4962722189e-004 -4.5399598650e-006
d  1.5379428088e-009 0.0000000000e+000 3.8443912995e+000 7.0920194433e-001 5.0000000000e+000 3.0000000000e+002 1.3645649600e-005 3.4404685547e-005 -1.3635497879e-005 4.5319034542e-007 -2.1222376121e-005 -1.1557617150e-004 -4.2908240546e-004 -5.4464067562e-004 -3.9478523278e-006
d  1.5592780893e-009 0.0000000000e+000 3.9259578595e+000 6.8283808998e-001 5.0000000000e+000 3.0000000000e+002 1.2766135836e-005 3.1838087228e-005 -1.2758047943e-005 4.1980120185e-007 -1.9499838865e-005 -1.0741886052e-004 -4.3171833100e-004 -5.3912040505e-004 -3.4172398705e-006
d  1.5799941965e-009 0.0000000000e+000 4.0001929697e+000 6.6043083396e-001 5.0000000000e+000 3.0000000000e+002 1.2010416582e-005 2.9640512877e-005 -1.2003337351e-005 3.7380230140e-007 -1.8010976463e-005 -9.9993533549e-005 -4.3395892913e-004 -5.3393761964e-004 -3.0215686520e-006
d  1.5994620101e-009 0.0000000000e+000 4.0657512076e+000 6.4177790522e-001 5.0000000000e+000 3.0000000000e+002 1.1319088134e-005 2.7707361390e-005 -1.1312068062e-005 3.3922544770e-007 -1.6734517774e-005 -9.3436750663e-005 -4.3582426353e-004 -5.2924708872e-004 -2.6996401496e-006
d  1.6197170365e-009 0.0000000000e+000 4.1297097406e+000 6.2455296338e-001 5.0000000000e+000 3.0000000000e+002 1.0584131327e-005 2.5735168991e-005 -1.0577265717e-005 3.1934302588e-007 -1.5477245486e-005 -8.7041039587e-005 -4.3754669853e-004 -5.2457372960e-004 -2.3908605799e-006
d  1.6436565653e-009 0.0000000000e+000 4.1998038314e+000 6.0670451877e-001 5.0000000000e+000 3.0000000000e+002 9.7277653580e-006 2.3487360523e-005 -9.7218852911e-006 3.0290625363e-007 -1.4068380772e-005 -8.0032143956e-005 -4.3933121694e-004 -5.1934916498e-004 -2.0695452197e-006
d  1.6717993112e-009 0.0000000000e+000 4.2750831810e+000 5.8858269733e-001 5.0000000000e+000 3.0000000000e+002 8.8170842254e-006 2.1107584168e-005 -8.8125663954e-006 2.7389542500e-007 -1.2568912566e-005 -7.2503673743e-005 -4.4114297948e-004 -5.1363341217e-004 -1.7690648466e-006
d  1.7023363126e-009 0.0000000000e+000 4.3489327953e+000 5.7172277048e-001 5.0000000000e+000 3.0000000000e+002 7.9496328499e-006 1.8863731822e-005 -7.9460805703e-006 2.3600357267e-007 -1.1153654379e-005 -6.5117458581e-005 -4.4282870906e-004 -5.0793444342e-004 -1.5144821955e-006
d  1.7335983488e-009 0.0000000000e+000 4.4169751665e+000 5.5692187881e-001 5.0000000000e+000 3.0000000000e+002 7.1561634935e-006 1.6851828179e-005 -7.1531497172e-006 2.0245596246e-007 -9.9011341140e-006 -5.8312036748e-005 -4.4430867244e-004 -5.0261029547e-004 -1.3021945958e-006
d  1.7651449572e-009 0.0000000000e+000 4.4786401063e+000 5.4408262708e-001 5.0000000000e+000 3.0000000000e+002 6.4269581720e-006 1.5040618916e-005 -6.4242820286e-006 1.7735531859e-007 -8.7936919786e-006 -5.2144628245e-005 -4.4559251830e-004 -4.9772772666e-004 -1.1219637839e-006
d  1.7999210708e-009 0.0000000000e+000 4.5391173798e+000 5.3201837519e-001 5.0000000000e+000 3.0000000000e+002 5.6689522247e-006 1.3200008967e-005 -5.6666589640e-006 1.6008082892e-007 -7.6934306701e-006 -4.6096550155e-005 -4.4679878968e-004 -4.9288642450e-004 -9.4705086325e-007
d  1.8416524071e-009 0.0000000000e+000 4.6022956762e+000 5.1993822368e-001 5.0000000000e+000 3.0000000000e+002 4.8515111348e-006 1.1235356185e-005 -4.8497830580e-006 1.4093171702e-007 -6.5265047284e-006 -3.9778268866e-005 -4.4800656393e-004 -4.8777661001e-004 -7.7486332072e-007
d  1.8916898408e-009 0.0000000000e+000 4.6664200210e+000 5.0815510354e-001 5.0000000000e+000 3.0000000000e+002 4.0319147630e-006 9.2766016728e-006 -4.0307344319e-006 1.1478265514e-007 -5.3606498266e-006 -3.3364827081e-005 -4.4918466971e-004 -4.8254248755e-004 -6.1831294137e-007
d  1.9491984538e-009 0.0000000000e+000 4.7271785215e+000 4.9738693997e-001 5.0000000000e+000 3.0000000000e+002 3.2731974988e-006 7.4824270847e-006 -3.2724007718e-006 8.8115970342e-008 -4.2981422515e-006 -2.7287749395e-005 -4.5026137000e-004 -4.7754345386e-004 -4.8439471626e-007
d  2.0131189072e-009 0.0000000000e+000 4.7816095723e+000 4.8804884547e-001 5.0000000000e+000 3.0000000000e+002 2.6028206965e-006 5.9182204940e-006 -2.6022713311e-006 6.6793421612e-008 -3.3827425706e-006 -2.1843518784e-005 -4.5119512289e-004 -4.7303415822e-004 -3.7328096793e-007
d  2.0856378378e-009 0.0000000000e+000 4.8300691952e+000 4.7998183210e-001 5.0000000000e+000 3.0000000000e+002 1.9986172411e-006 4.5265492443e-006 -1.9982462987e-006 5.1103593647e-008 -2.5794065336e-006 -1.6996632485e-005 -4.5200178352e-004 -4.6899489727e-004 -2.7813111411e-007
d  2.1701161422e-009 0.0000000000e+000 4.8727583951e+000 4.7305555981e-001 5.0000000000e+000 3.0000000000e+002 1.4749998728e-006 3.3303725259e-006 -1.4765098565e-006 3.6419838886e-008 -1.8902825066e-006 -1.2706624737e-005 -4.5269482406e-004 -4.6541860451e-004 -1.9895453272e-007
d  2.2695991641e-009 0.0000000000e+000 4.9092896375e+000 4.6726331310e-001 5.0000000000e+000 3.0000000000e+002 1.0164930523e-006 2.2896784337e-006 -1.0173965898e-006 2.5962991448e-008 -1.2982447936e-006 -9.0581212225e-006 -4.5327409897e-004 -4.6234470494e-004 -1.3631477239e-007
d  2.3889787904e-009 0.0000000000e+000 4.9391637089e+000 4.6260076757e-001 5.0000000000e+000 3.0000000000e+002 6.5230140295e-007 1.4640226019e-006 -6.5279532851e-007 1.5886523444e-008 -8.2711381571e-007 -6.0747712632e-006 -4.5374031939e-004 -4.5982355235e-004 -8.5959031203e-008
d  2.5322343420e-009 0.0000000000e+000 4.9619893173e+000 4.5907893183e-001 5.0000000000e+000 3.0000000000e+002 3.8445812896e-007 8.6001730400e-007 -3.8470344893e-007 8.5733775719e-009 -4.8388724903e-007 -3.7955484273e-006 -4.5409240794e-004 -4.5789317509e-004 -5.0168584994e-008
d  2.7041410038e-009 0.0000000000e+000 4.9781233382e+000 4.5660672037e-001 5.0000000000e+000 3.0000000000e+002 2.0394049908e-007 4.5496920711e-007 -2.0405121466e-007 4.1196090282e-009 -2.5503760717e-007 -2.1845528234e-006 -4.5433952430e-004 -4.5652699414e-004 -2.6500249587e-008
d  2.9104289981e-009 0.0000000000e+000 4.9885696718e+000 4.5501123798e-001 5.0000000000e+000 3.0000000000e+002 9.1290682290e-008 2.0248741476e-007 -9.0886333892e-008 1.8166091371e-009 -1.1341769151e-007 -1.1571877715e-006 -4.5449788215e-004 -4.5564190902e-004 -1.2102615222e-008
d  3.0000000000e-009 0.0000000000e+000 4.9914634412e+000 4.5453510583e-001 5.0000000000e+000 3.0000000000e+002 1.0131912300e-007 2.1971110247e-007 -1.0093374421e-007 -1.0809660488e-009 -1.1769656677e-007 -8.5962012477e-007 -4.5454636169e-004 -4.5540014529e-004 -1.3694710098e-008
