v ATLAS
# This file was created by ATLAS version 5.26.1.R on Mon Oct 18 21:36:47 2021.
#SSF 2.0 generic
##############################################################################
#                    Copyright (c) 1984 - 2018                               #
#                    Silvaco Inc. All rights reserved                        #
#                                                                            #
# This file format and the following Key are copyright Silvaco Inc.          #
# You may not use, this format or key without reproducing this message in    #
# full and obtaining express written permission from Silvaco Inc.            #
#                                                                            #
# To obtain such permission please contact: Silvaco Inc.                     #
#                                           support@silvaco.com              #
#                                                                            #
# KEY=SVC86hn7562asdx                       PROD=345                         #
##############################################################################
Q 10000 1 "V[1]" 5 1201 7 1
Q 10001 1 "V[2]" 5 1201 7 2
Q 10002 1 "V[3]" 5 1201 7 3
Q 10003 1 "V[4]" 5 1201 7 4
X 1 vin
X 2 an_drain
X 3 an_gate
X 4 an_source
X 5 an_substrate
X 6 r1
X 7 r2
X 8 vcc
X 9 c1
p 14 10000 10001 10002 10003 82 1301 1302 1303 1304 1305 1306 1307 1308 1309
d  0.0000000000e+000 4.9999999922e+000 4.5324778466e-001 5.0000000000e+000 3.0000000000e+002 0.0000000000e+000 7.7928009253e-013 0.0000000000e+000 -7.7909478511e-013 -1.8530741756e-016 -7.7978015156e-013 -4.5467523041e-004 -4.5467522231e-004 0.0000000000e+000
d  0.0000000000e+000 4.9999999922e+000 4.5324778466e-001 5.0000000000e+000 3.0000000000e+002 0.0000000000e+000 7.7928009253e-013 0.0000000000e+000 -7.7909478511e-013 -1.8530741756e-016 -7.7978006274e-013 -4.5467522153e-004 -4.5467522231e-004 0.0000000000e+000
d  2.5000000000e-001 4.9999980510e+000 4.5324800282e-001 5.0000000000e+000 3.0000000000e+002 -2.5000000000e-017 1.9489464448e-010 0.0000000000e+000 -1.9489445903e-010 -1.8544980443e-016 -1.9489514447e-010 -4.5467519972e-004 -4.5467539461e-004 0.0000000000e+000
d  5.0000000000e-001 4.9993410419e+000 4.5332185575e-001 5.0000000000e+000 3.0000000000e+002 -5.0000000000e-017 6.5895813448e-008 0.0000000000e+000 -6.5895813262e-008 -1.8562016713e-016 -6.5895813946e-008 -4.5466781443e-004 -4.5473371024e-004 0.0000000000e+000
d  7.5000000000e-001 4.8892626267e+000 4.6606570061e-001 5.0000000000e+000 3.0000000000e+002 -7.5000000000e-017 1.1073737330e-005 0.0000000000e+000 -1.1073737330e-005 -1.8429433360e-016 -1.1073737320e-005 -4.5339342994e-004 -4.6446716727e-004 0.0000000000e+000
d  1.0000000000e+000 3.9745889433e+000 6.1197368848e-001 5.0000000000e+000 3.0000000000e+002 -1.0000000000e-016 1.0254110567e-004 0.0000000000e+000 -1.0254110567e-004 -1.6671386692e-016 -1.0254110565e-004 -4.3880263116e-004 -5.4134373682e-004 0.0000000000e+000
d  1.2500000000e+000 2.1927870741e+000 2.8357872674e+000 5.0000000000e+000 3.0000000000e+002 -1.2500000000e-016 2.8072129259e-004 0.0000000000e+000 -2.8072129259e-004 -1.2579203643e-016 -2.8072129259e-004 -2.1642127326e-004 -4.9714256585e-004 0.0000000000e+000
d  1.3750000000e+000 1.1954831744e+000 4.8869392422e+000 5.0000000000e+000 3.0000000000e+002 -1.3750000000e-016 3.8045168252e-004 0.0000000000e+000 -3.8045168252e-004 -1.0262240335e-016 -3.8045168273e-004 -1.1306075643e-005 -3.9175775834e-004 0.0000000000e+000
d  1.5000000000e+000 4.8170314706e-001 4.9999998807e+000 5.0000000000e+000 3.0000000000e+002 -1.5000000000e-016 4.5182968529e-004 0.0000000000e+000 -4.5182968529e-004 -8.7541683980e-017 -4.5182968529e-004 -1.1934641364e-011 -4.5182969723e-004 0.0000000000e+000
d  1.7500000000e+000 2.7198859336e-001 4.9999998807e+000 5.0000000000e+000 3.0000000000e+002 -1.7500000000e-016 4.7280114067e-004 0.0000000000e+000 -4.7280114067e-004 -8.3141306713e-017 -4.7280114066e-004 -1.1934641364e-011 -4.7280115260e-004 0.0000000000e+000
d  2.0000000000e+000 2.0619741691e-001 4.9999998807e+000 5.0000000000e+000 3.0000000000e+002 -2.0000000000e-016 4.7938025831e-004 0.0000000000e+000 -4.7938025831e-004 -8.1561695011e-017 -4.7938025831e-004 -1.1934641364e-011 -4.7938027024e-004 0.0000000000e+000
d  2.2500000000e+000 1.6924053581e-001 4.9999998807e+000 5.0000000000e+000 3.0000000000e+002 -2.2500000000e-016 4.8307593999e-004 0.0000000000e+000 -4.8307593999e-004 -8.0484482627e-017 -4.8307594667e-004 -1.1934641364e-011 -4.8307595835e-004 0.0000000000e+000
d  2.5000000000e+000 1.4475187275e-001 4.9999998807e+000 5.0000000000e+000 3.0000000000e+002 -2.5000000000e-016 4.8552481249e-004 0.0000000000e+000 -4.8552481249e-004 -7.9564513262e-017 -4.8552481273e-004 -1.1934641364e-011 -4.8552482466e-004 0.0000000000e+000
d  2.7500000000e+000 1.2707778395e-001 4.9999998807e+000 5.0000000000e+000 3.0000000000e+002 -2.7500000000e-016 4.8729222159e-004 0.0000000000e+000 -4.8729222159e-004 -7.8683583544e-017 -4.8729222161e-004 -1.1934641364e-011 -4.8729223354e-004 0.0000000000e+000
d  3.0000000000e+000 1.1361818001e-001 4.9999998807e+000 5.0000000000e+000 3.0000000000e+002 -3.0000000000e-016 4.8863818200e-004 0.0000000000e+000 -4.8863818200e-004 -7.7794978853e-017 -4.8863818200e-004 -1.1934641364e-011 -4.8863819393e-004 0.0000000000e+000
d  3.2500000000e+000 1.0297733621e-001 4.9999998807e+000 5.0000000000e+000 3.0000000000e+002 -3.2500000000e-016 4.8970226638e-004 0.0000000000e+000 -4.8970226638e-004 -7.6882021493e-017 -4.8970226638e-004 -1.1934641364e-011 -4.8970227831e-004 0.0000000000e+000
d  3.5000000000e+000 9.4327840522e-002 4.9999998807e+000 5.0000000000e+000 3.0000000000e+002 -3.5000000000e-016 4.9056721595e-004 0.0000000000e+000 -4.9056721595e-004 -7.5941838129e-017 -4.9056721595e-004 -1.1934641364e-011 -4.9056722788e-004 0.0000000000e+000
d  3.7500000000e+000 8.7143650194e-002 4.9999998807e+000 5.0000000000e+000 3.0000000000e+002 -3.7500000000e-016 4.9128563498e-004 0.0000000000e+000 -4.9128563498e-004 -7.4977822387e-017 -4.9128563498e-004 -1.1934641364e-011 -4.9128564692e-004 0.0000000000e+000
d  4.0000000000e+000 8.1072362978e-002 4.9999998807e+000 5.0000000000e+000 3.0000000000e+002 -4.0000000000e-016 4.9189276370e-004 0.0000000000e+000 -4.9189276370e-004 -7.3995891212e-017 -4.9189276370e-004 -1.1934641364e-011 -4.9189277564e-004 0.0000000000e+000
d  4.2500000000e+000 7.5868071873e-002 4.9999998807e+000 5.0000000000e+000 3.0000000000e+002 -4.2500000000e-016 4.9241302599e-004 0.0000000000e+000 -4.9241302599e-004 -7.3002598113e-017 -4.9241319543e-004 -1.1934641364e-011 -4.9241320475e-004 0.0000000000e+000
d  4.5000000000e+000 7.1353459834e-002 4.9999998807e+000 5.0000000000e+000 3.0000000000e+002 -4.5000000000e-016 4.9286455507e-004 0.0000000000e+000 -4.9286455507e-004 -7.2004239284e-017 -4.9286465547e-004 -1.1934641364e-011 -4.9286466595e-004 0.0000000000e+000
d  4.7500000000e+000 6.7397165835e-002 4.9999998807e+000 5.0000000000e+000 3.0000000000e+002 -4.7500000000e-016 4.9326022302e-004 0.0000000000e+000 -4.9326022302e-004 -7.1006407757e-017 -4.9326028425e-004 -1.1934641364e-011 -4.9326029535e-004 0.0000000000e+000
d  5.0000000000e+000 6.3899640882e-002 4.9999998807e+000 5.0000000000e+000 3.0000000000e+002 -5.0000000000e-016 4.9360999818e-004 0.0000000000e+000 -4.9360999818e-004 -7.0013885009e-017 -4.9361003641e-004 -1.1934641364e-011 -4.9361004785e-004 0.0000000000e+000
