v ATLAS
# This file was created by ATLAS version 5.26.1.R on Sun Jan 02 11:29:15 2022.
#SSF 2.0 generic
##############################################################################
#                    Copyright (c) 1984 - 2018                               #
#                    Silvaco Inc. All rights reserved                        #
#                                                                            #
# This file format and the following Key are copyright Silvaco Inc.          #
# You may not use, this format or key without reproducing this message in    #
# full and obtaining express written permission from Silvaco Inc.            #
#                                                                            #
# To obtain such permission please contact: Silvaco Inc.                     #
#                                           support@silvaco.com              #
#                                                                            #
# KEY=SVC86hn7562asdx                       PROD=345                         #
##############################################################################
y 3 700 711 15
z 0.03 0.001 300
f 3 "source" "drain" "gate" 
p 9 2 601 20 3 602 21 4 603 22 
d 0.000000000e+000 0.000000000e+000 -6.827206442e-010 1.000000000e+000 1.000000000e+000 6.827198104e-010 0.000000000e+000 0.000000000e+000 0.000000000e+000 
d 0.000000000e+000 0.000000000e+000 -1.534149096e-008 1.000000000e+000 1.000000000e+000 1.534149267e-008 1.000000000e-001 1.000000000e-001 0.000000000e+000 
d 0.000000000e+000 0.000000000e+000 -3.243749806e-007 1.000000000e+000 1.000000000e+000 3.243749662e-007 2.000000000e-001 2.000000000e-001 0.000000000e+000 
d 0.000000000e+000 0.000000000e+000 -6.117738619e-006 1.000000000e+000 1.000000000e+000 6.117738617e-006 3.000000000e-001 3.000000000e-001 0.000000000e+000 
d 0.000000000e+000 0.000000000e+000 -8.281648627e-005 1.000000000e+000 1.000000000e+000 8.281648627e-005 4.000000000e-001 4.000000000e-001 0.000000000e+000 
d 0.000000000e+000 0.000000000e+000 -5.354654488e-004 1.000000000e+000 1.000000000e+000 5.354654488e-004 5.000000000e-001 5.000000000e-001 0.000000000e+000 
d 0.000000000e+000 0.000000000e+000 -1.701805635e-003 1.000000000e+000 1.000000000e+000 1.701805635e-003 6.000000000e-001 6.000000000e-001 0.000000000e+000 
d 0.000000000e+000 0.000000000e+000 -3.655542878e-003 1.000000000e+000 1.000000000e+000 3.655542878e-003 7.000000000e-001 7.000000000e-001 0.000000000e+000 
d 0.000000000e+000 0.000000000e+000 -6.282874078e-003 1.000000000e+000 1.000000000e+000 6.282874078e-003 8.000000000e-001 8.000000000e-001 0.000000000e+000 
d 0.000000000e+000 0.000000000e+000 -9.579250519e-003 1.000000000e+000 1.000000000e+000 9.579250519e-003 9.000000000e-001 9.000000000e-001 0.000000000e+000 
d 0.000000000e+000 0.000000000e+000 -1.346275428e-002 1.000000000e+000 1.000000000e+000 1.346275428e-002 1.000000000e+000 1.000000000e+000 0.000000000e+000 
