v ATLAS
# This file was created by ATLAS version 5.26.1.R on Fri Dec 31 10:20:50 2021.
#SSF 2.0 generic
##############################################################################
#                    Copyright (c) 1984 - 2018                               #
#                    Silvaco Inc. All rights reserved                        #
#                                                                            #
# This file format and the following Key are copyright Silvaco Inc.          #
# You may not use, this format or key without reproducing this message in    #
# full and obtaining express written permission from Silvaco Inc.            #
#                                                                            #
# To obtain such permission please contact: Silvaco Inc.                     #
#                                           support@silvaco.com              #
#                                                                            #
# KEY=SVC86hn7562asdx                       PROD=345                         #
##############################################################################
y 1 15
z 200
f 2 "anode" "cathode" 
p 6 2 601 20 3 602 21 
d 0.000000000e+000 0.000000000e+000 9.467807665e-016 0.000000000e+000 0.000000000e+000 -8.415829035e-016 
d -1.000000000e-002 -1.000000000e-002 -8.211695602e-005 0.000000000e+000 0.000000000e+000 8.211695602e-005 
d -2.000000000e-002 -2.000000000e-002 -1.814564178e-004 0.000000000e+000 0.000000000e+000 1.814564178e-004 
d -3.000000000e-002 -3.000000000e-002 -3.000234349e-004 0.000000000e+000 0.000000000e+000 3.000234349e-004 
d -4.000000000e-002 -4.000000000e-002 -4.398827052e-004 0.000000000e+000 0.000000000e+000 4.398827052e-004 
d -5.000000000e-002 -5.000000000e-002 -6.031322357e-004 0.000000000e+000 0.000000000e+000 6.031322357e-004 
d -5.000000000e-002 -5.000000000e-002 -6.031322427e-004 0.000000000e+000 0.000000000e+000 6.031322427e-004 
d -1.000000000e-001 -1.000000000e-001 -1.849536477e-003 0.000000000e+000 0.000000000e+000 1.849536477e-003 
d -1.500000000e-001 -1.500000000e-001 -4.055063715e-003 0.000000000e+000 0.000000000e+000 4.055063715e-003 
d -2.000000000e-001 -2.000000000e-001 -7.615716179e-003 0.000000000e+000 0.000000000e+000 7.615716179e-003 
d -2.500000000e-001 -2.500000000e-001 -1.288635300e-002 0.000000000e+000 0.000000000e+000 1.288635300e-002 
d -3.000000000e-001 -3.000000000e-001 -2.021166974e-002 0.000000000e+000 0.000000000e+000 2.021166974e-002 
d -3.500000000e-001 -3.500000000e-001 -2.995499801e-002 0.000000000e+000 0.000000000e+000 2.995499801e-002 
d -4.000000000e-001 -4.000000000e-001 -4.231033821e-002 0.000000000e+000 0.000000000e+000 4.231033821e-002 
d -4.500000000e-001 -4.500000000e-001 -5.743191966e-002 0.000000000e+000 0.000000000e+000 5.743191966e-002 
d -5.000000000e-001 -5.000000000e-001 -7.543971978e-002 0.000000000e+000 0.000000000e+000 7.543971978e-002 
