v ATLAS
# This file was created by ATLAS version 5.26.1.R on Fri Dec 31 10:21:02 2021.
#SSF 2.0 generic
##############################################################################
#                    Copyright (c) 1984 - 2018                               #
#                    Silvaco Inc. All rights reserved                        #
#                                                                            #
# This file format and the following Key are copyright Silvaco Inc.          #
# You may not use, this format or key without reproducing this message in    #
# full and obtaining express written permission from Silvaco Inc.            #
#                                                                            #
# To obtain such permission please contact: Silvaco Inc.                     #
#                                           support@silvaco.com              #
#                                                                            #
# KEY=SVC86hn7562asdx                       PROD=345                         #
##############################################################################
y 1 15
z 200
f 2 "anode" "cathode" 
p 6 2 601 20 3 602 21 
d 0.000000000e+000 0.000000000e+000 9.467807665e-016 0.000000000e+000 0.000000000e+000 -8.415829035e-016 
d 5.000000000e-003 5.000000000e-003 3.519254423e-005 0.000000000e+000 0.000000000e+000 -3.519254423e-005 
d 1.000000000e-002 1.000000000e-002 6.680836632e-005 0.000000000e+000 0.000000000e+000 -6.680836632e-005 
d 1.500000000e-002 1.500000000e-002 9.500497806e-005 0.000000000e+000 0.000000000e+000 -9.500497806e-005 
d 2.000000000e-002 2.000000000e-002 1.200902399e-004 0.000000000e+000 0.000000000e+000 -1.200902399e-004 
d 2.500000000e-002 2.500000000e-002 1.421412400e-004 0.000000000e+000 0.000000000e+000 -1.421412400e-004 
d 3.000000000e-002 3.000000000e-002 1.614444479e-004 0.000000000e+000 0.000000000e+000 -1.614444479e-004 
d 3.500000000e-002 3.500000000e-002 1.781519430e-004 0.000000000e+000 0.000000000e+000 -1.781519430e-004 
d 4.000000000e-002 4.000000000e-002 1.924190617e-004 0.000000000e+000 0.000000000e+000 -1.924190617e-004 
d 4.500000000e-002 4.500000000e-002 2.044358572e-004 0.000000000e+000 0.000000000e+000 -2.044358572e-004 
d 5.000000000e-002 5.000000000e-002 2.142894972e-004 0.000000000e+000 0.000000000e+000 -2.142894972e-004 
d 5.500000000e-002 5.500000000e-002 2.222055313e-004 0.000000000e+000 0.000000000e+000 -2.222055313e-004 
d 6.000000000e-002 6.000000000e-002 2.282432996e-004 0.000000000e+000 0.000000000e+000 -2.282432996e-004 
d 6.500000000e-002 6.500000000e-002 2.325620094e-004 0.000000000e+000 0.000000000e+000 -2.325620094e-004 
d 7.000000000e-002 7.000000000e-002 2.352643635e-004 0.000000000e+000 0.000000000e+000 -2.352643635e-004 
d 7.500000000e-002 7.500000000e-002 2.364867401e-004 0.000000000e+000 0.000000000e+000 -2.364867401e-004 
d 8.000000000e-002 8.000000000e-002 2.363266014e-004 0.000000000e+000 0.000000000e+000 -2.363266014e-004 
d 8.500000000e-002 8.500000000e-002 2.348544833e-004 0.000000000e+000 0.000000000e+000 -2.348544833e-004 
d 9.000000000e-002 9.000000000e-002 2.321756080e-004 0.000000000e+000 0.000000000e+000 -2.321756080e-004 
d 9.500000000e-002 9.500000000e-002 2.284705188e-004 0.000000000e+000 0.000000000e+000 -2.284705188e-004 
d 1.000000000e-001 1.000000000e-001 2.238268849e-004 0.000000000e+000 0.000000000e+000 -2.238268849e-004 
d 1.050000000e-001 1.050000000e-001 2.183865845e-004 0.000000000e+000 0.000000000e+000 -2.183865845e-004 
d 1.100000000e-001 1.100000000e-001 2.121978051e-004 0.000000000e+000 0.000000000e+000 -2.121978051e-004 
d 1.150000000e-001 1.150000000e-001 2.054148198e-004 0.000000000e+000 0.000000000e+000 -2.054148198e-004 
d 1.200000000e-001 1.200000000e-001 1.980786654e-004 0.000000000e+000 0.000000000e+000 -1.980786654e-004 
d 1.250000000e-001 1.250000000e-001 1.902490690e-004 0.000000000e+000 0.000000000e+000 -1.902490690e-004 
d 1.300000000e-001 1.300000000e-001 1.820654705e-004 0.000000000e+000 0.000000000e+000 -1.820654705e-004 
d 1.350000000e-001 1.350000000e-001 1.735523643e-004 0.000000000e+000 0.000000000e+000 -1.735523643e-004 
d 1.400000000e-001 1.400000000e-001 1.648884980e-004 0.000000000e+000 0.000000000e+000 -1.648884980e-004 
d 1.450000000e-001 1.450000000e-001 1.560209471e-004 0.000000000e+000 0.000000000e+000 -1.560209471e-004 
d 1.500000000e-001 1.500000000e-001 1.471948645e-004 0.000000000e+000 0.000000000e+000 -1.471948645e-004 
d 1.550000000e-001 1.550000000e-001 1.382936957e-004 0.000000000e+000 0.000000000e+000 -1.382936957e-004 
d 1.600000000e-001 1.600000000e-001 1.296142277e-004 0.000000000e+000 0.000000000e+000 -1.296142277e-004 
d 1.650000000e-001 1.650000000e-001 1.209435203e-004 0.000000000e+000 0.000000000e+000 -1.209435203e-004 
d 1.700000000e-001 1.700000000e-001 1.125384257e-004 0.000000000e+000 0.000000000e+000 -1.125384257e-004 
d 1.750000000e-001 1.750000000e-001 1.043843372e-004 0.000000000e+000 0.000000000e+000 -1.043843372e-004 
d 1.800000000e-001 1.800000000e-001 9.645794120e-005 0.000000000e+000 0.000000000e+000 -9.645794120e-005 
d 1.850000000e-001 1.850000000e-001 8.875337128e-005 0.000000000e+000 0.000000000e+000 -8.875337128e-005 
d 1.900000000e-001 1.900000000e-001 8.136972286e-005 0.000000000e+000 0.000000000e+000 -8.136972286e-005 
d 1.950000000e-001 1.950000000e-001 7.421969198e-005 0.000000000e+000 0.000000000e+000 -7.421969198e-005 
d 2.000000000e-001 2.000000000e-001 6.735980111e-005 0.000000000e+000 0.000000000e+000 -6.735980111e-005 
d 2.050000000e-001 2.050000000e-001 6.078058253e-005 0.000000000e+000 0.000000000e+000 -6.078058253e-005 
d 2.100000000e-001 2.100000000e-001 5.448181409e-005 0.000000000e+000 0.000000000e+000 -5.448181409e-005 
d 2.150000000e-001 2.150000000e-001 4.850428807e-005 0.000000000e+000 0.000000000e+000 -4.850428807e-005 
d 2.200000000e-001 2.200000000e-001 4.282111432e-005 0.000000000e+000 0.000000000e+000 -4.282111432e-005 
d 2.250000000e-001 2.250000000e-001 3.745365143e-005 0.000000000e+000 0.000000000e+000 -3.745365143e-005 
d 2.300000000e-001 2.300000000e-001 3.242989885e-005 0.000000000e+000 0.000000000e+000 -3.242989885e-005 
d 2.350000000e-001 2.350000000e-001 2.777334925e-005 0.000000000e+000 0.000000000e+000 -2.777334925e-005 
d 2.400000000e-001 2.400000000e-001 2.351695745e-005 0.000000000e+000 0.000000000e+000 -2.351695745e-005 
d 2.450000000e-001 2.450000000e-001 1.968072275e-005 0.000000000e+000 0.000000000e+000 -1.968072275e-005 
d 2.500000000e-001 2.500000000e-001 1.626505247e-005 0.000000000e+000 0.000000000e+000 -1.626505247e-005 
d 2.550000000e-001 2.550000000e-001 1.326162048e-005 0.000000000e+000 0.000000000e+000 -1.326162048e-005 
d 2.600000000e-001 2.600000000e-001 1.065626898e-005 0.000000000e+000 0.000000000e+000 -1.065626898e-005 
d 2.650000000e-001 2.650000000e-001 8.426822842e-006 0.000000000e+000 0.000000000e+000 -8.426822842e-006 
d 2.700000000e-001 2.700000000e-001 6.544238013e-006 0.000000000e+000 0.000000000e+000 -6.544238014e-006 
d 2.750000000e-001 2.750000000e-001 4.980129567e-006 0.000000000e+000 0.000000000e+000 -4.980129567e-006 
d 2.800000000e-001 2.800000000e-001 3.704260964e-006 0.000000000e+000 0.000000000e+000 -3.704260964e-006 
d 2.850000000e-001 2.850000000e-001 2.687899048e-006 0.000000000e+000 0.000000000e+000 -2.687899047e-006 
d 2.900000000e-001 2.900000000e-001 1.895538700e-006 0.000000000e+000 0.000000000e+000 -1.895538700e-006 
d 2.950000000e-001 2.950000000e-001 1.293012241e-006 0.000000000e+000 0.000000000e+000 -1.293012241e-006 
d 3.000000000e-001 3.000000000e-001 8.488299926e-007 0.000000000e+000 0.000000000e+000 -8.488299930e-007 
d 3.050000000e-001 3.050000000e-001 5.283802243e-007 0.000000000e+000 0.000000000e+000 -5.283802240e-007 
d 3.100000000e-001 3.100000000e-001 3.053633448e-007 0.000000000e+000 0.000000000e+000 -3.053633448e-007 
d 3.150000000e-001 3.150000000e-001 1.590721758e-007 0.000000000e+000 0.000000000e+000 -1.590721747e-007 
d 3.200000000e-001 3.200000000e-001 7.132282043e-008 0.000000000e+000 0.000000000e+000 -7.132281990e-008 
d 3.250000000e-001 3.250000000e-001 2.524494153e-008 0.000000000e+000 0.000000000e+000 -2.524494211e-008 
d 3.300000000e-001 3.300000000e-001 5.502934873e-009 0.000000000e+000 0.000000000e+000 -5.502934610e-009 
d 3.350000000e-001 3.350000000e-001 2.084428328e-010 0.000000000e+000 0.000000000e+000 -2.084434639e-010 
d 3.400000000e-001 3.400000000e-001 9.467807665e-016 0.000000000e+000 0.000000000e+000 -1.172277651e-025 
d 3.450000000e-001 3.450000000e-001 9.467807665e-016 0.000000000e+000 0.000000000e+000 -1.566831784e-025 
d 3.500000000e-001 3.500000000e-001 9.467807665e-016 0.000000000e+000 0.000000000e+000 -2.094181281e-025 
d 3.750000000e-001 3.750000000e-001 9.467807665e-016 0.000000000e+000 0.000000000e+000 -8.932519527e-025 
d 4.000000000e-001 4.000000000e-001 9.467807665e-016 0.000000000e+000 0.000000000e+000 -3.810079158e-024 
d 4.250000000e-001 4.250000000e-001 9.467807666e-016 0.000000000e+000 0.000000000e+000 -1.625153236e-023 
d 4.500000000e-001 4.500000000e-001 9.467807671e-016 0.000000000e+000 0.000000000e+000 -6.931941440e-023 
d 4.750000000e-001 4.750000000e-001 9.467807692e-016 0.000000000e+000 0.000000000e+000 -2.956757134e-022 
d 5.000000000e-001 5.000000000e-001 9.467807783e-016 0.000000000e+000 0.000000000e+000 -1.261178535e-021 
d 5.250000000e-001 5.250000000e-001 9.467808169e-016 0.000000000e+000 0.000000000e+000 -5.379446450e-021 
d 5.500000000e-001 5.500000000e-001 9.467809816e-016 0.000000000e+000 0.000000000e+000 -6.312101232e-016 
d 5.750000000e-001 5.750000000e-001 9.467816841e-016 0.000000000e+000 0.000000000e+000 -8.416807758e-016 
d 6.000000000e-001 6.000000000e-001 9.467846805e-016 0.000000000e+000 0.000000000e+000 -1.683583273e-015 
d 6.250000000e-001 6.250000000e-001 4.628722664e-015 0.000000000e+000 0.000000000e+000 -3.368112277e-015 
d 6.500000000e-001 6.500000000e-001 8.100306656e-015 0.000000000e+000 0.000000000e+000 -6.950654215e-015 
d 6.750000000e-001 6.750000000e-001 1.514879600e-014 0.000000000e+000 0.000000000e+000 -1.349772336e-014 
d 7.000000000e-001 7.000000000e-001 2.924630146e-014 0.000000000e+000 0.000000000e+000 -2.812081756e-014 
d 7.250000000e-001 7.250000000e-001 5.733836139e-014 0.000000000e+000 0.000000000e+000 -5.592349546e-014 
d 7.500000000e-001 7.500000000e-001 1.137424607e-013 0.000000000e+000 0.000000000e+000 -1.125510773e-013 
d 7.750000000e-001 7.750000000e-001 2.298526713e-013 0.000000000e+000 0.000000000e+000 -2.301664429e-013 
d 8.000000000e-001 8.000000000e-001 4.825506408e-013 0.000000000e+000 0.000000000e+000 -4.829431797e-013 
d 8.250000000e-001 8.250000000e-001 1.066536711e-012 0.000000000e+000 0.000000000e+000 -1.066982757e-012 
d 8.500000000e-001 8.500000000e-001 2.572210253e-012 0.000000000e+000 0.000000000e+000 -2.573425229e-012 
d 8.750000000e-001 8.750000000e-001 7.040192173e-012 0.000000000e+000 0.000000000e+000 -7.041341307e-012 
d 9.000000000e-001 9.000000000e-001 2.220677390e-011 0.000000000e+000 0.000000000e+000 -2.220786441e-011 
d 9.250000000e-001 9.250000000e-001 7.917161845e-011 0.000000000e+000 0.000000000e+000 -7.917029458e-011 
d 9.500000000e-001 9.500000000e-001 3.067730593e-010 0.000000000e+000 0.000000000e+000 -3.067703716e-010 
d 9.750000000e-001 9.750000000e-001 1.246895162e-009 0.000000000e+000 0.000000000e+000 -1.246897938e-009 
d 1.000000000e+000 1.000000000e+000 5.194882016e-009 0.000000000e+000 0.000000000e+000 -5.194881220e-009 
d 1.025000000e+000 1.025000000e+000 2.190547530e-008 0.000000000e+000 0.000000000e+000 -2.190547587e-008 
d 1.050000000e+000 1.050000000e+000 9.289979686e-008 0.000000000e+000 0.000000000e+000 -9.289979892e-008 
d 1.075000000e+000 1.075000000e+000 3.950453725e-007 0.000000000e+000 0.000000000e+000 -3.950453720e-007 
d 1.100000000e+000 1.100000000e+000 1.681850263e-006 0.000000000e+000 0.000000000e+000 -1.681850264e-006 
d 1.125000000e+000 1.125000000e+000 7.159842678e-006 0.000000000e+000 0.000000000e+000 -7.159842678e-006 
d 1.150000000e+000 1.150000000e+000 3.039359953e-005 0.000000000e+000 0.000000000e+000 -3.039359953e-005 
d 1.175000000e+000 1.175000000e+000 1.273346971e-004 0.000000000e+000 0.000000000e+000 -1.273346971e-004 
d 1.200000000e+000 1.200000000e+000 5.078683638e-004 0.000000000e+000 0.000000000e+000 -5.078683638e-004 
