v ATLAS
# This file was created by ATLAS version 5.26.1.R on Fri Dec 31 10:38:26 2021.
#SSF 2.0 generic
##############################################################################
#                    Copyright (c) 1984 - 2018                               #
#                    Silvaco Inc. All rights reserved                        #
#                                                                            #
# This file format and the following Key are copyright Silvaco Inc.          #
# You may not use, this format or key without reproducing this message in    #
# full and obtaining express written permission from Silvaco Inc.            #
#                                                                            #
# To obtain such permission please contact: Silvaco Inc.                     #
#                                           support@silvaco.com              #
#                                                                            #
# KEY=SVC86hn7562asdx                       PROD=345                         #
##############################################################################
y 3 700 711 15
z 0.07 0.002 200
f 4 "drain" "gate" "substrate" "source" 
p 12 2 601 20 3 602 21 4 603 22 5 604 23 
d 1.200000000e+000 1.200000000e+000 1.521722016e-018 1.200000000e+000 1.200000000e+000 0.000000000e+000 0.000000000e+000 0.000000000e+000 0.000000000e+000 0.000000000e+000 0.000000000e+000 4.092236356e-019 
d 1.200000000e+000 1.200000000e+000 1.496038944e-018 1.200000000e+000 1.200000000e+000 0.000000000e+000 1.000000000e-001 1.000000000e-001 0.000000000e+000 0.000000000e+000 0.000000000e+000 -2.356622506e-019 
d 1.200000000e+000 1.200000000e+000 2.035383457e-018 1.200000000e+000 1.200000000e+000 0.000000000e+000 2.000000000e-001 2.000000000e-001 0.000000000e+000 0.000000000e+000 0.000000000e+000 5.231922676e-019 
d 1.200000000e+000 1.200000000e+000 1.881285025e-018 1.200000000e+000 1.200000000e+000 0.000000000e+000 4.000000000e-001 4.000000000e-001 0.000000000e+000 0.000000000e+000 0.000000000e+000 -5.101500826e-019 
d 1.200000000e+000 1.200000000e+000 -4.154236897e-018 1.200000000e+000 1.200000000e+000 0.000000000e+000 8.000000000e-001 8.000000000e-001 0.000000000e+000 0.000000000e+000 0.000000000e+000 1.722571665e-019 
d 1.200000000e+000 1.200000000e+000 4.732106017e-018 1.200000000e+000 1.200000000e+000 0.000000000e+000 1.000000000e+000 1.000000000e+000 0.000000000e+000 0.000000000e+000 0.000000000e+000 -8.472404027e-019 
d 1.200000000e+000 1.200000000e+000 -2.343580321e-018 1.200000000e+000 1.200000000e+000 0.000000000e+000 1.200000000e+000 1.200000000e+000 0.000000000e+000 0.000000000e+000 0.000000000e+000 -4.431333166e-019 
