v ATLAS
# This file was created by ATLAS version 5.26.1.R on Fri Dec 17 16:01:23 2021.
#SSF 2.0 generic
##############################################################################
#                    Copyright (c) 1984 - 2018                               #
#                    Silvaco Inc. All rights reserved                        #
#                                                                            #
# This file format and the following Key are copyright Silvaco Inc.          #
# You may not use, this format or key without reproducing this message in    #
# full and obtaining express written permission from Silvaco Inc.            #
#                                                                            #
# To obtain such permission please contact: Silvaco Inc.                     #
#                                           support@silvaco.com              #
#                                                                            #
# KEY=SVC86hn7562asdx                       PROD=345                         #
##############################################################################
y 3 700 711 15
z 0.06 0.003 300
f 4 "gate" "substrate" "drain" "source" 
p 12 2 601 20 3 602 21 4 603 22 5 604 23 
d 0.000000000e+000 0.000000000e+000 -1.901560246e-044 0.000000000e+000 0.000000000e+000 -1.901357719e-044 1.200000000e+000 1.200000000e+000 1.871714381e-016 0.000000000e+000 0.000000000e+000 1.382980208e-016 
d 0.000000000e+000 0.000000000e+000 -1.127545020e-043 2.000000000e-001 2.000000000e-001 9.801459860e-036 1.200000000e+000 1.200000000e+000 1.771348664e-016 0.000000000e+000 0.000000000e+000 1.381968508e-016 
d 0.000000000e+000 0.000000000e+000 -2.936672627e-043 4.000000000e-001 4.000000000e-001 2.946299153e-035 1.200000000e+000 1.200000000e+000 1.988499663e-016 0.000000000e+000 0.000000000e+000 1.382523302e-016 
d 0.000000000e+000 0.000000000e+000 -1.098901796e-027 8.000000000e-001 8.000000000e-001 2.823125097e-034 1.200000000e+000 1.200000000e+000 2.143212150e-016 0.000000000e+000 0.000000000e+000 1.382229576e-016 
d 0.000000000e+000 0.000000000e+000 -1.620755452e-026 1.000000000e+000 1.000000000e+000 8.049435609e-034 1.200000000e+000 1.200000000e+000 2.176249321e-016 0.000000000e+000 0.000000000e+000 1.512737861e-016 
d 0.000000000e+000 0.000000000e+000 -1.001689107e-025 1.200000000e+000 1.200000000e+000 1.897827448e-033 1.200000000e+000 1.200000000e+000 4.052221380e-016 0.000000000e+000 0.000000000e+000 8.192065650e-017 
