v ATLAS
# This file was created by ATLAS version 5.26.1.R on Tue Dec 28 10:58:38 2021.
#SSF 2.0 generic
##############################################################################
#                    Copyright (c) 1984 - 2018                               #
#                    Silvaco Inc. All rights reserved                        #
#                                                                            #
# This file format and the following Key are copyright Silvaco Inc.          #
# You may not use, this format or key without reproducing this message in    #
# full and obtaining express written permission from Silvaco Inc.            #
#                                                                            #
# To obtain such permission please contact: Silvaco Inc.                     #
#                                           support@silvaco.com              #
#                                                                            #
# KEY=SVC86hn7562asdx                       PROD=345                         #
##############################################################################
y 3 700 711 15
z 0.0475 0.002 300
f 6 "source" "gate" "gateLB" "gate2" "gateRB" "drain" 
p 18 2 601 20 3 602 21 4 603 22 5 604 23 6 605 24 7 606 25 
d 0.000000000e+000 0.000000000e+000 -5.552446421e-016 5.000000000e-001 5.000000000e-001 0.000000000e+000 5.000000000e-001 5.000000000e-001 0.000000000e+000 0.000000000e+000 0.000000000e+000 0.000000000e+000 0.000000000e+000 0.000000000e+000 0.000000000e+000 1.000000000e+000 1.000000000e+000 1.183653048e-015 
d 0.000000000e+000 0.000000000e+000 -6.111434107e-016 2.500000000e-001 2.500000000e-001 0.000000000e+000 2.500000000e-001 2.500000000e-001 0.000000000e+000 0.000000000e+000 0.000000000e+000 0.000000000e+000 0.000000000e+000 0.000000000e+000 0.000000000e+000 1.000000000e+000 1.000000000e+000 8.036318946e-016 
d 0.000000000e+000 0.000000000e+000 -2.092493876e-014 0.000000000e+000 0.000000000e+000 0.000000000e+000 0.000000000e+000 0.000000000e+000 0.000000000e+000 0.000000000e+000 0.000000000e+000 0.000000000e+000 0.000000000e+000 0.000000000e+000 0.000000000e+000 1.000000000e+000 1.000000000e+000 5.670624177e-016 
d 0.000000000e+000 0.000000000e+000 -6.614785493e-016 2.000000000e-001 2.000000000e-001 0.000000000e+000 2.000000000e-001 2.000000000e-001 0.000000000e+000 0.000000000e+000 0.000000000e+000 0.000000000e+000 0.000000000e+000 0.000000000e+000 0.000000000e+000 1.000000000e+000 1.000000000e+000 4.125852237e-016 
d 0.000000000e+000 0.000000000e+000 -5.099553984e-016 4.000000000e-001 4.000000000e-001 0.000000000e+000 4.000000000e-001 4.000000000e-001 0.000000000e+000 0.000000000e+000 0.000000000e+000 0.000000000e+000 0.000000000e+000 0.000000000e+000 0.000000000e+000 1.000000000e+000 1.000000000e+000 7.445113238e-016 
d 0.000000000e+000 0.000000000e+000 -1.100830513e-015 8.000000000e-001 8.000000000e-001 0.000000000e+000 8.000000000e-001 8.000000000e-001 0.000000000e+000 0.000000000e+000 0.000000000e+000 0.000000000e+000 0.000000000e+000 0.000000000e+000 0.000000000e+000 1.000000000e+000 1.000000000e+000 1.150965536e-015 
d 0.000000000e+000 0.000000000e+000 -9.091843028e-016 1.000000000e+000 1.000000000e+000 0.000000000e+000 1.000000000e+000 1.000000000e+000 0.000000000e+000 0.000000000e+000 0.000000000e+000 0.000000000e+000 0.000000000e+000 0.000000000e+000 0.000000000e+000 1.000000000e+000 1.000000000e+000 1.096157756e-015 
