v ATLAS
# This file was created by ATLAS version 5.26.1.R on Thu Dec 16 00:38:59 2021.
#SSF 2.0 generic
##############################################################################
#                    Copyright (c) 1984 - 2018                               #
#                    Silvaco Inc. All rights reserved                        #
#                                                                            #
# This file format and the following Key are copyright Silvaco Inc.          #
# You may not use, this format or key without reproducing this message in    #
# full and obtaining express written permission from Silvaco Inc.            #
#                                                                            #
# To obtain such permission please contact: Silvaco Inc.                     #
#                                           support@silvaco.com              #
#                                                                            #
# KEY=SVC86hn7562asdx                       PROD=345                         #
##############################################################################
y 3 700 711 15
z 0.0475 0.002 300
f 6 "source" "gate" "gateLB" "gate2" "gateRB" "drain" 
p 18 2 601 20 3 602 21 4 603 22 5 604 23 6 605 24 7 606 25 
d 0.000000000e+000 0.000000000e+000 -3.456249264e-019 0.000000000e+000 0.000000000e+000 0.000000000e+000 0.000000000e+000 0.000000000e+000 0.000000000e+000 1.000000000e+000 1.000000000e+000 0.000000000e+000 1.000000000e+000 1.000000000e+000 0.000000000e+000 1.000000000e+000 1.000000000e+000 4.043586370e-018 
d 0.000000000e+000 0.000000000e+000 -4.076947392e-019 1.000000000e-002 1.000000000e-002 0.000000000e+000 1.000000000e-002 1.000000000e-002 0.000000000e+000 1.000000000e+000 1.000000000e+000 0.000000000e+000 1.000000000e+000 1.000000000e+000 0.000000000e+000 1.000000000e+000 1.000000000e+000 -7.015778822e-019 
d 0.000000000e+000 0.000000000e+000 -6.737418122e-019 2.000000000e-002 2.000000000e-002 0.000000000e+000 2.000000000e-002 2.000000000e-002 0.000000000e+000 1.000000000e+000 1.000000000e+000 0.000000000e+000 1.000000000e+000 1.000000000e+000 0.000000000e+000 1.000000000e+000 1.000000000e+000 -8.606763319e-019 
d 0.000000000e+000 0.000000000e+000 -1.820948438e-018 3.000000000e-002 3.000000000e-002 0.000000000e+000 3.000000000e-002 3.000000000e-002 0.000000000e+000 1.000000000e+000 1.000000000e+000 0.000000000e+000 1.000000000e+000 1.000000000e+000 0.000000000e+000 1.000000000e+000 1.000000000e+000 1.667736460e-018 
d 0.000000000e+000 0.000000000e+000 7.122732374e-019 4.000000000e-002 4.000000000e-002 0.000000000e+000 4.000000000e-002 4.000000000e-002 0.000000000e+000 1.000000000e+000 1.000000000e+000 0.000000000e+000 1.000000000e+000 1.000000000e+000 0.000000000e+000 1.000000000e+000 1.000000000e+000 1.064798820e-018 
d 0.000000000e+000 0.000000000e+000 4.315108274e-020 5.000000000e-002 5.000000000e-002 0.000000000e+000 5.000000000e-002 5.000000000e-002 0.000000000e+000 1.000000000e+000 1.000000000e+000 0.000000000e+000 1.000000000e+000 1.000000000e+000 0.000000000e+000 1.000000000e+000 1.000000000e+000 -2.889777065e-018 
d 0.000000000e+000 0.000000000e+000 -7.744756219e-019 6.000000000e-002 6.000000000e-002 0.000000000e+000 6.000000000e-002 6.000000000e-002 0.000000000e+000 1.000000000e+000 1.000000000e+000 0.000000000e+000 1.000000000e+000 1.000000000e+000 0.000000000e+000 1.000000000e+000 1.000000000e+000 2.125440242e-018 
d 0.000000000e+000 0.000000000e+000 -6.863347253e-021 7.000000000e-002 7.000000000e-002 0.000000000e+000 7.000000000e-002 7.000000000e-002 0.000000000e+000 1.000000000e+000 1.000000000e+000 0.000000000e+000 1.000000000e+000 1.000000000e+000 0.000000000e+000 1.000000000e+000 1.000000000e+000 1.160251451e-018 
d 0.000000000e+000 0.000000000e+000 -9.363044462e-019 8.000000000e-002 8.000000000e-002 0.000000000e+000 8.000000000e-002 8.000000000e-002 0.000000000e+000 1.000000000e+000 1.000000000e+000 0.000000000e+000 1.000000000e+000 1.000000000e+000 0.000000000e+000 1.000000000e+000 1.000000000e+000 2.656574923e-018 
d 0.000000000e+000 0.000000000e+000 3.436330165e-019 9.000000000e-002 9.000000000e-002 0.000000000e+000 9.000000000e-002 9.000000000e-002 0.000000000e+000 1.000000000e+000 1.000000000e+000 0.000000000e+000 1.000000000e+000 1.000000000e+000 0.000000000e+000 1.000000000e+000 1.000000000e+000 -1.023865143e-018 
d 0.000000000e+000 0.000000000e+000 2.544891302e-019 1.000000000e-001 1.000000000e-001 0.000000000e+000 1.000000000e-001 1.000000000e-001 0.000000000e+000 1.000000000e+000 1.000000000e+000 0.000000000e+000 1.000000000e+000 1.000000000e+000 0.000000000e+000 1.000000000e+000 1.000000000e+000 1.945123061e-018 
d 0.000000000e+000 0.000000000e+000 -1.404451844e-018 1.100000000e-001 1.100000000e-001 0.000000000e+000 1.100000000e-001 1.100000000e-001 0.000000000e+000 1.000000000e+000 1.000000000e+000 0.000000000e+000 1.000000000e+000 1.000000000e+000 0.000000000e+000 1.000000000e+000 1.000000000e+000 2.741972767e-019 
d 0.000000000e+000 0.000000000e+000 -1.738457074e-018 1.200000000e-001 1.200000000e-001 0.000000000e+000 1.200000000e-001 1.200000000e-001 0.000000000e+000 1.000000000e+000 1.000000000e+000 0.000000000e+000 1.000000000e+000 1.000000000e+000 0.000000000e+000 1.000000000e+000 1.000000000e+000 5.770510511e-021 
d 0.000000000e+000 0.000000000e+000 -1.577293735e-018 1.300000000e-001 1.300000000e-001 0.000000000e+000 1.300000000e-001 1.300000000e-001 0.000000000e+000 1.000000000e+000 1.000000000e+000 0.000000000e+000 1.000000000e+000 1.000000000e+000 0.000000000e+000 1.000000000e+000 1.000000000e+000 -7.448418228e-019 
d 0.000000000e+000 0.000000000e+000 -1.816005420e-018 1.400000000e-001 1.400000000e-001 0.000000000e+000 1.400000000e-001 1.400000000e-001 0.000000000e+000 1.000000000e+000 1.000000000e+000 0.000000000e+000 1.000000000e+000 1.000000000e+000 0.000000000e+000 1.000000000e+000 1.000000000e+000 -1.373072070e-018 
d 0.000000000e+000 0.000000000e+000 5.453706979e-019 1.500000000e-001 1.500000000e-001 0.000000000e+000 1.500000000e-001 1.500000000e-001 0.000000000e+000 1.000000000e+000 1.000000000e+000 0.000000000e+000 1.000000000e+000 1.000000000e+000 0.000000000e+000 1.000000000e+000 1.000000000e+000 7.669811183e-019 
d 0.000000000e+000 0.000000000e+000 -3.479682207e-019 1.600000000e-001 1.600000000e-001 0.000000000e+000 1.600000000e-001 1.600000000e-001 0.000000000e+000 1.000000000e+000 1.000000000e+000 0.000000000e+000 1.000000000e+000 1.000000000e+000 0.000000000e+000 1.000000000e+000 1.000000000e+000 2.268199633e-018 
d 0.000000000e+000 0.000000000e+000 -2.315231099e-018 1.700000000e-001 1.700000000e-001 0.000000000e+000 1.700000000e-001 1.700000000e-001 0.000000000e+000 1.000000000e+000 1.000000000e+000 0.000000000e+000 1.000000000e+000 1.000000000e+000 0.000000000e+000 1.000000000e+000 1.000000000e+000 -1.359208418e-018 
d 0.000000000e+000 0.000000000e+000 -2.246063330e-019 1.800000000e-001 1.800000000e-001 0.000000000e+000 1.800000000e-001 1.800000000e-001 0.000000000e+000 1.000000000e+000 1.000000000e+000 0.000000000e+000 1.000000000e+000 1.000000000e+000 0.000000000e+000 1.000000000e+000 1.000000000e+000 -4.092411168e-018 
d 0.000000000e+000 0.000000000e+000 -6.636224502e-019 1.900000000e-001 1.900000000e-001 0.000000000e+000 1.900000000e-001 1.900000000e-001 0.000000000e+000 1.000000000e+000 1.000000000e+000 0.000000000e+000 1.000000000e+000 1.000000000e+000 0.000000000e+000 1.000000000e+000 1.000000000e+000 1.408254820e-018 
d 0.000000000e+000 0.000000000e+000 -2.547329161e-018 2.000000000e-001 2.000000000e-001 0.000000000e+000 2.000000000e-001 2.000000000e-001 0.000000000e+000 1.000000000e+000 1.000000000e+000 0.000000000e+000 1.000000000e+000 1.000000000e+000 0.000000000e+000 1.000000000e+000 1.000000000e+000 7.955261517e-019 
d 0.000000000e+000 0.000000000e+000 -2.715777842e-019 2.100000000e-001 2.100000000e-001 0.000000000e+000 2.100000000e-001 2.100000000e-001 0.000000000e+000 1.000000000e+000 1.000000000e+000 0.000000000e+000 1.000000000e+000 1.000000000e+000 0.000000000e+000 1.000000000e+000 1.000000000e+000 6.367886880e-020 
d 0.000000000e+000 0.000000000e+000 -1.424231110e-018 2.200000000e-001 2.200000000e-001 0.000000000e+000 2.200000000e-001 2.200000000e-001 0.000000000e+000 1.000000000e+000 1.000000000e+000 0.000000000e+000 1.000000000e+000 1.000000000e+000 0.000000000e+000 1.000000000e+000 1.000000000e+000 2.670415689e-018 
d 0.000000000e+000 0.000000000e+000 -1.709044710e-018 2.300000000e-001 2.300000000e-001 0.000000000e+000 2.300000000e-001 2.300000000e-001 0.000000000e+000 1.000000000e+000 1.000000000e+000 0.000000000e+000 1.000000000e+000 1.000000000e+000 0.000000000e+000 1.000000000e+000 1.000000000e+000 -1.079374613e-018 
d 0.000000000e+000 0.000000000e+000 -8.028048774e-019 2.400000000e-001 2.400000000e-001 0.000000000e+000 2.400000000e-001 2.400000000e-001 0.000000000e+000 1.000000000e+000 1.000000000e+000 0.000000000e+000 1.000000000e+000 1.000000000e+000 0.000000000e+000 1.000000000e+000 1.000000000e+000 -1.510161948e-018 
d 0.000000000e+000 0.000000000e+000 -3.567390610e-019 2.500000000e-001 2.500000000e-001 0.000000000e+000 2.500000000e-001 2.500000000e-001 0.000000000e+000 1.000000000e+000 1.000000000e+000 0.000000000e+000 1.000000000e+000 1.000000000e+000 0.000000000e+000 1.000000000e+000 1.000000000e+000 3.115879732e-018 
d 0.000000000e+000 0.000000000e+000 -1.933584442e-018 2.600000000e-001 2.600000000e-001 0.000000000e+000 2.600000000e-001 2.600000000e-001 0.000000000e+000 1.000000000e+000 1.000000000e+000 0.000000000e+000 1.000000000e+000 1.000000000e+000 0.000000000e+000 1.000000000e+000 1.000000000e+000 2.276594765e-019 
d 0.000000000e+000 0.000000000e+000 -1.699872713e-018 2.700000000e-001 2.700000000e-001 0.000000000e+000 2.700000000e-001 2.700000000e-001 0.000000000e+000 1.000000000e+000 1.000000000e+000 0.000000000e+000 1.000000000e+000 1.000000000e+000 0.000000000e+000 1.000000000e+000 1.000000000e+000 2.326918372e-018 
d 0.000000000e+000 0.000000000e+000 5.337006272e-019 2.800000000e-001 2.800000000e-001 0.000000000e+000 2.800000000e-001 2.800000000e-001 0.000000000e+000 1.000000000e+000 1.000000000e+000 0.000000000e+000 1.000000000e+000 1.000000000e+000 0.000000000e+000 1.000000000e+000 1.000000000e+000 -3.956781155e-019 
d 0.000000000e+000 0.000000000e+000 -4.842775287e-019 2.900000000e-001 2.900000000e-001 0.000000000e+000 2.900000000e-001 2.900000000e-001 0.000000000e+000 1.000000000e+000 1.000000000e+000 0.000000000e+000 1.000000000e+000 1.000000000e+000 0.000000000e+000 1.000000000e+000 1.000000000e+000 6.413039859e-019 
d 0.000000000e+000 0.000000000e+000 -1.069285927e-018 3.000000000e-001 3.000000000e-001 0.000000000e+000 3.000000000e-001 3.000000000e-001 0.000000000e+000 1.000000000e+000 1.000000000e+000 0.000000000e+000 1.000000000e+000 1.000000000e+000 0.000000000e+000 1.000000000e+000 1.000000000e+000 1.941989477e-019 
d 0.000000000e+000 0.000000000e+000 3.910542859e-019 3.100000000e-001 3.100000000e-001 0.000000000e+000 3.100000000e-001 3.100000000e-001 0.000000000e+000 1.000000000e+000 1.000000000e+000 0.000000000e+000 1.000000000e+000 1.000000000e+000 0.000000000e+000 1.000000000e+000 1.000000000e+000 -5.383119492e-020 
d 0.000000000e+000 0.000000000e+000 1.935114633e-017 3.200000000e-001 3.200000000e-001 0.000000000e+000 3.200000000e-001 3.200000000e-001 0.000000000e+000 1.000000000e+000 1.000000000e+000 0.000000000e+000 1.000000000e+000 1.000000000e+000 0.000000000e+000 1.000000000e+000 1.000000000e+000 8.526099434e-019 
d 0.000000000e+000 0.000000000e+000 9.041224094e-018 3.300000000e-001 3.300000000e-001 0.000000000e+000 3.300000000e-001 3.300000000e-001 0.000000000e+000 1.000000000e+000 1.000000000e+000 0.000000000e+000 1.000000000e+000 1.000000000e+000 0.000000000e+000 1.000000000e+000 1.000000000e+000 1.917331939e-018 
d 0.000000000e+000 0.000000000e+000 3.406402067e-018 3.400000000e-001 3.400000000e-001 0.000000000e+000 3.400000000e-001 3.400000000e-001 0.000000000e+000 1.000000000e+000 1.000000000e+000 0.000000000e+000 1.000000000e+000 1.000000000e+000 0.000000000e+000 1.000000000e+000 1.000000000e+000 -4.160022396e-020 
d 0.000000000e+000 0.000000000e+000 3.871399958e-018 3.500000000e-001 3.500000000e-001 0.000000000e+000 3.500000000e-001 3.500000000e-001 0.000000000e+000 1.000000000e+000 1.000000000e+000 0.000000000e+000 1.000000000e+000 1.000000000e+000 0.000000000e+000 1.000000000e+000 1.000000000e+000 3.447919403e-018 
d 0.000000000e+000 0.000000000e+000 3.380368185e-018 3.600000000e-001 3.600000000e-001 0.000000000e+000 3.600000000e-001 3.600000000e-001 0.000000000e+000 1.000000000e+000 1.000000000e+000 0.000000000e+000 1.000000000e+000 1.000000000e+000 0.000000000e+000 1.000000000e+000 1.000000000e+000 1.795758385e-018 
d 0.000000000e+000 0.000000000e+000 2.891753532e-018 3.700000000e-001 3.700000000e-001 0.000000000e+000 3.700000000e-001 3.700000000e-001 0.000000000e+000 1.000000000e+000 1.000000000e+000 0.000000000e+000 1.000000000e+000 1.000000000e+000 0.000000000e+000 1.000000000e+000 1.000000000e+000 1.068806150e-018 
d 0.000000000e+000 0.000000000e+000 -5.668073838e-019 3.800000000e-001 3.800000000e-001 0.000000000e+000 3.800000000e-001 3.800000000e-001 0.000000000e+000 1.000000000e+000 1.000000000e+000 0.000000000e+000 1.000000000e+000 1.000000000e+000 0.000000000e+000 1.000000000e+000 1.000000000e+000 -1.003534768e-019 
d 0.000000000e+000 0.000000000e+000 -3.272295117e-019 3.900000000e-001 3.900000000e-001 0.000000000e+000 3.900000000e-001 3.900000000e-001 0.000000000e+000 1.000000000e+000 1.000000000e+000 0.000000000e+000 1.000000000e+000 1.000000000e+000 0.000000000e+000 1.000000000e+000 1.000000000e+000 4.585247311e-018 
d 0.000000000e+000 0.000000000e+000 -2.753545102e-019 4.000000000e-001 4.000000000e-001 0.000000000e+000 4.000000000e-001 4.000000000e-001 0.000000000e+000 1.000000000e+000 1.000000000e+000 0.000000000e+000 1.000000000e+000 1.000000000e+000 0.000000000e+000 1.000000000e+000 1.000000000e+000 1.010871137e-018 
d 0.000000000e+000 0.000000000e+000 -2.932972539e-018 4.100000000e-001 4.100000000e-001 0.000000000e+000 4.100000000e-001 4.100000000e-001 0.000000000e+000 1.000000000e+000 1.000000000e+000 0.000000000e+000 1.000000000e+000 1.000000000e+000 0.000000000e+000 1.000000000e+000 1.000000000e+000 5.749504148e-018 
d 0.000000000e+000 0.000000000e+000 5.281503067e-019 4.200000000e-001 4.200000000e-001 0.000000000e+000 4.200000000e-001 4.200000000e-001 0.000000000e+000 1.000000000e+000 1.000000000e+000 0.000000000e+000 1.000000000e+000 1.000000000e+000 0.000000000e+000 1.000000000e+000 1.000000000e+000 4.143848252e-018 
d 0.000000000e+000 0.000000000e+000 4.283500839e-019 4.300000000e-001 4.300000000e-001 0.000000000e+000 4.300000000e-001 4.300000000e-001 0.000000000e+000 1.000000000e+000 1.000000000e+000 0.000000000e+000 1.000000000e+000 1.000000000e+000 0.000000000e+000 1.000000000e+000 1.000000000e+000 3.671336056e-019 
d 0.000000000e+000 0.000000000e+000 -2.230984557e-018 4.400000000e-001 4.400000000e-001 0.000000000e+000 4.400000000e-001 4.400000000e-001 0.000000000e+000 1.000000000e+000 1.000000000e+000 0.000000000e+000 1.000000000e+000 1.000000000e+000 0.000000000e+000 1.000000000e+000 1.000000000e+000 1.270311059e-018 
d 0.000000000e+000 0.000000000e+000 -1.703047062e-018 4.500000000e-001 4.500000000e-001 0.000000000e+000 4.500000000e-001 4.500000000e-001 0.000000000e+000 1.000000000e+000 1.000000000e+000 0.000000000e+000 1.000000000e+000 1.000000000e+000 0.000000000e+000 1.000000000e+000 1.000000000e+000 -1.950133857e-019 
d 0.000000000e+000 0.000000000e+000 -1.893461043e-018 4.600000000e-001 4.600000000e-001 0.000000000e+000 4.600000000e-001 4.600000000e-001 0.000000000e+000 1.000000000e+000 1.000000000e+000 0.000000000e+000 1.000000000e+000 1.000000000e+000 0.000000000e+000 1.000000000e+000 1.000000000e+000 -4.316214009e-019 
d 0.000000000e+000 0.000000000e+000 -4.640672782e-019 4.700000000e-001 4.700000000e-001 0.000000000e+000 4.700000000e-001 4.700000000e-001 0.000000000e+000 1.000000000e+000 1.000000000e+000 0.000000000e+000 1.000000000e+000 1.000000000e+000 0.000000000e+000 1.000000000e+000 1.000000000e+000 1.252353909e-018 
d 0.000000000e+000 0.000000000e+000 4.396208793e-019 4.800000000e-001 4.800000000e-001 0.000000000e+000 4.800000000e-001 4.800000000e-001 0.000000000e+000 1.000000000e+000 1.000000000e+000 0.000000000e+000 1.000000000e+000 1.000000000e+000 0.000000000e+000 1.000000000e+000 1.000000000e+000 1.400025708e-018 
d 0.000000000e+000 0.000000000e+000 -1.310636398e-019 4.900000000e-001 4.900000000e-001 0.000000000e+000 4.900000000e-001 4.900000000e-001 0.000000000e+000 1.000000000e+000 1.000000000e+000 0.000000000e+000 1.000000000e+000 1.000000000e+000 0.000000000e+000 1.000000000e+000 1.000000000e+000 -2.483569407e-018 
d 0.000000000e+000 0.000000000e+000 -1.528160065e-018 5.000000000e-001 5.000000000e-001 0.000000000e+000 5.000000000e-001 5.000000000e-001 0.000000000e+000 1.000000000e+000 1.000000000e+000 0.000000000e+000 1.000000000e+000 1.000000000e+000 0.000000000e+000 1.000000000e+000 1.000000000e+000 1.191970825e-018 
d 0.000000000e+000 0.000000000e+000 -3.169647238e-019 5.100000000e-001 5.100000000e-001 0.000000000e+000 5.100000000e-001 5.100000000e-001 0.000000000e+000 1.000000000e+000 1.000000000e+000 0.000000000e+000 1.000000000e+000 1.000000000e+000 0.000000000e+000 1.000000000e+000 1.000000000e+000 -3.945633070e-018 
d 0.000000000e+000 0.000000000e+000 -7.610933435e-019 5.200000000e-001 5.200000000e-001 0.000000000e+000 5.200000000e-001 5.200000000e-001 0.000000000e+000 1.000000000e+000 1.000000000e+000 0.000000000e+000 1.000000000e+000 1.000000000e+000 0.000000000e+000 1.000000000e+000 1.000000000e+000 3.222365725e-019 
d 0.000000000e+000 0.000000000e+000 -1.175217881e-018 5.300000000e-001 5.300000000e-001 0.000000000e+000 5.300000000e-001 5.300000000e-001 0.000000000e+000 1.000000000e+000 1.000000000e+000 0.000000000e+000 1.000000000e+000 1.000000000e+000 0.000000000e+000 1.000000000e+000 1.000000000e+000 2.596093590e-018 
d 0.000000000e+000 0.000000000e+000 -1.214782767e-018 5.400000000e-001 5.400000000e-001 0.000000000e+000 5.400000000e-001 5.400000000e-001 0.000000000e+000 1.000000000e+000 1.000000000e+000 0.000000000e+000 1.000000000e+000 1.000000000e+000 0.000000000e+000 1.000000000e+000 1.000000000e+000 1.310262777e-018 
d 0.000000000e+000 0.000000000e+000 -1.920049730e-018 5.500000000e-001 5.500000000e-001 0.000000000e+000 5.500000000e-001 5.500000000e-001 0.000000000e+000 1.000000000e+000 1.000000000e+000 0.000000000e+000 1.000000000e+000 1.000000000e+000 0.000000000e+000 1.000000000e+000 1.000000000e+000 3.870493914e-018 
d 0.000000000e+000 0.000000000e+000 -1.313987597e-018 5.600000000e-001 5.600000000e-001 0.000000000e+000 5.600000000e-001 5.600000000e-001 0.000000000e+000 1.000000000e+000 1.000000000e+000 0.000000000e+000 1.000000000e+000 1.000000000e+000 0.000000000e+000 1.000000000e+000 1.000000000e+000 -1.011739379e-018 
d 0.000000000e+000 0.000000000e+000 -2.982584438e-018 5.700000000e-001 5.700000000e-001 0.000000000e+000 5.700000000e-001 5.700000000e-001 0.000000000e+000 1.000000000e+000 1.000000000e+000 0.000000000e+000 1.000000000e+000 1.000000000e+000 0.000000000e+000 1.000000000e+000 1.000000000e+000 3.420122218e-018 
d 0.000000000e+000 0.000000000e+000 -2.046644552e-018 5.800000000e-001 5.800000000e-001 0.000000000e+000 5.800000000e-001 5.800000000e-001 0.000000000e+000 1.000000000e+000 1.000000000e+000 0.000000000e+000 1.000000000e+000 1.000000000e+000 0.000000000e+000 1.000000000e+000 1.000000000e+000 3.633064320e-018 
d 0.000000000e+000 0.000000000e+000 -7.983092144e-019 5.900000000e-001 5.900000000e-001 0.000000000e+000 5.900000000e-001 5.900000000e-001 0.000000000e+000 1.000000000e+000 1.000000000e+000 0.000000000e+000 1.000000000e+000 1.000000000e+000 0.000000000e+000 1.000000000e+000 1.000000000e+000 -3.329349147e-019 
d 0.000000000e+000 0.000000000e+000 -5.453977427e-019 6.000000000e-001 6.000000000e-001 0.000000000e+000 6.000000000e-001 6.000000000e-001 0.000000000e+000 1.000000000e+000 1.000000000e+000 0.000000000e+000 1.000000000e+000 1.000000000e+000 0.000000000e+000 1.000000000e+000 1.000000000e+000 5.270006064e-019 
d 0.000000000e+000 0.000000000e+000 -3.421910675e-018 6.100000000e-001 6.100000000e-001 0.000000000e+000 6.100000000e-001 6.100000000e-001 0.000000000e+000 1.000000000e+000 1.000000000e+000 0.000000000e+000 1.000000000e+000 1.000000000e+000 0.000000000e+000 1.000000000e+000 1.000000000e+000 1.009183312e-018 
d 0.000000000e+000 0.000000000e+000 -2.488361943e-018 6.200000000e-001 6.200000000e-001 0.000000000e+000 6.200000000e-001 6.200000000e-001 0.000000000e+000 1.000000000e+000 1.000000000e+000 0.000000000e+000 1.000000000e+000 1.000000000e+000 0.000000000e+000 1.000000000e+000 1.000000000e+000 1.733682590e-018 
d 0.000000000e+000 0.000000000e+000 -1.913526782e-018 6.300000000e-001 6.300000000e-001 0.000000000e+000 6.300000000e-001 6.300000000e-001 0.000000000e+000 1.000000000e+000 1.000000000e+000 0.000000000e+000 1.000000000e+000 1.000000000e+000 0.000000000e+000 1.000000000e+000 1.000000000e+000 1.134007355e-018 
d 0.000000000e+000 0.000000000e+000 -4.015265622e-018 6.400000000e-001 6.400000000e-001 0.000000000e+000 6.400000000e-001 6.400000000e-001 0.000000000e+000 1.000000000e+000 1.000000000e+000 0.000000000e+000 1.000000000e+000 1.000000000e+000 0.000000000e+000 1.000000000e+000 1.000000000e+000 3.409683581e-019 
d 0.000000000e+000 0.000000000e+000 -3.909366069e-018 6.500000000e-001 6.500000000e-001 0.000000000e+000 6.500000000e-001 6.500000000e-001 0.000000000e+000 1.000000000e+000 1.000000000e+000 0.000000000e+000 1.000000000e+000 1.000000000e+000 0.000000000e+000 1.000000000e+000 1.000000000e+000 5.848160673e-018 
d 0.000000000e+000 0.000000000e+000 -4.049494397e-018 6.600000000e-001 6.600000000e-001 0.000000000e+000 6.600000000e-001 6.600000000e-001 0.000000000e+000 1.000000000e+000 1.000000000e+000 0.000000000e+000 1.000000000e+000 1.000000000e+000 0.000000000e+000 1.000000000e+000 1.000000000e+000 2.487544847e-018 
d 0.000000000e+000 0.000000000e+000 -4.004113846e-018 6.700000000e-001 6.700000000e-001 0.000000000e+000 6.700000000e-001 6.700000000e-001 0.000000000e+000 1.000000000e+000 1.000000000e+000 0.000000000e+000 1.000000000e+000 1.000000000e+000 0.000000000e+000 1.000000000e+000 1.000000000e+000 2.871005869e-018 
d 0.000000000e+000 0.000000000e+000 -3.682633374e-018 6.800000000e-001 6.800000000e-001 0.000000000e+000 6.800000000e-001 6.800000000e-001 0.000000000e+000 1.000000000e+000 1.000000000e+000 0.000000000e+000 1.000000000e+000 1.000000000e+000 0.000000000e+000 1.000000000e+000 1.000000000e+000 6.437217769e-018 
d 0.000000000e+000 0.000000000e+000 -3.252560697e-018 6.900000000e-001 6.900000000e-001 0.000000000e+000 6.900000000e-001 6.900000000e-001 0.000000000e+000 1.000000000e+000 1.000000000e+000 0.000000000e+000 1.000000000e+000 1.000000000e+000 0.000000000e+000 1.000000000e+000 1.000000000e+000 5.543825343e-018 
d 0.000000000e+000 0.000000000e+000 -3.638015008e-018 7.000000000e-001 7.000000000e-001 0.000000000e+000 7.000000000e-001 7.000000000e-001 0.000000000e+000 1.000000000e+000 1.000000000e+000 0.000000000e+000 1.000000000e+000 1.000000000e+000 0.000000000e+000 1.000000000e+000 1.000000000e+000 5.186466565e-018 
d 0.000000000e+000 0.000000000e+000 -4.715129375e-018 7.100000000e-001 7.100000000e-001 0.000000000e+000 7.100000000e-001 7.100000000e-001 0.000000000e+000 1.000000000e+000 1.000000000e+000 0.000000000e+000 1.000000000e+000 1.000000000e+000 0.000000000e+000 1.000000000e+000 1.000000000e+000 4.635744024e-018 
d 0.000000000e+000 0.000000000e+000 -6.235895491e-018 7.200000000e-001 7.200000000e-001 0.000000000e+000 7.200000000e-001 7.200000000e-001 0.000000000e+000 1.000000000e+000 1.000000000e+000 0.000000000e+000 1.000000000e+000 1.000000000e+000 0.000000000e+000 1.000000000e+000 1.000000000e+000 1.882143376e-018 
d 0.000000000e+000 0.000000000e+000 -5.732150030e-018 7.300000000e-001 7.300000000e-001 0.000000000e+000 7.300000000e-001 7.300000000e-001 0.000000000e+000 1.000000000e+000 1.000000000e+000 0.000000000e+000 1.000000000e+000 1.000000000e+000 0.000000000e+000 1.000000000e+000 1.000000000e+000 3.145123753e-018 
d 0.000000000e+000 0.000000000e+000 -3.922279493e-018 7.400000000e-001 7.400000000e-001 0.000000000e+000 7.400000000e-001 7.400000000e-001 0.000000000e+000 1.000000000e+000 1.000000000e+000 0.000000000e+000 1.000000000e+000 1.000000000e+000 0.000000000e+000 1.000000000e+000 1.000000000e+000 5.791837901e-018 
d 0.000000000e+000 0.000000000e+000 -4.764771942e-018 7.500000000e-001 7.500000000e-001 0.000000000e+000 7.500000000e-001 7.500000000e-001 0.000000000e+000 1.000000000e+000 1.000000000e+000 0.000000000e+000 1.000000000e+000 1.000000000e+000 0.000000000e+000 1.000000000e+000 1.000000000e+000 4.939239392e-018 
d 0.000000000e+000 0.000000000e+000 -6.779956150e-018 7.600000000e-001 7.600000000e-001 0.000000000e+000 7.600000000e-001 7.600000000e-001 0.000000000e+000 1.000000000e+000 1.000000000e+000 0.000000000e+000 1.000000000e+000 1.000000000e+000 0.000000000e+000 1.000000000e+000 1.000000000e+000 1.693662553e-018 
d 0.000000000e+000 0.000000000e+000 -6.386993802e-018 7.700000000e-001 7.700000000e-001 0.000000000e+000 7.700000000e-001 7.700000000e-001 0.000000000e+000 1.000000000e+000 1.000000000e+000 0.000000000e+000 1.000000000e+000 1.000000000e+000 0.000000000e+000 1.000000000e+000 1.000000000e+000 4.900886728e-018 
d 0.000000000e+000 0.000000000e+000 -6.484134264e-018 7.800000000e-001 7.800000000e-001 0.000000000e+000 7.800000000e-001 7.800000000e-001 0.000000000e+000 1.000000000e+000 1.000000000e+000 0.000000000e+000 1.000000000e+000 1.000000000e+000 0.000000000e+000 1.000000000e+000 1.000000000e+000 3.245461473e-018 
d 0.000000000e+000 0.000000000e+000 -6.537554304e-018 7.900000000e-001 7.900000000e-001 0.000000000e+000 7.900000000e-001 7.900000000e-001 0.000000000e+000 1.000000000e+000 1.000000000e+000 0.000000000e+000 1.000000000e+000 1.000000000e+000 0.000000000e+000 1.000000000e+000 1.000000000e+000 4.770339449e-018 
d 0.000000000e+000 0.000000000e+000 -5.199960897e-018 8.000000000e-001 8.000000000e-001 0.000000000e+000 8.000000000e-001 8.000000000e-001 0.000000000e+000 1.000000000e+000 1.000000000e+000 0.000000000e+000 1.000000000e+000 1.000000000e+000 0.000000000e+000 1.000000000e+000 1.000000000e+000 7.151076334e-018 
d 0.000000000e+000 0.000000000e+000 -6.123440561e-018 8.100000000e-001 8.100000000e-001 0.000000000e+000 8.100000000e-001 8.100000000e-001 0.000000000e+000 1.000000000e+000 1.000000000e+000 0.000000000e+000 1.000000000e+000 1.000000000e+000 0.000000000e+000 1.000000000e+000 1.000000000e+000 4.682217880e-018 
d 0.000000000e+000 0.000000000e+000 -4.183994527e-018 8.200000000e-001 8.200000000e-001 0.000000000e+000 8.200000000e-001 8.200000000e-001 0.000000000e+000 1.000000000e+000 1.000000000e+000 0.000000000e+000 1.000000000e+000 1.000000000e+000 0.000000000e+000 1.000000000e+000 1.000000000e+000 5.268832898e-018 
d 0.000000000e+000 0.000000000e+000 -5.937443308e-018 8.300000000e-001 8.300000000e-001 0.000000000e+000 8.300000000e-001 8.300000000e-001 0.000000000e+000 1.000000000e+000 1.000000000e+000 0.000000000e+000 1.000000000e+000 1.000000000e+000 0.000000000e+000 1.000000000e+000 1.000000000e+000 4.249794531e-018 
d 0.000000000e+000 0.000000000e+000 -4.422679579e-018 8.400000000e-001 8.400000000e-001 0.000000000e+000 8.400000000e-001 8.400000000e-001 0.000000000e+000 1.000000000e+000 1.000000000e+000 0.000000000e+000 1.000000000e+000 1.000000000e+000 0.000000000e+000 1.000000000e+000 1.000000000e+000 6.769231053e-018 
d 0.000000000e+000 0.000000000e+000 -6.534056992e-018 8.500000000e-001 8.500000000e-001 0.000000000e+000 8.500000000e-001 8.500000000e-001 0.000000000e+000 1.000000000e+000 1.000000000e+000 0.000000000e+000 1.000000000e+000 1.000000000e+000 0.000000000e+000 1.000000000e+000 1.000000000e+000 4.231838518e-018 
d 0.000000000e+000 0.000000000e+000 -3.981711554e-018 8.600000000e-001 8.600000000e-001 0.000000000e+000 8.600000000e-001 8.600000000e-001 0.000000000e+000 1.000000000e+000 1.000000000e+000 0.000000000e+000 1.000000000e+000 1.000000000e+000 0.000000000e+000 1.000000000e+000 1.000000000e+000 2.900317742e-018 
d 0.000000000e+000 0.000000000e+000 -6.794386147e-018 8.700000000e-001 8.700000000e-001 0.000000000e+000 8.700000000e-001 8.700000000e-001 0.000000000e+000 1.000000000e+000 1.000000000e+000 0.000000000e+000 1.000000000e+000 1.000000000e+000 0.000000000e+000 1.000000000e+000 1.000000000e+000 6.661524726e-018 
d 0.000000000e+000 0.000000000e+000 -6.193264357e-018 8.800000000e-001 8.800000000e-001 0.000000000e+000 8.800000000e-001 8.800000000e-001 0.000000000e+000 1.000000000e+000 1.000000000e+000 0.000000000e+000 1.000000000e+000 1.000000000e+000 0.000000000e+000 1.000000000e+000 1.000000000e+000 5.937835075e-018 
d 0.000000000e+000 0.000000000e+000 -5.957411654e-018 8.900000000e-001 8.900000000e-001 0.000000000e+000 8.900000000e-001 8.900000000e-001 0.000000000e+000 1.000000000e+000 1.000000000e+000 0.000000000e+000 1.000000000e+000 1.000000000e+000 0.000000000e+000 1.000000000e+000 1.000000000e+000 5.026492820e-018 
d 0.000000000e+000 0.000000000e+000 -5.546343022e-018 9.000000000e-001 9.000000000e-001 0.000000000e+000 9.000000000e-001 9.000000000e-001 0.000000000e+000 1.000000000e+000 1.000000000e+000 0.000000000e+000 1.000000000e+000 1.000000000e+000 0.000000000e+000 1.000000000e+000 1.000000000e+000 6.552186407e-018 
d 0.000000000e+000 0.000000000e+000 -6.969765355e-018 9.100000000e-001 9.100000000e-001 0.000000000e+000 9.100000000e-001 9.100000000e-001 0.000000000e+000 1.000000000e+000 1.000000000e+000 0.000000000e+000 1.000000000e+000 1.000000000e+000 0.000000000e+000 1.000000000e+000 1.000000000e+000 5.768937380e-018 
d 0.000000000e+000 0.000000000e+000 -6.658363736e-018 9.200000000e-001 9.200000000e-001 0.000000000e+000 9.200000000e-001 9.200000000e-001 0.000000000e+000 1.000000000e+000 1.000000000e+000 0.000000000e+000 1.000000000e+000 1.000000000e+000 0.000000000e+000 1.000000000e+000 1.000000000e+000 4.929392553e-018 
d 0.000000000e+000 0.000000000e+000 -5.903247304e-018 9.300000000e-001 9.300000000e-001 0.000000000e+000 9.300000000e-001 9.300000000e-001 0.000000000e+000 1.000000000e+000 1.000000000e+000 0.000000000e+000 1.000000000e+000 1.000000000e+000 0.000000000e+000 1.000000000e+000 1.000000000e+000 6.154841934e-018 
d 0.000000000e+000 0.000000000e+000 -5.392455644e-018 9.400000000e-001 9.400000000e-001 0.000000000e+000 9.400000000e-001 9.400000000e-001 0.000000000e+000 1.000000000e+000 1.000000000e+000 0.000000000e+000 1.000000000e+000 1.000000000e+000 0.000000000e+000 1.000000000e+000 1.000000000e+000 6.190737120e-018 
d 0.000000000e+000 0.000000000e+000 -7.048683423e-018 9.500000000e-001 9.500000000e-001 0.000000000e+000 9.500000000e-001 9.500000000e-001 0.000000000e+000 1.000000000e+000 1.000000000e+000 0.000000000e+000 1.000000000e+000 1.000000000e+000 0.000000000e+000 1.000000000e+000 1.000000000e+000 4.541838481e-018 
d 0.000000000e+000 0.000000000e+000 -6.403730217e-018 9.600000000e-001 9.600000000e-001 0.000000000e+000 9.600000000e-001 9.600000000e-001 0.000000000e+000 1.000000000e+000 1.000000000e+000 0.000000000e+000 1.000000000e+000 1.000000000e+000 0.000000000e+000 1.000000000e+000 1.000000000e+000 5.155377196e-018 
d 0.000000000e+000 0.000000000e+000 -6.438276308e-018 9.700000000e-001 9.700000000e-001 0.000000000e+000 9.700000000e-001 9.700000000e-001 0.000000000e+000 1.000000000e+000 1.000000000e+000 0.000000000e+000 1.000000000e+000 1.000000000e+000 0.000000000e+000 1.000000000e+000 1.000000000e+000 7.752322042e-018 
d 0.000000000e+000 0.000000000e+000 -6.875245820e-018 9.800000000e-001 9.800000000e-001 0.000000000e+000 9.800000000e-001 9.800000000e-001 0.000000000e+000 1.000000000e+000 1.000000000e+000 0.000000000e+000 1.000000000e+000 1.000000000e+000 0.000000000e+000 1.000000000e+000 1.000000000e+000 1.097178890e-018 
d 0.000000000e+000 0.000000000e+000 -5.024184358e-018 9.900000000e-001 9.900000000e-001 0.000000000e+000 9.900000000e-001 9.900000000e-001 0.000000000e+000 1.000000000e+000 1.000000000e+000 0.000000000e+000 1.000000000e+000 1.000000000e+000 0.000000000e+000 1.000000000e+000 1.000000000e+000 5.824388373e-018 
d 0.000000000e+000 0.000000000e+000 -5.874769543e-018 1.000000000e+000 1.000000000e+000 0.000000000e+000 1.000000000e+000 1.000000000e+000 0.000000000e+000 1.000000000e+000 1.000000000e+000 0.000000000e+000 1.000000000e+000 1.000000000e+000 0.000000000e+000 1.000000000e+000 1.000000000e+000 9.889102637e-018 
