v ATLAS
# This file was created by ATLAS version 5.26.1.R on Tue Dec 28 10:57:48 2021.
#SSF 2.0 generic
##############################################################################
#                    Copyright (c) 1984 - 2018                               #
#                    Silvaco Inc. All rights reserved                        #
#                                                                            #
# This file format and the following Key are copyright Silvaco Inc.          #
# You may not use, this format or key without reproducing this message in    #
# full and obtaining express written permission from Silvaco Inc.            #
#                                                                            #
# To obtain such permission please contact: Silvaco Inc.                     #
#                                           support@silvaco.com              #
#                                                                            #
# KEY=SVC86hn7562asdx                       PROD=345                         #
##############################################################################
y 3 700 711 15
z 0.0475 0.002 300
f 6 "source" "gate" "gateLB" "gate2" "gateRB" "drain" 
p 18 2 601 20 3 602 21 4 603 22 5 604 23 6 605 24 7 606 25 
d 0.000000000e+000 0.000000000e+000 -5.582701438e-016 0.000000000e+000 0.000000000e+000 0.000000000e+000 0.000000000e+000 0.000000000e+000 0.000000000e+000 0.000000000e+000 0.000000000e+000 0.000000000e+000 0.000000000e+000 0.000000000e+000 0.000000000e+000 1.000000000e+000 1.000000000e+000 4.234527406e-016 
d 0.000000000e+000 0.000000000e+000 -6.540046261e-016 1.000000000e-001 1.000000000e-001 0.000000000e+000 1.000000000e-001 1.000000000e-001 0.000000000e+000 0.000000000e+000 0.000000000e+000 0.000000000e+000 0.000000000e+000 0.000000000e+000 0.000000000e+000 1.000000000e+000 1.000000000e+000 1.022824801e-015 
d 0.000000000e+000 0.000000000e+000 -5.945763259e-016 2.000000000e-001 2.000000000e-001 0.000000000e+000 2.000000000e-001 2.000000000e-001 0.000000000e+000 0.000000000e+000 0.000000000e+000 0.000000000e+000 0.000000000e+000 0.000000000e+000 0.000000000e+000 1.000000000e+000 1.000000000e+000 8.076139628e-016 
d 0.000000000e+000 0.000000000e+000 -5.753880135e-016 3.000000000e-001 3.000000000e-001 0.000000000e+000 3.000000000e-001 3.000000000e-001 0.000000000e+000 0.000000000e+000 0.000000000e+000 0.000000000e+000 0.000000000e+000 0.000000000e+000 0.000000000e+000 1.000000000e+000 1.000000000e+000 3.403834922e-016 
d 0.000000000e+000 0.000000000e+000 -5.778468772e-016 4.000000000e-001 4.000000000e-001 0.000000000e+000 4.000000000e-001 4.000000000e-001 0.000000000e+000 0.000000000e+000 0.000000000e+000 0.000000000e+000 0.000000000e+000 0.000000000e+000 0.000000000e+000 1.000000000e+000 1.000000000e+000 7.604708224e-016 
d 0.000000000e+000 0.000000000e+000 -5.696270904e-016 5.000000000e-001 5.000000000e-001 0.000000000e+000 5.000000000e-001 5.000000000e-001 0.000000000e+000 0.000000000e+000 0.000000000e+000 0.000000000e+000 0.000000000e+000 0.000000000e+000 0.000000000e+000 1.000000000e+000 1.000000000e+000 1.018424926e-015 
d 0.000000000e+000 0.000000000e+000 -6.404407661e-016 6.000000000e-001 6.000000000e-001 0.000000000e+000 6.000000000e-001 6.000000000e-001 0.000000000e+000 0.000000000e+000 0.000000000e+000 0.000000000e+000 0.000000000e+000 0.000000000e+000 0.000000000e+000 1.000000000e+000 1.000000000e+000 6.470701826e-016 
d 0.000000000e+000 0.000000000e+000 -1.167790210e-015 7.000000000e-001 7.000000000e-001 0.000000000e+000 7.000000000e-001 7.000000000e-001 0.000000000e+000 0.000000000e+000 0.000000000e+000 0.000000000e+000 0.000000000e+000 0.000000000e+000 0.000000000e+000 1.000000000e+000 1.000000000e+000 8.966574955e-016 
d 0.000000000e+000 0.000000000e+000 -1.253640680e-015 8.000000000e-001 8.000000000e-001 0.000000000e+000 8.000000000e-001 8.000000000e-001 0.000000000e+000 0.000000000e+000 0.000000000e+000 0.000000000e+000 0.000000000e+000 0.000000000e+000 0.000000000e+000 1.000000000e+000 1.000000000e+000 1.356721044e-015 
d 0.000000000e+000 0.000000000e+000 -1.188398948e-015 9.000000000e-001 9.000000000e-001 0.000000000e+000 9.000000000e-001 9.000000000e-001 0.000000000e+000 0.000000000e+000 0.000000000e+000 0.000000000e+000 0.000000000e+000 0.000000000e+000 0.000000000e+000 1.000000000e+000 1.000000000e+000 1.187176691e-015 
d 0.000000000e+000 0.000000000e+000 -1.139426355e-015 1.000000000e+000 1.000000000e+000 0.000000000e+000 1.000000000e+000 1.000000000e+000 0.000000000e+000 0.000000000e+000 0.000000000e+000 0.000000000e+000 0.000000000e+000 0.000000000e+000 0.000000000e+000 1.000000000e+000 1.000000000e+000 1.052009425e-015 
