v ATLAS
# This file was created by ATLAS version 5.26.1.R on Fri Dec 17 15:59:55 2021.
#SSF 2.0 generic
##############################################################################
#                    Copyright (c) 1984 - 2018                               #
#                    Silvaco Inc. All rights reserved                        #
#                                                                            #
# This file format and the following Key are copyright Silvaco Inc.          #
# You may not use, this format or key without reproducing this message in    #
# full and obtaining express written permission from Silvaco Inc.            #
#                                                                            #
# To obtain such permission please contact: Silvaco Inc.                     #
#                                           support@silvaco.com              #
#                                                                            #
# KEY=SVC86hn7562asdx                       PROD=345                         #
##############################################################################
y 3 700 711 15
z 0.06 0.003 300
f 4 "gate" "substrate" "drain" "source" 
p 12 2 601 20 3 602 21 4 603 22 5 604 23 
d 0.000000000e+000 0.000000000e+000 -1.901550572e-044 0.000000000e+000 0.000000000e+000 -1.901352584e-044 1.200000000e+000 1.200000000e+000 1.834096159e-016 0.000000000e+000 0.000000000e+000 1.515838233e-016 
d 1.000000000e-001 1.000000000e-001 5.579484088e-036 0.000000000e+000 0.000000000e+000 -5.562412659e-044 1.200000000e+000 1.200000000e+000 1.742282561e-016 0.000000000e+000 0.000000000e+000 1.516458298e-016 
d 2.000000000e-001 2.000000000e-001 9.801459999e-036 0.000000000e+000 0.000000000e+000 -1.127403832e-043 1.200000000e+000 1.200000000e+000 1.504004931e-016 0.000000000e+000 0.000000000e+000 1.516882553e-016 
d 3.000000000e-001 3.000000000e-001 1.695027266e-035 0.000000000e+000 0.000000000e+000 -1.886561877e-043 1.200000000e+000 1.200000000e+000 1.658423561e-016 0.000000000e+000 0.000000000e+000 1.517045726e-016 
d 4.000000000e-001 4.000000000e-001 2.946299136e-035 0.000000000e+000 0.000000000e+000 -2.933854590e-043 1.200000000e+000 1.200000000e+000 1.804698041e-016 0.000000000e+000 0.000000000e+000 1.515740314e-016 
d 5.000000000e-001 5.000000000e-001 5.152794026e-035 0.000000000e+000 0.000000000e+000 -4.431805368e-043 1.200000000e+000 1.200000000e+000 1.483089545e-016 0.000000000e+000 0.000000000e+000 1.515675041e-016 
d 6.000000000e-001 6.000000000e-001 9.065900216e-035 0.000000000e+000 0.000000000e+000 -6.686569734e-043 1.200000000e+000 1.200000000e+000 1.629198956e-016 0.000000000e+000 0.000000000e+000 1.515968756e-016 
d 7.000000000e-001 7.000000000e-001 1.601476421e-034 0.000000000e+000 0.000000000e+000 -1.740884981e-028 1.200000000e+000 1.200000000e+000 1.574581096e-016 0.000000000e+000 0.000000000e+000 1.517404704e-016 
d 8.000000000e-001 8.000000000e-001 2.823125099e-034 0.000000000e+000 0.000000000e+000 -1.092426603e-027 1.200000000e+000 1.200000000e+000 1.712239448e-016 0.000000000e+000 0.000000000e+000 1.516360375e-016 
d 9.000000000e-001 9.000000000e-001 4.890808365e-034 0.000000000e+000 0.000000000e+000 -5.047432021e-027 1.200000000e+000 1.200000000e+000 1.599358652e-016 0.000000000e+000 0.000000000e+000 1.516915172e-016 
d 1.000000000e+000 1.000000000e+000 8.049435614e-034 0.000000000e+000 0.000000000e+000 -1.620895360e-026 1.200000000e+000 1.200000000e+000 1.595374844e-016 0.000000000e+000 0.000000000e+000 1.516229830e-016 
d 1.100000000e+000 1.100000000e+000 1.257415598e-033 0.000000000e+000 0.000000000e+000 -4.261593288e-026 1.200000000e+000 1.200000000e+000 1.938594436e-016 0.000000000e+000 0.000000000e+000 1.516262464e-016 
d 1.200000000e+000 1.200000000e+000 1.897827449e-033 0.000000000e+000 0.000000000e+000 -1.001849038e-025 1.200000000e+000 1.200000000e+000 1.748318894e-016 0.000000000e+000 0.000000000e+000 1.647749808e-016 
