v ATLAS
# This file was created by ATLAS version 5.26.1.R on Tue Dec 28 10:59:41 2021.
#SSF 2.0 generic
##############################################################################
#                    Copyright (c) 1984 - 2018                               #
#                    Silvaco Inc. All rights reserved                        #
#                                                                            #
# This file format and the following Key are copyright Silvaco Inc.          #
# You may not use, this format or key without reproducing this message in    #
# full and obtaining express written permission from Silvaco Inc.            #
#                                                                            #
# To obtain such permission please contact: Silvaco Inc.                     #
#                                           support@silvaco.com              #
#                                                                            #
# KEY=SVC86hn7562asdx                       PROD=345                         #
##############################################################################
y 3 700 711 15
z 0.0475 0.002 300
f 6 "source" "gate" "gateLB" "gate2" "gateRB" "drain" 
p 18 2 601 20 3 602 21 4 603 22 5 604 23 6 605 24 7 606 25 
d 0.000000000e+000 0.000000000e+000 -4.454372886e-016 5.000000000e-001 5.000000000e-001 0.000000000e+000 5.000000000e-001 5.000000000e-001 0.000000000e+000 0.000000000e+000 0.000000000e+000 0.000000000e+000 0.000000000e+000 0.000000000e+000 0.000000000e+000 1.000000000e+000 1.000000000e+000 9.490318371e-016 
d 0.000000000e+000 0.000000000e+000 -6.082878280e-016 2.500000000e-001 2.500000000e-001 0.000000000e+000 2.500000000e-001 2.500000000e-001 0.000000000e+000 0.000000000e+000 0.000000000e+000 0.000000000e+000 0.000000000e+000 0.000000000e+000 0.000000000e+000 1.000000000e+000 1.000000000e+000 7.015055930e-016 
d 0.000000000e+000 0.000000000e+000 -2.099086192e-014 0.000000000e+000 0.000000000e+000 0.000000000e+000 0.000000000e+000 0.000000000e+000 0.000000000e+000 0.000000000e+000 0.000000000e+000 0.000000000e+000 0.000000000e+000 0.000000000e+000 0.000000000e+000 1.000000000e+000 1.000000000e+000 1.009151553e-015 
d 0.000000000e+000 0.000000000e+000 -6.658348973e-016 1.000000000e-001 1.000000000e-001 0.000000000e+000 1.000000000e-001 1.000000000e-001 0.000000000e+000 0.000000000e+000 0.000000000e+000 0.000000000e+000 0.000000000e+000 0.000000000e+000 0.000000000e+000 1.000000000e+000 1.000000000e+000 7.428697374e-016 
d 0.000000000e+000 0.000000000e+000 -6.283537899e-016 2.000000000e-001 2.000000000e-001 0.000000000e+000 2.000000000e-001 2.000000000e-001 0.000000000e+000 0.000000000e+000 0.000000000e+000 0.000000000e+000 0.000000000e+000 0.000000000e+000 0.000000000e+000 1.000000000e+000 1.000000000e+000 9.899399276e-016 
d 0.000000000e+000 0.000000000e+000 -5.120348715e-016 3.000000000e-001 3.000000000e-001 0.000000000e+000 3.000000000e-001 3.000000000e-001 0.000000000e+000 0.000000000e+000 0.000000000e+000 0.000000000e+000 0.000000000e+000 0.000000000e+000 0.000000000e+000 1.000000000e+000 1.000000000e+000 6.856332626e-016 
d 0.000000000e+000 0.000000000e+000 -7.520884149e-016 4.000000000e-001 4.000000000e-001 0.000000000e+000 4.000000000e-001 4.000000000e-001 0.000000000e+000 0.000000000e+000 0.000000000e+000 0.000000000e+000 0.000000000e+000 0.000000000e+000 0.000000000e+000 1.000000000e+000 1.000000000e+000 7.104669319e-016 
d 0.000000000e+000 0.000000000e+000 -4.751761428e-016 5.000000000e-001 5.000000000e-001 0.000000000e+000 5.000000000e-001 5.000000000e-001 0.000000000e+000 0.000000000e+000 0.000000000e+000 0.000000000e+000 0.000000000e+000 0.000000000e+000 0.000000000e+000 1.000000000e+000 1.000000000e+000 7.165961094e-016 
d 0.000000000e+000 0.000000000e+000 -6.467090251e-016 6.000000000e-001 6.000000000e-001 0.000000000e+000 6.000000000e-001 6.000000000e-001 0.000000000e+000 0.000000000e+000 0.000000000e+000 0.000000000e+000 0.000000000e+000 0.000000000e+000 0.000000000e+000 1.000000000e+000 1.000000000e+000 8.535866326e-016 
d 0.000000000e+000 0.000000000e+000 -1.254502719e-015 7.000000000e-001 7.000000000e-001 0.000000000e+000 7.000000000e-001 7.000000000e-001 0.000000000e+000 0.000000000e+000 0.000000000e+000 0.000000000e+000 0.000000000e+000 0.000000000e+000 0.000000000e+000 1.000000000e+000 1.000000000e+000 1.218263411e-015 
d 0.000000000e+000 0.000000000e+000 -1.242731621e-015 8.000000000e-001 8.000000000e-001 0.000000000e+000 8.000000000e-001 8.000000000e-001 0.000000000e+000 0.000000000e+000 0.000000000e+000 0.000000000e+000 0.000000000e+000 0.000000000e+000 0.000000000e+000 1.000000000e+000 1.000000000e+000 8.625937743e-016 
d 0.000000000e+000 0.000000000e+000 -1.252120113e-015 9.000000000e-001 9.000000000e-001 0.000000000e+000 9.000000000e-001 9.000000000e-001 0.000000000e+000 0.000000000e+000 0.000000000e+000 0.000000000e+000 0.000000000e+000 0.000000000e+000 0.000000000e+000 1.000000000e+000 1.000000000e+000 1.313542276e-015 
d 0.000000000e+000 0.000000000e+000 -1.119822100e-015 1.000000000e+000 1.000000000e+000 0.000000000e+000 1.000000000e+000 1.000000000e+000 0.000000000e+000 0.000000000e+000 0.000000000e+000 0.000000000e+000 0.000000000e+000 0.000000000e+000 0.000000000e+000 1.000000000e+000 1.000000000e+000 9.730855325e-016 
