v ATLAS
# This file was created by ATLAS version 5.26.1.R on Wed Dec 29 17:31:29 2021.
#SSF 2.0 generic
##############################################################################
#                    Copyright (c) 1984 - 2018                               #
#                    Silvaco Inc. All rights reserved                        #
#                                                                            #
# This file format and the following Key are copyright Silvaco Inc.          #
# You may not use, this format or key without reproducing this message in    #
# full and obtaining express written permission from Silvaco Inc.            #
#                                                                            #
# To obtain such permission please contact: Silvaco Inc.                     #
#                                           support@silvaco.com              #
#                                                                            #
# KEY=SVC86hn7562asdx                       PROD=345                         #
##############################################################################
y 3 700 711 15
z 0.03 0.003 300
f 4 "gate" "drain" "source" "gate2" 
p 12 2 601 20 3 602 21 4 603 22 5 604 23 
d 0.000000000e+000 0.000000000e+000 0.000000000e+000 1.000000000e+000 1.000000000e+000 1.129677862e-016 0.000000000e+000 0.000000000e+000 4.601651188e-016 0.000000000e+000 0.000000000e+000 0.000000000e+000 
d 1.000000000e-001 1.000000000e-001 0.000000000e+000 1.000000000e+000 1.000000000e+000 -1.932466757e-017 0.000000000e+000 0.000000000e+000 2.800251813e-016 1.000000000e-001 1.000000000e-001 0.000000000e+000 
d 2.000000000e-001 2.000000000e-001 0.000000000e+000 1.000000000e+000 1.000000000e+000 1.942736158e-016 0.000000000e+000 0.000000000e+000 2.334286437e-016 2.000000000e-001 2.000000000e-001 0.000000000e+000 
d 3.000000000e-001 3.000000000e-001 0.000000000e+000 1.000000000e+000 1.000000000e+000 1.974252272e-016 0.000000000e+000 0.000000000e+000 3.940140912e-016 3.000000000e-001 3.000000000e-001 0.000000000e+000 
d 4.000000000e-001 4.000000000e-001 0.000000000e+000 1.000000000e+000 1.000000000e+000 1.248564355e-015 0.000000000e+000 0.000000000e+000 -3.981347124e-017 4.000000000e-001 4.000000000e-001 0.000000000e+000 
d 5.000000000e-001 5.000000000e-001 0.000000000e+000 1.000000000e+000 1.000000000e+000 8.995076458e-014 0.000000000e+000 0.000000000e+000 -9.032230676e-014 5.000000000e-001 5.000000000e-001 0.000000000e+000 
d 6.000000000e-001 6.000000000e-001 0.000000000e+000 1.000000000e+000 1.000000000e+000 2.702336837e-012 0.000000000e+000 0.000000000e+000 -2.701782181e-012 6.000000000e-001 6.000000000e-001 0.000000000e+000 
d 7.000000000e-001 7.000000000e-001 0.000000000e+000 1.000000000e+000 1.000000000e+000 3.992820812e-011 0.000000000e+000 0.000000000e+000 -3.992762671e-011 7.000000000e-001 7.000000000e-001 0.000000000e+000 
d 8.000000000e-001 8.000000000e-001 0.000000000e+000 1.000000000e+000 1.000000000e+000 3.524187638e-010 0.000000000e+000 0.000000000e+000 -3.524176990e-010 8.000000000e-001 8.000000000e-001 0.000000000e+000 
d 9.000000000e-001 9.000000000e-001 0.000000000e+000 1.000000000e+000 1.000000000e+000 2.129337544e-009 0.000000000e+000 0.000000000e+000 -2.129336532e-009 9.000000000e-001 9.000000000e-001 0.000000000e+000 
d 1.000000000e+000 1.000000000e+000 0.000000000e+000 1.000000000e+000 1.000000000e+000 9.665470313e-009 0.000000000e+000 0.000000000e+000 -9.665469053e-009 1.000000000e+000 1.000000000e+000 0.000000000e+000 
d 1.100000000e+000 1.100000000e+000 0.000000000e+000 1.000000000e+000 1.000000000e+000 3.517707850e-008 0.000000000e+000 0.000000000e+000 -3.517707742e-008 1.100000000e+000 1.100000000e+000 0.000000000e+000 
d 1.200000000e+000 1.200000000e+000 0.000000000e+000 1.000000000e+000 1.000000000e+000 1.073976678e-007 0.000000000e+000 0.000000000e+000 -1.073976679e-007 1.200000000e+000 1.200000000e+000 0.000000000e+000 
d 1.300000000e+000 1.300000000e+000 0.000000000e+000 1.000000000e+000 1.000000000e+000 2.827999461e-007 0.000000000e+000 0.000000000e+000 -2.827999470e-007 1.300000000e+000 1.300000000e+000 0.000000000e+000 
d 1.400000000e+000 1.400000000e+000 0.000000000e+000 1.000000000e+000 1.000000000e+000 6.492087808e-007 0.000000000e+000 0.000000000e+000 -6.492087808e-007 1.400000000e+000 1.400000000e+000 0.000000000e+000 
d 1.500000000e+000 1.500000000e+000 0.000000000e+000 1.000000000e+000 1.000000000e+000 1.316294734e-006 0.000000000e+000 0.000000000e+000 -1.316294734e-006 1.500000000e+000 1.500000000e+000 0.000000000e+000 
