v ATLAS
# This file was created by ATLAS version 5.26.1.R on Fri Dec 17 16:02:03 2021.
#SSF 2.0 generic
##############################################################################
#                    Copyright (c) 1984 - 2018                               #
#                    Silvaco Inc. All rights reserved                        #
#                                                                            #
# This file format and the following Key are copyright Silvaco Inc.          #
# You may not use, this format or key without reproducing this message in    #
# full and obtaining express written permission from Silvaco Inc.            #
#                                                                            #
# To obtain such permission please contact: Silvaco Inc.                     #
#                                           support@silvaco.com              #
#                                                                            #
# KEY=SVC86hn7562asdx                       PROD=345                         #
##############################################################################
y 3 700 711 15
z 0.06 0.003 300
f 4 "gate" "substrate" "drain" "source" 
p 12 2 601 20 3 602 21 4 603 22 5 604 23 
d 0.000000000e+000 0.000000000e+000 -1.001148859e-025 1.200000000e+000 1.200000000e+000 1.897827448e-033 1.200000000e+000 1.200000000e+000 4.252764874e-016 0.000000000e+000 0.000000000e+000 8.194023764e-017 
d 1.000000000e-001 1.000000000e-001 -3.381087276e-026 1.200000000e+000 1.200000000e+000 1.302294716e-033 1.200000000e+000 1.200000000e+000 1.795685987e-016 0.000000000e+000 0.000000000e+000 1.384155046e-016 
d 2.000000000e-001 2.000000000e-001 -9.259620472e-027 1.200000000e+000 1.200000000e+000 8.809931153e-034 1.200000000e+000 1.200000000e+000 1.554646293e-016 0.000000000e+000 0.000000000e+000 1.385917347e-016 
d 3.000000000e-001 3.000000000e-001 -1.612578845e-027 1.200000000e+000 1.200000000e+000 5.828458332e-034 1.200000000e+000 1.200000000e+000 1.578874778e-016 0.000000000e+000 0.000000000e+000 1.386961673e-016 
d 4.000000000e-001 4.000000000e-001 -1.567526844e-028 1.200000000e+000 1.200000000e+000 3.723525091e-034 1.200000000e+000 1.200000000e+000 1.511303186e-016 0.000000000e+000 0.000000000e+000 1.388626069e-016 
d 5.000000000e-001 5.000000000e-001 1.010279884e-037 1.200000000e+000 1.200000000e+000 2.288042921e-034 1.200000000e+000 1.200000000e+000 1.122103952e-016 0.000000000e+000 0.000000000e+000 1.389082961e-016 
d 6.000000000e-001 6.000000000e-001 1.762071869e-037 1.200000000e+000 1.200000000e+000 1.375345917e-034 1.200000000e+000 1.200000000e+000 9.082524294e-017 0.000000000e+000 0.000000000e+000 1.389017689e-016 
d 7.000000000e-001 7.000000000e-001 3.082231361e-037 1.200000000e+000 1.200000000e+000 8.164179944e-035 1.200000000e+000 1.200000000e+000 1.312659636e-016 0.000000000e+000 0.000000000e+000 1.390551544e-016 
d 8.000000000e-001 8.000000000e-001 5.419091847e-037 1.200000000e+000 1.200000000e+000 4.811213752e-035 1.200000000e+000 1.200000000e+000 1.169825558e-016 0.000000000e+000 0.000000000e+000 1.524127543e-016 
d 9.000000000e-001 9.000000000e-001 9.595128090e-037 1.200000000e+000 1.200000000e+000 2.823588024e-035 1.200000000e+000 1.200000000e+000 7.679090367e-017 0.000000000e+000 0.000000000e+000 1.392313844e-016 
d 1.000000000e+000 1.000000000e+000 1.714147197e-036 1.200000000e+000 1.200000000e+000 1.653389873e-035 1.200000000e+000 1.200000000e+000 5.289365964e-017 0.000000000e+000 0.000000000e+000 1.525857208e-016 
d 1.100000000e+000 1.100000000e+000 3.094847760e-036 1.200000000e+000 1.200000000e+000 9.671273095e-036 1.200000000e+000 1.200000000e+000 9.623645477e-017 0.000000000e+000 0.000000000e+000 1.393978239e-016 
d 1.200000000e+000 1.200000000e+000 5.655146222e-036 1.200000000e+000 1.200000000e+000 5.655141205e-036 1.200000000e+000 1.200000000e+000 9.363173763e-017 0.000000000e+000 0.000000000e+000 1.394598307e-016 
