v ATLAS
# This file was created by ATLAS version 5.26.1.R on Fri Dec 31 10:41:54 2021.
#SSF 2.0 generic
##############################################################################
#                    Copyright (c) 1984 - 2018                               #
#                    Silvaco Inc. All rights reserved                        #
#                                                                            #
# This file format and the following Key are copyright Silvaco Inc.          #
# You may not use, this format or key without reproducing this message in    #
# full and obtaining express written permission from Silvaco Inc.            #
#                                                                            #
# To obtain such permission please contact: Silvaco Inc.                     #
#                                           support@silvaco.com              #
#                                                                            #
# KEY=SVC86hn7562asdx                       PROD=345                         #
##############################################################################
y 3 700 711 15
z 0.07 0.002 200
f 4 "drain" "gate" "substrate" "source" 
p 12 2 601 20 3 602 21 4 603 22 5 604 23 
d 1.200000000e+000 1.200000000e+000 1.149317472e-018 1.125000000e+000 1.125000000e+000 0.000000000e+000 1.200000000e+000 1.200000000e+000 0.000000000e+000 0.000000000e+000 0.000000000e+000 6.200054102e-020 
d 1.200000000e+000 1.200000000e+000 8.860659842e-019 1.050000000e+000 1.050000000e+000 0.000000000e+000 1.200000000e+000 1.200000000e+000 0.000000000e+000 0.000000000e+000 0.000000000e+000 9.693353193e-019 
d 1.200000000e+000 1.200000000e+000 2.908607905e-018 9.000000000e-001 9.000000000e-001 0.000000000e+000 1.200000000e+000 1.200000000e+000 0.000000000e+000 0.000000000e+000 0.000000000e+000 -6.171963242e-019 
d 1.200000000e+000 1.200000000e+000 3.685520833e-018 6.000000000e-001 6.000000000e-001 0.000000000e+000 1.200000000e+000 1.200000000e+000 0.000000000e+000 0.000000000e+000 0.000000000e+000 -1.229577072e-018 
d 1.200000000e+000 1.200000000e+000 5.580851288e-018 0.000000000e+000 0.000000000e+000 0.000000000e+000 1.200000000e+000 1.200000000e+000 0.000000000e+000 0.000000000e+000 0.000000000e+000 6.806014082e-019 
d 1.200000000e+000 1.200000000e+000 4.014585193e-018 1.000000000e-001 1.000000000e-001 0.000000000e+000 1.200000000e+000 1.200000000e+000 0.000000000e+000 0.000000000e+000 0.000000000e+000 -4.606901041e-019 
d 1.200000000e+000 1.200000000e+000 3.889380217e-018 2.000000000e-001 2.000000000e-001 0.000000000e+000 1.200000000e+000 1.200000000e+000 0.000000000e+000 0.000000000e+000 0.000000000e+000 -6.741806402e-020 
d 1.200000000e+000 1.200000000e+000 4.876573297e-018 3.000000000e-001 3.000000000e-001 0.000000000e+000 1.200000000e+000 1.200000000e+000 0.000000000e+000 0.000000000e+000 0.000000000e+000 8.395154162e-019 
d 1.200000000e+000 1.200000000e+000 5.980945394e-018 4.000000000e-001 4.000000000e-001 0.000000000e+000 1.200000000e+000 1.200000000e+000 0.000000000e+000 0.000000000e+000 0.000000000e+000 -8.716192562e-019 
d 1.200000000e+000 1.200000000e+000 -2.494468369e-018 5.000000000e-001 5.000000000e-001 0.000000000e+000 1.200000000e+000 1.200000000e+000 0.000000000e+000 0.000000000e+000 0.000000000e+000 -4.992147121e-019 
d 1.200000000e+000 1.200000000e+000 6.574626200e-033 6.000000000e-001 6.000000000e-001 0.000000000e+000 1.200000000e+000 1.200000000e+000 0.000000000e+000 0.000000000e+000 0.000000000e+000 -5.200822081e-019 
d 1.200000000e+000 1.200000000e+000 1.194262848e-018 7.000000000e-001 7.000000000e-001 0.000000000e+000 1.200000000e+000 1.200000000e+000 0.000000000e+000 0.000000000e+000 0.000000000e+000 2.712774481e-019 
d 1.200000000e+000 1.200000000e+000 8.346998402e-018 8.000000000e-001 8.000000000e-001 0.000000000e+000 1.200000000e+000 1.200000000e+000 0.000000000e+000 0.000000000e+000 0.000000000e+000 4.679134681e-019 
d 1.200000000e+000 1.200000000e+000 3.569947009e-018 9.000000000e-001 9.000000000e-001 0.000000000e+000 1.200000000e+000 1.200000000e+000 0.000000000e+000 0.000000000e+000 0.000000000e+000 -1.189447272e-018 
d 1.200000000e+000 1.200000000e+000 5.258608993e-018 1.000000000e+000 1.000000000e+000 0.000000000e+000 1.200000000e+000 1.200000000e+000 0.000000000e+000 0.000000000e+000 0.000000000e+000 -4.273823701e-019 
d 1.200000000e+000 1.200000000e+000 2.568307201e-018 1.100000000e+000 1.100000000e+000 0.000000000e+000 1.200000000e+000 1.200000000e+000 0.000000000e+000 0.000000000e+000 0.000000000e+000 -1.452698760e-019 
d 1.200000000e+000 1.200000000e+000 4.918308289e-018 1.200000000e+000 1.200000000e+000 0.000000000e+000 1.200000000e+000 1.200000000e+000 0.000000000e+000 0.000000000e+000 0.000000000e+000 2.939507851e-020 
