v ATLAS
# This file was created by ATLAS version 5.26.1.R on Fri Dec 31 10:31:15 2021.
#SSF 2.0 generic
##############################################################################
#                    Copyright (c) 1984 - 2018                               #
#                    Silvaco Inc. All rights reserved                        #
#                                                                            #
# This file format and the following Key are copyright Silvaco Inc.          #
# You may not use, this format or key without reproducing this message in    #
# full and obtaining express written permission from Silvaco Inc.            #
#                                                                            #
# To obtain such permission please contact: Silvaco Inc.                     #
#                                           support@silvaco.com              #
#                                                                            #
# KEY=SVC86hn7562asdx                       PROD=345                         #
##############################################################################
y 3 700 711 15
z 0.07 0.002 200
f 4 "drain" "gate" "substrate" "source" 
p 12 2 601 20 3 602 21 4 603 22 5 604 23 
d 1.200000000e+000 1.200000000e+000 3.732272050e-018 0.000000000e+000 0.000000000e+000 0.000000000e+000 0.000000000e+000 0.000000000e+000 0.000000000e+000 0.000000000e+000 0.000000000e+000 -3.595630081e-019 
d 1.200000000e+000 1.200000000e+000 3.826376431e-018 1.000000000e-001 1.000000000e-001 0.000000000e+000 0.000000000e+000 0.000000000e+000 0.000000000e+000 0.000000000e+000 0.000000000e+000 -3.515370481e-019 
d 1.200000000e+000 1.200000000e+000 -1.724778804e-018 2.000000000e-001 2.000000000e-001 0.000000000e+000 0.000000000e+000 0.000000000e+000 0.000000000e+000 0.000000000e+000 0.000000000e+000 -8.459361842e-019 
d 1.200000000e+000 1.200000000e+000 -1.258470528e-018 3.000000000e-001 3.000000000e-001 0.000000000e+000 0.000000000e+000 0.000000000e+000 0.000000000e+000 0.000000000e+000 0.000000000e+000 -1.765711200e-020 
d 1.200000000e+000 1.200000000e+000 1.086714984e-018 3.500000000e-001 3.500000000e-001 0.000000000e+000 0.000000000e+000 0.000000000e+000 0.000000000e+000 0.000000000e+000 0.000000000e+000 1.637295840e-019 
d 1.200000000e+000 1.200000000e+000 2.770561393e-018 4.000000000e-001 4.000000000e-001 0.000000000e+000 0.000000000e+000 0.000000000e+000 0.000000000e+000 0.000000000e+000 0.000000000e+000 -2.664618721e-019 
d 1.200000000e+000 1.200000000e+000 1.669399680e-019 4.125000000e-001 4.125000000e-001 0.000000000e+000 0.000000000e+000 0.000000000e+000 0.000000000e+000 0.000000000e+000 0.000000000e+000 7.464142802e-019 
d 1.200000000e+000 1.200000000e+000 1.582719312e-018 4.187500000e-001 4.187500000e-001 0.000000000e+000 0.000000000e+000 0.000000000e+000 0.000000000e+000 0.000000000e+000 0.000000000e+000 -6.003418082e-019 
d 1.200000000e+000 1.200000000e+000 3.223225537e-018 4.250000000e-001 4.250000000e-001 0.000000000e+000 0.000000000e+000 0.000000000e+000 0.000000000e+000 0.000000000e+000 0.000000000e+000 4.558745281e-019 
d 1.200000000e+000 1.200000000e+000 6.838117922e-019 4.281250000e-001 4.281250000e-001 0.000000000e+000 0.000000000e+000 0.000000000e+000 0.000000000e+000 0.000000000e+000 0.000000000e+000 9.582996243e-019 
d 1.200000000e+000 1.200000000e+000 2.317897249e-018 4.312500000e-001 4.312500000e-001 0.000000000e+000 0.000000000e+000 0.000000000e+000 0.000000000e+000 0.000000000e+000 0.000000000e+000 3.868512721e-019 
d 1.200000000e+000 1.200000000e+000 1.890916177e-018 4.375000000e-001 4.375000000e-001 0.000000000e+000 0.000000000e+000 0.000000000e+000 0.000000000e+000 0.000000000e+000 0.000000000e+000 3.884564641e-019 
d 1.200000000e+000 1.200000000e+000 1.563457008e-018 4.500000000e-001 4.500000000e-001 0.000000000e+000 0.000000000e+000 0.000000000e+000 0.000000000e+000 0.000000000e+000 0.000000000e+000 -1.107582480e-019 
d 1.200000000e+000 1.200000000e+000 -9.053282882e-019 4.750000000e-001 4.750000000e-001 0.000000000e+000 0.000000000e+000 0.000000000e+000 0.000000000e+000 0.000000000e+000 0.000000000e+000 -2.632514881e-019 
d 1.200000000e+000 1.200000000e+000 2.378894545e-018 5.000000000e-001 5.000000000e-001 0.000000000e+000 0.000000000e+000 0.000000000e+000 0.000000000e+000 0.000000000e+000 0.000000000e+000 1.845970801e-019 
d 1.200000000e+000 1.200000000e+000 -1.001639808e-018 6.000000000e-001 6.000000000e-001 0.000000000e+000 0.000000000e+000 0.000000000e+000 0.000000000e+000 0.000000000e+000 0.000000000e+000 3.081968641e-019 
d 1.200000000e+000 1.200000000e+000 2.138115745e-018 7.000000000e-001 7.000000000e-001 0.000000000e+000 0.000000000e+000 0.000000000e+000 0.000000000e+000 0.000000000e+000 0.000000000e+000 2.648566801e-019 
d 1.200000000e+000 1.200000000e+000 -8.282790722e-019 8.000000000e-001 8.000000000e-001 0.000000000e+000 0.000000000e+000 0.000000000e+000 0.000000000e+000 0.000000000e+000 0.000000000e+000 1.201486212e-018 
d 1.200000000e+000 1.200000000e+000 -1.020902112e-018 9.000000000e-001 9.000000000e-001 0.000000000e+000 0.000000000e+000 0.000000000e+000 0.000000000e+000 0.000000000e+000 0.000000000e+000 -3.531422401e-020 
d 1.200000000e+000 1.200000000e+000 3.210384001e-019 1.000000000e+000 1.000000000e+000 0.000000000e+000 0.000000000e+000 0.000000000e+000 0.000000000e+000 0.000000000e+000 0.000000000e+000 -6.681611702e-019 
d 1.200000000e+000 1.200000000e+000 1.669399680e-019 1.100000000e+000 1.100000000e+000 0.000000000e+000 0.000000000e+000 0.000000000e+000 0.000000000e+000 0.000000000e+000 0.000000000e+000 -1.532958360e-019 
d 1.200000000e+000 1.200000000e+000 -6.420768002e-019 1.200000000e+000 1.200000000e+000 0.000000000e+000 0.000000000e+000 0.000000000e+000 0.000000000e+000 0.000000000e+000 0.000000000e+000 2.093772316e-019 
