v ATLAS
# This file was created by ATLAS version 5.26.1.R on Sat Jan 01 10:27:09 2022.
#SSF 2.0 generic
##############################################################################
#                    Copyright (c) 1984 - 2018                               #
#                    Silvaco Inc. All rights reserved                        #
#                                                                            #
# This file format and the following Key are copyright Silvaco Inc.          #
# You may not use, this format or key without reproducing this message in    #
# full and obtaining express written permission from Silvaco Inc.            #
#                                                                            #
# To obtain such permission please contact: Silvaco Inc.                     #
#                                           support@silvaco.com              #
#                                                                            #
# KEY=SVC86hn7562asdx                       PROD=345                         #
##############################################################################
y 1 15
z 300
f 4 "source" "drain" "gate1" "gate2" 
p 12 2 601 20 3 602 21 4 603 22 5 604 23 
d 0.000000000e+000 0.000000000e+000 -2.036397905e-011 6.000000000e-001 6.000000000e-001 2.036397402e-011 0.000000000e+000 0.000000000e+000 0.000000000e+000 0.000000000e+000 0.000000000e+000 0.000000000e+000 
d 0.000000000e+000 0.000000000e+000 -1.072181886e-010 6.000000000e-001 6.000000000e-001 1.072181882e-010 5.000000000e-002 5.000000000e-002 0.000000000e+000 5.000000000e-002 5.000000000e-002 0.000000000e+000 
d 0.000000000e+000 0.000000000e+000 -5.589081377e-010 6.000000000e-001 6.000000000e-001 5.589081643e-010 1.000000000e-001 1.000000000e-001 0.000000000e+000 1.000000000e-001 1.000000000e-001 0.000000000e+000 
d 0.000000000e+000 0.000000000e+000 -2.870700123e-009 6.000000000e-001 6.000000000e-001 2.870700089e-009 1.500000000e-001 1.500000000e-001 0.000000000e+000 1.500000000e-001 1.500000000e-001 0.000000000e+000 
d 0.000000000e+000 0.000000000e+000 -1.451277724e-008 6.000000000e-001 6.000000000e-001 1.451277709e-008 2.000000000e-001 2.000000000e-001 0.000000000e+000 2.000000000e-001 2.000000000e-001 0.000000000e+000 
d 0.000000000e+000 0.000000000e+000 -7.143601911e-008 6.000000000e-001 6.000000000e-001 7.143601915e-008 2.500000000e-001 2.500000000e-001 0.000000000e+000 2.500000000e-001 2.500000000e-001 0.000000000e+000 
d 0.000000000e+000 0.000000000e+000 -3.419509107e-007 6.000000000e-001 6.000000000e-001 3.419508912e-007 3.000000000e-001 3.000000000e-001 0.000000000e+000 3.000000000e-001 3.000000000e-001 0.000000000e+000 
d 0.000000000e+000 0.000000000e+000 -1.572164701e-006 6.000000000e-001 6.000000000e-001 1.572164708e-006 3.500000000e-001 3.500000000e-001 0.000000000e+000 3.500000000e-001 3.500000000e-001 0.000000000e+000 
d 0.000000000e+000 0.000000000e+000 -6.509247686e-006 6.000000000e-001 6.000000000e-001 6.509247642e-006 4.000000000e-001 4.000000000e-001 0.000000000e+000 4.000000000e-001 4.000000000e-001 0.000000000e+000 
d 0.000000000e+000 0.000000000e+000 -2.316874088e-005 6.000000000e-001 6.000000000e-001 2.316874127e-005 4.500000000e-001 4.500000000e-001 0.000000000e+000 4.500000000e-001 4.500000000e-001 0.000000000e+000 
d 0.000000000e+000 0.000000000e+000 -7.074361347e-005 6.000000000e-001 6.000000000e-001 7.074361333e-005 5.000000000e-001 5.000000000e-001 0.000000000e+000 5.000000000e-001 5.000000000e-001 0.000000000e+000 
d 0.000000000e+000 0.000000000e+000 -1.791432235e-004 6.000000000e-001 6.000000000e-001 1.791432235e-004 5.500000000e-001 5.500000000e-001 0.000000000e+000 5.500000000e-001 5.500000000e-001 0.000000000e+000 
d 0.000000000e+000 0.000000000e+000 -3.712356594e-004 6.000000000e-001 6.000000000e-001 3.712356549e-004 6.000000000e-001 6.000000000e-001 0.000000000e+000 6.000000000e-001 6.000000000e-001 0.000000000e+000 
d 0.000000000e+000 0.000000000e+000 -6.630653291e-004 6.000000000e-001 6.000000000e-001 6.630653291e-004 6.500000000e-001 6.500000000e-001 0.000000000e+000 6.500000000e-001 6.500000000e-001 0.000000000e+000 
d 0.000000000e+000 0.000000000e+000 -1.050587076e-003 6.000000000e-001 6.000000000e-001 1.050587076e-003 7.000000000e-001 7.000000000e-001 0.000000000e+000 7.000000000e-001 7.000000000e-001 0.000000000e+000 
d 0.000000000e+000 0.000000000e+000 -1.520944878e-003 6.000000000e-001 6.000000000e-001 1.520944878e-003 7.500000000e-001 7.500000000e-001 0.000000000e+000 7.500000000e-001 7.500000000e-001 0.000000000e+000 
d 0.000000000e+000 0.000000000e+000 -2.066257779e-003 6.000000000e-001 6.000000000e-001 2.066257779e-003 8.000000000e-001 8.000000000e-001 0.000000000e+000 8.000000000e-001 8.000000000e-001 0.000000000e+000 
d 0.000000000e+000 0.000000000e+000 -2.652929412e-003 6.000000000e-001 6.000000000e-001 2.652929412e-003 8.500000000e-001 8.500000000e-001 0.000000000e+000 8.500000000e-001 8.500000000e-001 0.000000000e+000 
d 0.000000000e+000 0.000000000e+000 -3.347112557e-003 6.000000000e-001 6.000000000e-001 3.347112557e-003 9.000000000e-001 9.000000000e-001 0.000000000e+000 9.000000000e-001 9.000000000e-001 0.000000000e+000 
d 0.000000000e+000 0.000000000e+000 -4.050938716e-003 6.000000000e-001 6.000000000e-001 4.050938716e-003 9.500000000e-001 9.500000000e-001 0.000000000e+000 9.500000000e-001 9.500000000e-001 0.000000000e+000 
d 0.000000000e+000 0.000000000e+000 -4.881409991e-003 6.000000000e-001 6.000000000e-001 4.881409991e-003 1.000000000e+000 1.000000000e+000 0.000000000e+000 1.000000000e+000 1.000000000e+000 0.000000000e+000 
